= Host-specific information ====================================================
$> hostname; uname -msr
e2r11p12.clusters.42paris.fr
Linux 5.15.0-52-generic x86_64
$> date
Fri Nov 18 06:39:17 PM CET 2022
$> gcc --version
gcc (Ubuntu 10.4.0-4ubuntu1~22.04) 10.4.0
Copyright (C) 2020 Free Software Foundation, Inc.
This is free software; see the source for copying conditions.  There is NO
warranty; not even for MERCHANTABILITY or FITNESS FOR A PARTICULAR PURPOSE.

$> clang --version
Ubuntu clang version 12.0.1-19ubuntu3
Target: x86_64-pc-linux-gnu
Thread model: posix
InstalledDir: /usr/bin

= libft.h=======================================================================
$> norminette libft.h | grep -E '(Error|Warning)'
/mnt/nfs/homes/casomarr/Documents/test hors git/libft_18_11/warmachine/dirlibft/libft.h: Error!
Error: INVALID_HEADER       (line:   1, col:   1):	Missing or invalid 42 header
Error: PREPROC_BAD_INDENT   (line:   3, col:   1):	Bad preprocessor indentation
Error: PREPROC_BAD_INDENT   (line:   5, col:   1):	Bad preprocessor indentation
Error: PREPROC_BAD_INDENT   (line:   6, col:   1):	Bad preprocessor indentation
Error: PREPROC_BAD_INDENT   (line:   7, col:   1):	Bad preprocessor indentation
Error: PREPROC_BAD_INDENT   (line:   8, col:   1):	Bad preprocessor indentation
Error: PREPROC_BAD_INDENT   (line:   9, col:   1):	Bad preprocessor indentation
Error: PREPROC_BAD_INDENT   (line:  10, col:   1):	Bad preprocessor indentation
Error: SPACE_REPLACE_TAB    (line:  12, col:   4):	Found space when expecting tab
Error: SPACE_REPLACE_TAB    (line:  13, col:   5):	Found space when expecting tab
Error: EXP_PARENTHESIS      (line:  13, col:  14):	Expected parenthesis
Error: SPACE_REPLACE_TAB    (line:  14, col:   5):	Found space when expecting tab
Error: SPACE_REPLACE_TAB    (line:  15, col:   4):	Found space when expecting tab
Error: SPACE_REPLACE_TAB    (line:  16, col:   4):	Found space when expecting tab
Error: SPACE_REPLACE_TAB    (line:  17, col:   4):	Found space when expecting tab
Error: SPACE_REPLACE_TAB    (line:  18, col:   4):	Found space when expecting tab
Error: SPACE_REPLACE_TAB    (line:  19, col:   4):	Found space when expecting tab
Error: SPACE_REPLACE_TAB    (line:  20, col:   5):	Found space when expecting tab
Error: SPACE_REPLACE_TAB    (line:  21, col:   4):	Found space when expecting tab
Error: SPACE_REPLACE_TAB    (line:  22, col:   5):	Found space when expecting tab
Error: SPACE_REPLACE_TAB    (line:  23, col:   5):	Found space when expecting tab
Error: SPACE_REPLACE_TAB    (line:  24, col:   5):	Found space when expecting tab
Error: SPACE_REPLACE_TAB    (line:  25, col:   5):	Found space when expecting tab
Error: SPACE_REPLACE_TAB    (line:  26, col:   7):	Found space when expecting tab
Error: SPACE_REPLACE_TAB    (line:  27, col:   7):	Found space when expecting tab
Error: SPACE_REPLACE_TAB    (line:  28, col:   7):	Found space when expecting tab
Error: SPACE_REPLACE_TAB    (line:  29, col:   4):	Found space when expecting tab
Error: SPACE_REPLACE_TAB    (line:  30, col:   5):	Found space when expecting tab
Error: SPACE_REPLACE_TAB    (line:  31, col:   5):	Found space when expecting tab
Error: SPACE_REPLACE_TAB    (line:  32, col:   4):	Found space when expecting tab
Error: EXP_PARENTHESIS      (line:  32, col:  15):	Expected parenthesis
Error: SPACE_REPLACE_TAB    (line:  33, col:   4):	Found space when expecting tab
Error: EXP_PARENTHESIS      (line:  33, col:  15):	Expected parenthesis
Error: SPACE_REPLACE_TAB    (line:  35, col:   5):	Found space when expecting tab
Error: SPACE_REPLACE_TAB    (line:  36, col:   5):	Found space when expecting tab
Error: SPACE_REPLACE_TAB    (line:  37, col:   5):	Found space when expecting tab
Error: SPACE_REPLACE_TAB    (line:  38, col:   5):	Found space when expecting tab
Error: SPACE_REPLACE_TAB    (line:  39, col:   5):	Found space when expecting tab
Error: SPACE_REPLACE_TAB    (line:  40, col:   5):	Found space when expecting tab
Error: SPACE_REPLACE_TAB    (line:  41, col:   5):	Found space when expecting tab
Norme check failed

= Compiling libft ==============================================================
$> make re
/bin/rm -f libft.a
cc    -c -o ft_isalpha.o ft_isalpha.c
cc    -c -o ft_isdigit.o ft_isdigit.c
cc    -c -o ft_isalnum.o ft_isalnum.c
cc    -c -o ft_isascii.o ft_isascii.c
cc    -c -o ft_isprint.o ft_isprint.c
cc    -c -o ft_strlen.o ft_strlen.c
cc    -c -o ft_memset.o ft_memset.c
cc    -c -o ft_bzero.o ft_bzero.c
cc    -c -o ft_memcpy.o ft_memcpy.c
cc    -c -o ft_strlcpy.o ft_strlcpy.c
cc    -c -o ft_strlcat.o ft_strlcat.c
cc    -c -o ft_toupper.o ft_toupper.c
cc    -c -o ft_tolower.o ft_tolower.c
cc    -c -o ft_strchr.o ft_strchr.c
cc    -c -o ft_strrchr.o ft_strrchr.c
cc    -c -o ft_strncmp.o ft_strncmp.c
cc    -c -o ft_memchr.o ft_memchr.c
cc    -c -o ft_memcmp.o ft_memcmp.c
cc    -c -o ft_strnstr.o ft_strnstr.c
cc    -c -o ft_atoi.o ft_atoi.c
cc    -c -o ft_calloc.o ft_calloc.c
cc    -c -o ft_strdup.o ft_strdup.c
cc    -c -o ft_memmove.o ft_memmove.c
ar rc libft.a ft_isalpha.o ft_isdigit.o ft_isalnum.o ft_isdigit.o ft_isascii.o ft_isprint.o ft_strlen.o ft_memset.o ft_bzero.o ft_memcpy.o ft_strlcpy.o ft_strlcat.o ft_toupper.o ft_tolower.o ft_strchr.o ft_strrchr.o ft_strncmp.o ft_memchr.o ft_memcmp.o ft_strnstr.o ft_atoi.o ft_calloc.o ft_strdup.o ft_memmove.o 

$> make bonus
make: *** No rule to make target 'bonus'.  Stop.

$> ls -la libft.a
-rw-r--r-- 1 casomarr 2022_paris 28492 Nov 18 18:39 /mnt/nfs/homes/casomarr/Documents/test hors git/libft_18_11/warmachine/dirlibft/libft.a

= Part1_functions ==============================================================

= ft_memset.c ==================================================================
$> norminette ft_memset.c | grep -E '(Error|Warning)'
/mnt/nfs/homes/casomarr/Documents/test hors git/libft_18_11/ft_memset.c: Error!
Error: CONSECUTIVE_NEWLINES (line:  13, col:   1):	Consecutive newlines
Error: LINE_TOO_LONG        (line:  18, col:   1):	line too long
Error: LINE_TOO_LONG        (line:  18, col: 151):	line too long
Error: SPACE_BEFORE_FUNC    (line:  20, col:   5):	space before function name
Error: TOO_FEW_TAB          (line:  22, col:   1):	Missing tabs for indent level
Error: SPACE_REPLACE_TAB    (line:  22, col:   5):	Found space when expecting tab
Error: SPACE_REPLACE_TAB    (line:  22, col:  22):	Found space when expecting tab
Error: NL_AFTER_VAR_DECL    (line:  23, col:   1):	Variable declarations must be followed by a newline
Error: SPACE_REPLACE_TAB    (line:  23, col:   5):	Found space when expecting tab
Error: EMPTY_LINE_FUNCTION  (line:  24, col:   1):	Empty line in function
Error: TOO_FEW_TAB          (line:  25, col:   1):	Missing tabs for indent level
Error: SPACE_REPLACE_TAB    (line:  25, col:   5):	Found space when expecting tab
Error: TOO_FEW_TAB          (line:  26, col:   1):	Missing tabs for indent level
Error: SPACE_EMPTY_LINE     (line:  26, col:   5):	Space on empty line
Error: SPACE_REPLACE_TAB    (line:  27, col:   9):	Found space when expecting tab
Error: SPACE_REPLACE_TAB    (line:  28, col:   9):	Found space when expecting tab
Error: TOO_FEW_TAB          (line:  29, col:   1):	Missing tabs for indent level
Error: SPACE_EMPTY_LINE     (line:  29, col:   5):	Space on empty line
Error: TOO_FEW_TAB          (line:  30, col:   1):	Missing tabs for indent level
Error: SPACE_AFTER_KW       (line:  30, col:   5):	Missing space after keyword
Error: SPACE_REPLACE_TAB    (line:  30, col:   5):	Found space when expecting tab
Error: SPC_BFR_PAR          (line:  30, col:  11):	Missing space before parenthesis (brace/bracket)
Norme check failed
$> clang -Wextra -Wall -Werror -g3 -fsanitize=address ft_memset.c main.c libft.a -o user_exe

= Test 1 ===================================================
$> ./user_exe 01
$> diff -U 3 user_output_test01 test01.output

Diff OK :D
= Test 2 ===================================================
$> ./user_exe 02
$> diff -U 3 user_output_test02 test02.output

Diff OK :D
= Test 3 ===================================================
$> ./user_exe 03
$> diff -U 3 user_output_test03 test03.output

Diff OK :D
= Test 4 ===================================================
$> ./user_exe 04
$> diff -U 3 user_output_test04 test04.output

Diff OK :D

= ft_bzero.c ===================================================================
$> norminette ft_bzero.c | grep -E '(Error|Warning)'
/mnt/nfs/homes/casomarr/Documents/test hors git/libft_18_11/ft_bzero.c: Error!
Error: CONSECUTIVE_NEWLINES (line:  13, col:   1):	Consecutive newlines
Error: SPACE_BEFORE_FUNC    (line:  17, col:   5):	space before function name
Error: EXP_PARENTHESIS      (line:  17, col:  14):	Expected parenthesis
Error: TOO_FEW_TAB          (line:  19, col:   1):	Missing tabs for indent level
Error: SPACE_REPLACE_TAB    (line:  19, col:   5):	Found space when expecting tab
Error: SPACE_REPLACE_TAB    (line:  19, col:   8):	Found space when expecting tab
Error: SPACE_REPLACE_TAB    (line:  21, col:   5):	Found space when expecting tab
Error: SPACE_EMPTY_LINE     (line:  22, col:   5):	Space on empty line
Error: WRONG_SCOPE_COMMENT  (line:  22, col:   5):	Comment is invalid in this scope
Error: TOO_FEW_TAB          (line:  23, col:   1):	Missing tabs for indent level
Error: SPACE_REPLACE_TAB    (line:  23, col:   5):	Found space when expecting tab
Error: TOO_FEW_TAB          (line:  24, col:   1):	Missing tabs for indent level
Error: SPACE_EMPTY_LINE     (line:  24, col:   5):	Space on empty line
Error: SPACE_REPLACE_TAB    (line:  25, col:   9):	Found space when expecting tab
Error: SPACE_REPLACE_TAB    (line:  26, col:   9):	Found space when expecting tab
Error: TOO_FEW_TAB          (line:  27, col:   1):	Missing tabs for indent level
Error: SPACE_EMPTY_LINE     (line:  27, col:   5):	Space on empty line
Norme check failed
$> clang -Wextra -Wall -Werror -g3 -fsanitize=address ft_bzero.c main.c libft.a -o user_exe

/mnt/nfs/homes/casomarr/Documents/test hors git/libft_18_11/warmachine/dirlibft//ft_bzero.c:23:14: error: comparison of integers of different signs: 'int' and 'size_t' (aka 'unsigned long') [-Werror,-Wsign-compare]
    while (i < n)
           ~ ^ ~
1 error generated.

= ft_calloc.c ==================================================================
$> norminette ft_calloc.c | grep -E '(Error|Warning)'
/mnt/nfs/homes/casomarr/Documents/test hors git/libft_18_11/ft_calloc.c: Error!
Error: SPACE_BEFORE_FUNC    (line:  15, col:   5):	space before function name
Error: TOO_FEW_TAB          (line:  17, col:   1):	Missing tabs for indent level
Error: SPACE_REPLACE_TAB    (line:  17, col:   5):	Found space when expecting tab
Error: CONSECUTIVE_SPC      (line:  17, col:   9):	Two or more consecutives spaces
Error: SPACE_REPLACE_TAB    (line:  17, col:   9):	Found space when expecting tab
Error: SPC_BEFORE_NL        (line:  17, col:  18):	Space before newline
Error: SPACE_EMPTY_LINE     (line:  18, col:   1):	Space on empty line
Error: SPACE_REPLACE_TAB    (line:  19, col:   5):	Found space when expecting tab
Error: SPC_BEFORE_NL        (line:  19, col:  50):	Space before newline
Error: TOO_FEW_TAB          (line:  20, col:   1):	Missing tabs for indent level
Error: SPACE_REPLACE_TAB    (line:  20, col:   5):	Found space when expecting tab
Error: WRONG_SCOPE_COMMENT  (line:  20, col:  22):	Comment is invalid in this scope
Error: WRONG_SCOPE_COMMENT  (line:  20, col:  22):	Comment is invalid in this scope
Error: TOO_FEW_TAB          (line:  21, col:   1):	Missing tabs for indent level
Error: SPACE_REPLACE_TAB    (line:  21, col:   9):	Found space when expecting tab
Error: SPC_BEFORE_NL        (line:  21, col:  23):	Space before newline
Error: TOO_FEW_TAB          (line:  22, col:   1):	Missing tabs for indent level
Error: SPACE_REPLACE_TAB    (line:  22, col:   5):	Found space when expecting tab
Error: SPC_BEFORE_NL        (line:  22, col:  51):	Space before newline
Error: TOO_FEW_TAB          (line:  23, col:   1):	Missing tabs for indent level
Error: SPACE_REPLACE_TAB    (line:  23, col:   9):	Found space when expecting tab
Error: SPC_BEFORE_NL        (line:  23, col:  22):	Space before newline
Error: EMPTY_LINE_FUNCTION  (line:  24, col:   1):	Empty line in function
Error: LINE_TOO_LONG        (line:  27, col:   1):	line too long
Error: LINE_TOO_LONG        (line:  27, col:   1):	line too long
Norme check failed
$> clang -Wextra -Wall -Werror -g3 -fsanitize=address ft_calloc.c main.c libft.a -o user_exe

= Test 1 ===================================================
$> ./user_exe 01
$> diff -U 3 user_output_test01 test01.output

Diff OK :D

= ft_memcpy.c ==================================================================
$> norminette ft_memcpy.c | grep -E '(Error|Warning)'
/mnt/nfs/homes/casomarr/Documents/test hors git/libft_18_11/ft_memcpy.c: Error!
Error: CONSECUTIVE_NEWLINES (line:  13, col:   1):	Consecutive newlines
Error: SPACE_BEFORE_FUNC    (line:  17, col:   5):	space before function name
Error: LINE_TOO_LONG        (line:  19, col:   1):	line too long
Error: SPACE_EMPTY_LINE     (line:  19, col:   5):	Space on empty line
Error: WRONG_SCOPE_COMMENT  (line:  19, col:   5):	Comment is invalid in this scope
Error: LINE_TOO_LONG        (line:  19, col:  89):	line too long
Error: TOO_FEW_TAB          (line:  20, col:   1):	Missing tabs for indent level
Error: VAR_DECL_START_FUNC  (line:  20, col:   1):	Variable declaration not at start of function
Error: SPACE_REPLACE_TAB    (line:  20, col:   5):	Found space when expecting tab
Error: SPACE_REPLACE_TAB    (line:  20, col:  22):	Found space when expecting tab
Error: SPACE_REPLACE_TAB    (line:  22, col:   5):	Found space when expecting tab
Error: EMPTY_LINE_FUNCTION  (line:  23, col:   1):	Empty line in function
Error: TOO_FEW_TAB          (line:  24, col:   1):	Missing tabs for indent level
Error: SPACE_REPLACE_TAB    (line:  24, col:   5):	Found space when expecting tab
Error: TOO_FEW_TAB          (line:  25, col:   1):	Missing tabs for indent level
Error: SPACE_EMPTY_LINE     (line:  25, col:   5):	Space on empty line
Error: LINE_TOO_LONG        (line:  26, col:   1):	line too long
Error: LINE_TOO_LONG        (line:  26, col:   1):	line too long
Error: SPACE_EMPTY_LINE     (line:  26, col:   9):	Space on empty line
Error: WRONG_SCOPE_COMMENT  (line:  26, col:   9):	Comment is invalid in this scope
Error: EMPTY_LINE_FUNCTION  (line:  29, col:   1):	Empty line in function
Error: SPACE_EMPTY_LINE     (line:  29, col:   1):	Space on empty line
Error: SPACE_REPLACE_TAB    (line:  30, col:   9):	Found space when expecting tab
Error: SPACE_REPLACE_TAB    (line:  31, col:   9):	Found space when expecting tab
Error: TOO_FEW_TAB          (line:  32, col:   1):	Missing tabs for indent level
Error: SPACE_EMPTY_LINE     (line:  32, col:   5):	Space on empty line
Error: EMPTY_LINE_FUNCTION  (line:  33, col:   1):	Empty line in function
Error: TOO_FEW_TAB          (line:  34, col:   1):	Missing tabs for indent level
Error: SPACE_AFTER_KW       (line:  34, col:   5):	Missing space after keyword
Error: SPACE_REPLACE_TAB    (line:  34, col:   5):	Found space when expecting tab
Error: SPC_BFR_PAR          (line:  34, col:  11):	Missing space before parenthesis (brace/bracket)
Norme check failed
$> clang -Wextra -Wall -Werror -g3 -fsanitize=address ft_memcpy.c main.c libft.a -o user_exe

= Test 1 ===================================================
$> ./user_exe 01
$> diff -U 3 user_output_test01 test01.output

Diff OK :D
= Test 2 ===================================================
$> ./user_exe 02
$> diff -U 3 user_output_test02 test02.output

Diff OK :D
= Test 3 ===================================================
$> ./user_exe 03
$> diff -U 3 user_output_test03 test03.output

Diff OK :D

= ft_memmove.c =================================================================
$> norminette ft_memmove.c | grep -E '(Error|Warning)'
/mnt/nfs/homes/casomarr/Documents/test hors git/libft_18_11/ft_memmove.c: Error!
Error: CONSECUTIVE_NEWLINES (line:  13, col:   1):	Consecutive newlines
Error: LINE_TOO_LONG        (line:  16, col:   1):	line too long
Error: LINE_TOO_LONG        (line:  16, col:   1):	line too long
Error: LINE_TOO_LONG        (line:  16, col:   1):	line too long
Error: SPACE_BEFORE_FUNC    (line:  21, col:   5):	space before function name
Error: TOO_FEW_TAB          (line:  23, col:   1):	Missing tabs for indent level
Error: SPACE_REPLACE_TAB    (line:  23, col:   5):	Found space when expecting tab
Error: SPACE_REPLACE_TAB    (line:  23, col:  22):	Found space when expecting tab
Error: LINE_TOO_LONG        (line:  24, col:   1):	line too long
Error: SPACE_EMPTY_LINE     (line:  24, col:   5):	Space on empty line
Error: WRONG_SCOPE_COMMENT  (line:  24, col:   5):	Comment is invalid in this scope
Error: LINE_TOO_LONG        (line:  24, col: 117):	line too long
Error: SPACE_EMPTY_LINE     (line:  25, col:   5):	Space on empty line
Error: WRONG_SCOPE_COMMENT  (line:  25, col:   5):	Comment is invalid in this scope
Error: TOO_FEW_TAB          (line:  26, col:   1):	Missing tabs for indent level
Error: VAR_DECL_START_FUNC  (line:  26, col:   1):	Variable declaration not at start of function
Error: SPACE_REPLACE_TAB    (line:  26, col:   5):	Found space when expecting tab
Error: SPACE_REPLACE_TAB    (line:  26, col:   9):	Found space when expecting tab
Error: MISALIGNED_VAR_DECL  (line:  26, col:  10):	Misaligned variable declaration
Error: SPACE_REPLACE_TAB    (line:  28, col:   5):	Found space when expecting tab
Error: TOO_FEW_TAB          (line:  29, col:   1):	Missing tabs for indent level
Error: SPACE_REPLACE_TAB    (line:  29, col:   5):	Found space when expecting tab
Error: TOO_FEW_TAB          (line:  30, col:   1):	Missing tabs for indent level
Error: SPACE_EMPTY_LINE     (line:  30, col:   5):	Space on empty line
Error: SPACE_EMPTY_LINE     (line:  31, col:   9):	Space on empty line
Error: WRONG_SCOPE_COMMENT  (line:  31, col:   9):	Comment is invalid in this scope
Error: SPACE_REPLACE_TAB    (line:  32, col:   9):	Found space when expecting tab
Error: SPACE_EMPTY_LINE     (line:  33, col:   9):	Space on empty line
Error: WRONG_SCOPE_COMMENT  (line:  33, col:   9):	Comment is invalid in this scope
Error: SPACE_REPLACE_TAB    (line:  34, col:   9):	Found space when expecting tab
Error: SPACE_REPLACE_TAB    (line:  35, col:   9):	Found space when expecting tab
Error: TOO_FEW_TAB          (line:  36, col:   1):	Missing tabs for indent level
Error: SPACE_EMPTY_LINE     (line:  36, col:   5):	Space on empty line
Error: TOO_FEW_TAB          (line:  37, col:   1):	Missing tabs for indent level
Error: SPACE_AFTER_KW       (line:  37, col:   5):	Missing space after keyword
Error: SPACE_REPLACE_TAB    (line:  37, col:   5):	Found space when expecting tab
Error: SPC_BFR_PAR          (line:  37, col:  11):	Missing space before parenthesis (brace/bracket)
Error: CONSECUTIVE_NEWLINES (line:  40, col:   1):	Consecutive newlines
Norme check failed
$> clang -Wextra -Wall -Werror -g3 -fsanitize=address ft_memmove.c main.c libft.a -o user_exe

= Test 1 ===================================================
$> ./user_exe 01
$> diff -U 3 user_output_test01 test01.output

Diff OK :D
= Test 2 ===================================================
$> ./user_exe 02
$> diff -U 3 user_output_test02 test02.output

Diff OK :D
= Test 3 ===================================================
$> ./user_exe 03
$> diff -U 3 user_output_test03 test03.output
--- "/mnt/nfs/homes/casomarr/Documents/test hors git/libft_18_11/warmachine/tests/Part1_functions/ft_memmove/user_output_test03"	2022-11-18 18:39:21.790784102 +0100$
+++ "/mnt/nfs/homes/casomarr/Documents/test hors git/libft_18_11/warmachine/tests/Part1_functions/ft_memmove/test03.output"	2022-11-18 18:31:43.773032501 +0100$
@@ -1 +1 @@$
-llllllllum dolor sit a$
\ No newline at end of file$
+lorem ipum dolor sit a$
\ No newline at end of file$

Diff KO :(
= Test 4 ===================================================
$> ./user_exe 04
$> diff -U 3 user_output_test04 test04.output

Diff OK :D
= Test 5 ===================================================
$> ./user_exe 05
$> diff -U 3 user_output_test05 test05.output

Diff OK :D

= ft_memchr.c ==================================================================
$> norminette ft_memchr.c | grep -E '(Error|Warning)'
/mnt/nfs/homes/casomarr/Documents/test hors git/libft_18_11/ft_memchr.c: Error!
Error: CONSECUTIVE_NEWLINES (line:  13, col:   1):	Consecutive newlines
Error: SPACE_BEFORE_FUNC    (line:  16, col:   5):	space before function name
Error: TOO_FEW_TAB          (line:  18, col:   1):	Missing tabs for indent level
Error: SPACE_REPLACE_TAB    (line:  18, col:   5):	Found space when expecting tab
Error: SPACE_REPLACE_TAB    (line:  18, col:  11):	Found space when expecting tab
Error: SPACE_REPLACE_TAB    (line:  20, col:   5):	Found space when expecting tab
Error: TOO_FEW_TAB          (line:  21, col:   1):	Missing tabs for indent level
Error: SPACE_REPLACE_TAB    (line:  21, col:   5):	Found space when expecting tab
Error: TOO_FEW_TAB          (line:  22, col:   1):	Missing tabs for indent level
Error: SPACE_EMPTY_LINE     (line:  22, col:   5):	Space on empty line
Error: TOO_FEW_TAB          (line:  23, col:   1):	Missing tabs for indent level
Error: SPACE_REPLACE_TAB    (line:  23, col:   9):	Found space when expecting tab
Error: LINE_TOO_LONG        (line:  23, col:  36):	line too long
Error: WRONG_SCOPE_COMMENT  (line:  23, col:  36):	Comment is invalid in this scope
Error: WRONG_SCOPE_COMMENT  (line:  23, col:  36):	Comment is invalid in this scope
Error: LINE_TOO_LONG        (line:  23, col: 133):	line too long
Error: TOO_FEW_TAB          (line:  24, col:   1):	Missing tabs for indent level
Error: SPACE_EMPTY_LINE     (line:  24, col:   9):	Space on empty line
Error: TOO_FEW_TAB          (line:  25, col:   1):	Missing tabs for indent level
Error: SPACE_REPLACE_TAB    (line:  25, col:  13):	Found space when expecting tab
Error: LINE_TOO_LONG        (line:  25, col:  41):	line too long
Error: WRONG_SCOPE_COMMENT  (line:  25, col:  41):	Comment is invalid in this scope
Error: WRONG_SCOPE_COMMENT  (line:  25, col:  41):	Comment is invalid in this scope
Error: LINE_TOO_LONG        (line:  25, col: 142):	line too long
Error: TOO_FEW_TAB          (line:  26, col:   1):	Missing tabs for indent level
Error: SPACE_EMPTY_LINE     (line:  26, col:   9):	Space on empty line
Error: SPACE_REPLACE_TAB    (line:  27, col:   9):	Found space when expecting tab
Error: TOO_FEW_TAB          (line:  28, col:   1):	Missing tabs for indent level
Error: SPACE_EMPTY_LINE     (line:  28, col:   5):	Space on empty line
Error: TOO_FEW_TAB          (line:  29, col:   1):	Missing tabs for indent level
Error: SPACE_REPLACE_TAB    (line:  29, col:   5):	Found space when expecting tab
Error: CONSECUTIVE_NEWLINES (line:  32, col:   1):	Consecutive newlines
Error: CONSECUTIVE_NEWLINES (line:  37, col:   1):	Consecutive newlines
Norme check failed
$> clang -Wextra -Wall -Werror -g3 -fsanitize=address ft_memchr.c main.c libft.a -o user_exe

= Test 1 ===================================================
$> ./user_exe 01
$> diff -U 3 user_output_test01 test01.output

Diff OK :D
= Test 2 ===================================================
$> ./user_exe 02
$> diff -U 3 user_output_test02 test02.output

Diff OK :D
= Test 3 ===================================================
$> ./user_exe 03
$> diff -U 3 user_output_test03 test03.output

Diff OK :D
= Test 4 ===================================================
$> ./user_exe 04
$> diff -U 3 user_output_test04 test04.output

Diff OK :D
= Test 5 ===================================================
$> ./user_exe 05
$> diff -U 3 user_output_test05 test05.output

Diff OK :D
= Test 6 ===================================================
$> ./user_exe 06
$> diff -U 3 user_output_test06 test06.output

Diff OK :D

= ft_memcmp.c ==================================================================
$> norminette ft_memcmp.c | grep -E '(Error|Warning)'
/mnt/nfs/homes/casomarr/Documents/test hors git/libft_18_11/ft_memcmp.c: Error!
Error: SPACE_BEFORE_FUNC    (line:  18, col:   4):	space before function name
Error: TOO_FEW_TAB          (line:  20, col:   1):	Missing tabs for indent level
Error: SPACE_REPLACE_TAB    (line:  20, col:   5):	Found space when expecting tab
Error: SPACE_REPLACE_TAB    (line:  20, col:  11):	Found space when expecting tab
Error: SPACE_REPLACE_TAB    (line:  22, col:   5):	Found space when expecting tab
Error: TOO_FEW_TAB          (line:  23, col:   1):	Missing tabs for indent level
Error: SPACE_REPLACE_TAB    (line:  23, col:   5):	Found space when expecting tab
Error: TOO_FEW_TAB          (line:  24, col:   1):	Missing tabs for indent level
Error: SPACE_AFTER_KW       (line:  24, col:   9):	Missing space after keyword
Error: SPACE_REPLACE_TAB    (line:  24, col:   9):	Found space when expecting tab
Error: SPC_BFR_PAR          (line:  24, col:  15):	Missing space before parenthesis (brace/bracket)
Error: TOO_FEW_TAB          (line:  25, col:   1):	Missing tabs for indent level
Error: SPACE_REPLACE_TAB    (line:  25, col:   5):	Found space when expecting tab
Error: SPACE_REPLACE_TAB    (line:  26, col:   9):	Found space when expecting tab
Error: TOO_FEW_TAB          (line:  27, col:   1):	Missing tabs for indent level
Error: SPACE_REPLACE_TAB    (line:  27, col:   5):	Found space when expecting tab
Error: TOO_FEW_TAB          (line:  28, col:   1):	Missing tabs for indent level
Error: SPACE_REPLACE_TAB    (line:  28, col:   9):	Found space when expecting tab
Error: SPACE_EMPTY_LINE     (line:  29, col:   5):	Space on empty line
Error: WRONG_SCOPE_COMMENT  (line:  29, col:   5):	Comment is invalid in this scope
Error: TOO_FEW_TAB          (line:  30, col:   1):	Missing tabs for indent level
Error: SPACE_EMPTY_LINE     (line:  30, col:   5):	Space on empty line
Error: TOO_FEW_TAB          (line:  31, col:   1):	Missing tabs for indent level
Error: SPACE_REPLACE_TAB    (line:  31, col:   9):	Found space when expecting tab
Error: LINE_TOO_LONG        (line:  38, col:   1):	line too long
Norme check failed
$> clang -Wextra -Wall -Werror -g3 -fsanitize=address ft_memcmp.c main.c libft.a -o user_exe

= Test 1 ===================================================
$> ./user_exe 01
$> diff -U 3 user_output_test01 test01.output

Diff OK :D
= Test 2 ===================================================
$> ./user_exe 02
$> diff -U 3 user_output_test02 test02.output

Diff OK :D
= Test 3 ===================================================
$> ./user_exe 03
$> diff -U 3 user_output_test03 test03.output

Diff OK :D
= Test 4 ===================================================
$> ./user_exe 04
$> diff -U 3 user_output_test04 test04.output

Diff OK :D
= Test 5 ===================================================
$> ./user_exe 05
$> diff -U 3 user_output_test05 test05.output

Diff OK :D
= Test 6 ===================================================
$> ./user_exe 06
$> diff -U 3 user_output_test06 test06.output

Diff OK :D
= Test 7 ===================================================
$> ./user_exe 07
$> diff -U 3 user_output_test07 test07.output
--- "/mnt/nfs/homes/casomarr/Documents/test hors git/libft_18_11/warmachine/tests/Part1_functions/ft_memcmp/user_output_test07"	2022-11-18 18:39:23.235792783 +0100$
+++ "/mnt/nfs/homes/casomarr/Documents/test hors git/libft_18_11/warmachine/tests/Part1_functions/ft_memcmp/test07.output"	2022-11-18 18:31:43.752032375 +0100$
@@ -1 +1 @@$
--1$
\ No newline at end of file$
+0$
\ No newline at end of file$

Diff KO :(
= Test 8 ===================================================
$> ./user_exe 08
$> diff -U 3 user_output_test08 test08.output

Diff OK :D
= Test 9 ===================================================
$> ./user_exe 09
$> diff -U 3 user_output_test09 test09.output

Diff OK :D

= ft_strlen.c ==================================================================
$> norminette ft_strlen.c | grep -E '(Error|Warning)'
/mnt/nfs/homes/casomarr/Documents/test hors git/libft_18_11/ft_strlen.c: Error!
Error: CONSECUTIVE_NEWLINES (line:  13, col:   1):	Consecutive newlines
Error: SPACE_BEFORE_FUNC    (line:  17, col:   7):	space before function name
Norme check failed
$> clang -Wextra -Wall -Werror -g3 -fsanitize=address ft_strlen.c main.c libft.a -o user_exe

= Test 1 ===================================================
$> ./user_exe 01
$> diff -U 3 user_output_test01 test01.output

Diff OK :D
= Test 2 ===================================================
$> ./user_exe 02
$> diff -U 3 user_output_test02 test02.output

Diff OK :D
= Test 3 ===================================================
$> ./user_exe 03
$> diff -U 3 user_output_test03 test03.output

Diff OK :D
= Test 4 ===================================================
$> ./user_exe 04
$> diff -U 3 user_output_test04 test04.output

Diff OK :D
= Test 5 ===================================================
$> ./user_exe 05
$> diff -U 3 user_output_test05 test05.output

Diff OK :D
= Test 6 ===================================================
$> ./user_exe 06
$> diff -U 3 user_output_test06 test06.output

Diff OK :D

= ft_strdup.c ==================================================================
$> norminette ft_strdup.c | grep -E '(Error|Warning)'
/mnt/nfs/homes/casomarr/Documents/test hors git/libft_18_11/ft_strdup.c: Error!
Error: CONSECUTIVE_NEWLINES (line:  13, col:   1):	Consecutive newlines
Error: SPC_BEFORE_NL        (line:  22, col:  47):	Space before newline
Error: WRONG_SCOPE_COMMENT  (line:  29, col:   5):	Comment is invalid in this scope
Norme check failed
$> clang -Wextra -Wall -Werror -g3 -fsanitize=address ft_strdup.c main.c libft.a -o user_exe

Forbidden function call in 'ft_strdup.c':
Ustrlen@GLIBC_2.2.5

= Test 1 ===================================================
$> ./user_exe 01
$> diff -U 3 user_output_test01 test01.output
--- "/mnt/nfs/homes/casomarr/Documents/test hors git/libft_18_11/warmachine/tests/Part1_functions/ft_strdup/user_output_test01"	2022-11-18 18:39:24.453800101 +0100$
+++ "/mnt/nfs/homes/casomarr/Documents/test hors git/libft_18_11/warmachine/tests/Part1_functions/ft_strdup/test01.output"	2022-11-18 18:31:43.847032946 +0100$
@@ -0,0 +1 @@$
+lorem ipsum dolor sit amet$
\ No newline at end of file$

Diff KO :(

= ft_strlcat.c =================================================================
$> norminette ft_strlcat.c | grep -E '(Error|Warning)'
/mnt/nfs/homes/casomarr/Documents/test hors git/libft_18_11/ft_strlcat.c: Error!
Error: CONSECUTIVE_NEWLINES (line:  13, col:   1):	Consecutive newlines
Error: SPC_BEFORE_NL        (line:  42, col:  24):	Space before newline
Error: CONSECUTIVE_NEWLINES (line:  45, col:   1):	Consecutive newlines
Norme check failed
$> clang -Wextra -Wall -Werror -g3 -fsanitize=address ft_strlcat.c main.c libft.a -o user_exe

= Test 1 ===================================================
$> ./user_exe 01
$> diff -U 3 user_output_test01 test01.output

Diff OK :D
= Test 2 ===================================================
$> ./user_exe 02
$> diff -U 3 user_output_test02 test02.output

Diff OK :D
= Test 3 ===================================================
$> ./user_exe 03
$> diff -U 3 user_output_test03 test03.output

Diff OK :D
= Test 4 ===================================================
$> ./user_exe 04
$> diff -U 3 user_output_test04 test04.output

Diff OK :D
= Test 5 ===================================================
$> ./user_exe 05
$> diff -U 3 user_output_test05 test05.output

Diff OK :D
= Test 6 ===================================================
$> ./user_exe 06
$> diff -U 3 user_output_test06 test06.output

Diff OK :D
= Test 7 ===================================================
$> ./user_exe 07
$> diff -U 3 user_output_test07 test07.output
--- "/mnt/nfs/homes/casomarr/Documents/test hors git/libft_18_11/warmachine/tests/Part1_functions/ft_strlcat/user_output_test07"	2022-11-18 18:39:25.563806769 +0100$
+++ "/mnt/nfs/homes/casomarr/Documents/test hors git/libft_18_11/warmachine/tests/Part1_functions/ft_strlcat/test07.output"	2022-11-18 18:31:43.864033048 +0100$
@@ -0,0 +1,2 @@$
+31$
+rrrrrrrrrrrrrrr$
\ No newline at end of file$

Diff KO :(
= Test 8 ===================================================
$> ./user_exe 08
$> diff -U 3 user_output_test08 test08.output

Diff OK :D
= Test 9 ===================================================
$> ./user_exe 09
$> diff -U 3 user_output_test09 test09.output

Diff OK :D

= ft_strlcpy.c =================================================================
$> norminette ft_strlcpy.c | grep -E '(Error|Warning)'
/mnt/nfs/homes/casomarr/Documents/test hors git/libft_18_11/ft_strlcpy.c: Error!
Error: CONSECUTIVE_NEWLINES (line:  13, col:   1):	Consecutive newlines
Error: SPACE_BEFORE_FUNC    (line:  18, col:   7):	space before function name
Error: WRONG_SCOPE_COMMENT  (line:  20, col:   5):	Comment is invalid in this scope
Error: VAR_DECL_START_FUNC  (line:  21, col:   1):	Variable declaration not at start of function
Error: SPACE_REPLACE_TAB    (line:  21, col:  11):	Found space when expecting tab
Error: WRONG_SCOPE_COMMENT  (line:  24, col:  17):	Comment is invalid in this scope
Error: WRONG_SCOPE_COMMENT  (line:  24, col:  17):	Comment is invalid in this scope
Error: SPACE_AFTER_KW       (line:  26, col:   9):	Missing space after keyword
Error: SPC_BFR_PAR          (line:  26, col:  14):	Missing space before parenthesis (brace/bracket)
Error: EMPTY_LINE_FUNCTION  (line:  29, col:   1):	Empty line in function
Error: WRONG_SCOPE_COMMENT  (line:  39, col:  17):	Comment is invalid in this scope
Error: WRONG_SCOPE_COMMENT  (line:  39, col:  17):	Comment is invalid in this scope
Norme check failed
$> clang -Wextra -Wall -Werror -g3 -fsanitize=address ft_strlcpy.c main.c libft.a -o user_exe

= Test 1 ===================================================
$> ./user_exe 01
$> diff -U 3 user_output_test01 test01.output

Diff OK :D
= Test 2 ===================================================
$> ./user_exe 02
$> diff -U 3 user_output_test02 test02.output

Diff OK :D
= Test 3 ===================================================
$> ./user_exe 03
$> diff -U 3 user_output_test03 test03.output
Binary files /mnt/nfs/homes/casomarr/Documents/test hors git/libft_18_11/warmachine/tests/Part1_functions/ft_strlcpy/user_output_test03 and /mnt/nfs/homes/casomarr/Documents/test hors git/libft_18_11/warmachine/tests/Part1_functions/ft_strlcpy/test03.output differ$

Diff KO :(
= Test 4 ===================================================
$> ./user_exe 04
$> diff -U 3 user_output_test04 test04.output
Binary files /mnt/nfs/homes/casomarr/Documents/test hors git/libft_18_11/warmachine/tests/Part1_functions/ft_strlcpy/user_output_test04 and /mnt/nfs/homes/casomarr/Documents/test hors git/libft_18_11/warmachine/tests/Part1_functions/ft_strlcpy/test04.output differ$

Diff KO :(
= Test 5 ===================================================
$> ./user_exe 05
$> diff -U 3 user_output_test05 test05.output

Diff OK :D

= ft_strchr.c ==================================================================
$> norminette ft_strchr.c | grep -E '(Error|Warning)'
/mnt/nfs/homes/casomarr/Documents/test hors git/libft_18_11/ft_strchr.c: Error!
Error: CONSECUTIVE_NEWLINES (line:  13, col:   1):	Consecutive newlines
Error: LINE_TOO_LONG        (line:  17, col:   1):	line too long
Error: CONSECUTIVE_NEWLINES (line:  24, col:   1):	Consecutive newlines
Error: SPACE_BEFORE_FUNC    (line:  25, col:   5):	space before function name
Error: TOO_FEW_TAB          (line:  27, col:   1):	Missing tabs for indent level
Error: SPACE_REPLACE_TAB    (line:  27, col:   5):	Found space when expecting tab
Error: SPACE_REPLACE_TAB    (line:  27, col:   8):	Found space when expecting tab
Error: TOO_FEW_TAB          (line:  28, col:   1):	Missing tabs for indent level
Error: SPACE_REPLACE_TAB    (line:  28, col:   5):	Found space when expecting tab
Error: SPACE_REPLACE_TAB    (line:  28, col:   9):	Found space when expecting tab
Error: MISALIGNED_VAR_DECL  (line:  28, col:  10):	Misaligned variable declaration
Error: LINE_TOO_LONG        (line:  29, col:   1):	line too long
Error: SPACE_EMPTY_LINE     (line:  29, col:   5):	Space on empty line
Error: WRONG_SCOPE_COMMENT  (line:  29, col:   5):	Comment is invalid in this scope
Error: LINE_TOO_LONG        (line:  29, col: 141):	line too long
Error: EMPTY_LINE_FUNCTION  (line:  30, col:   1):	Empty line in function
Error: SPACE_EMPTY_LINE     (line:  31, col:   5):	Space on empty line
Error: WRONG_SCOPE_COMMENT  (line:  31, col:   5):	Comment is invalid in this scope
Error: EMPTY_LINE_FUNCTION  (line:  35, col:   1):	Empty line in function
Error: SPACE_EMPTY_LINE     (line:  36, col:   5):	Space on empty line
Error: WRONG_SCOPE_COMMENT  (line:  36, col:   5):	Comment is invalid in this scope
Error: SPACE_REPLACE_TAB    (line:  37, col:   5):	Found space when expecting tab
Error: EMPTY_LINE_FUNCTION  (line:  38, col:   1):	Empty line in function
Error: WRONG_SCOPE_COMMENT  (line:  39, col:   1):	Comment is invalid in this scope
Error: WRONG_SCOPE_COMMENT  (line:  40, col:   1):	Comment is invalid in this scope
Error: TOO_FEW_TAB          (line:  41, col:   1):	Missing tabs for indent level
Error: SPACE_REPLACE_TAB    (line:  41, col:   5):	Found space when expecting tab
Error: SPACE_REPLACE_TAB    (line:  42, col:   9):	Found space when expecting tab
Error: EMPTY_LINE_FUNCTION  (line:  43, col:   1):	Empty line in function
Error: TOO_FEW_TAB          (line:  44, col:   1):	Missing tabs for indent level
Error: SPACE_REPLACE_TAB    (line:  44, col:   5):	Found space when expecting tab
Error: TOO_FEW_TAB          (line:  45, col:   1):	Missing tabs for indent level
Error: SPACE_EMPTY_LINE     (line:  45, col:   9):	Space on empty line
Error: SPACE_REPLACE_TAB    (line:  46, col:  13):	Found space when expecting tab
Error: LINE_TOO_LONG        (line:  46, col:  43):	line too long
Error: WRONG_SCOPE_COMMENT  (line:  46, col:  43):	Comment is invalid in this scope
Error: WRONG_SCOPE_COMMENT  (line:  46, col:  43):	Comment is invalid in this scope
Error: LINE_TOO_LONG        (line:  46, col: 145):	line too long
Error: SPACE_EMPTY_LINE     (line:  47, col:  13):	Space on empty line
Error: WRONG_SCOPE_COMMENT  (line:  47, col:  13):	Comment is invalid in this scope
Error: TOO_FEW_TAB          (line:  48, col:   1):	Missing tabs for indent level
Error: SPACE_AFTER_KW       (line:  48, col:  13):	Missing space after keyword
Error: SPACE_REPLACE_TAB    (line:  48, col:  13):	Found space when expecting tab
Error: SPC_BFR_PAR          (line:  48, col:  19):	Missing space before parenthesis (brace/bracket)
Error: TOO_FEW_TAB          (line:  49, col:   1):	Missing tabs for indent level
Error: SPACE_EMPTY_LINE     (line:  49, col:   9):	Space on empty line
Error: WRONG_SCOPE_COMMENT  (line:  50, col:   1):	Comment is invalid in this scope
Error: SPACE_REPLACE_TAB    (line:  51, col:   5):	Found space when expecting tab
Error: TOO_FEW_TAB          (line:  52, col:   1):	Missing tabs for indent level
Error: SPACE_REPLACE_TAB    (line:  52, col:   5):	Found space when expecting tab
Error: SPACE_EMPTY_LINE     (line:  53, col:   5):	Space on empty line
Error: WRONG_SCOPE_COMMENT  (line:  53, col:   5):	Comment is invalid in this scope
Error: SPACE_REPLACE_TAB    (line:  54, col:   9):	Found space when expecting tab
Error: EMPTY_LINE_FUNCTION  (line:  55, col:   1):	Empty line in function
Error: TOO_FEW_TAB          (line:  56, col:   1):	Missing tabs for indent level
Error: SPACE_REPLACE_TAB    (line:  56, col:   5):	Found space when expecting tab
Error: SPACE_EMPTY_LINE     (line:  57, col:   5):	Space on empty line
Error: WRONG_SCOPE_COMMENT  (line:  57, col:   5):	Comment is invalid in this scope
Error: TOO_FEW_TAB          (line:  58, col:   1):	Missing tabs for indent level
Error: SPACE_REPLACE_TAB    (line:  58, col:   5):	Found space when expecting tab
Error: CONSECUTIVE_SPC      (line:  58, col:   6):	Two or more consecutives spaces
Error: SPC_BEFORE_NL        (line:  58, col:  24):	Space before newline
Error: SPACE_EMPTY_LINE     (line:  59, col:   9):	Space on empty line
Error: WRONG_SCOPE_COMMENT  (line:  59, col:   9):	Comment is invalid in this scope
Error: SPACE_REPLACE_TAB    (line:  60, col:   9):	Found space when expecting tab
Error: SPC_BEFORE_NL        (line:  60, col:  34):	Space before newline
Error: EMPTY_LINE_FUNCTION  (line:  61, col:   1):	Empty line in function
Error: LINE_TOO_LONG        (line:  62, col:   1):	line too long
Error: SPACE_EMPTY_LINE     (line:  62, col:   5):	Space on empty line
Error: WRONG_SCOPE_COMMENT  (line:  62, col:   5):	Comment is invalid in this scope
Error: EMPTY_LINE_FUNCTION  (line:  65, col:   1):	Empty line in function
Error: SPACE_EMPTY_LINE     (line:  65, col:   1):	Space on empty line
Error: LINE_TOO_LONG        (line:  65, col:  82):	line too long
Error: TOO_FEW_TAB          (line:  66, col:   1):	Missing tabs for indent level
Error: SPACE_AFTER_KW       (line:  66, col:   9):	Missing space after keyword
Error: SPACE_REPLACE_TAB    (line:  66, col:   9):	Found space when expecting tab
Error: SPC_BFR_PAR          (line:  66, col:  15):	Missing space before parenthesis (brace/bracket)
Error: TOO_FEW_TAB          (line:  67, col:   1):	Missing tabs for indent level
Error: SPACE_EMPTY_LINE     (line:  67, col:   5):	Space on empty line
Error: TOO_FEW_TAB          (line:  68, col:   1):	Missing tabs for indent level
Error: SPACE_EMPTY_LINE     (line:  68, col:   5):	Space on empty line
Error: TOO_FEW_TAB          (line:  69, col:   1):	Missing tabs for indent level
Error: SPACE_AFTER_KW       (line:  69, col:   9):	Missing space after keyword
Error: SPACE_REPLACE_TAB    (line:  69, col:   9):	Found space when expecting tab
Error: SPC_BFR_PAR          (line:  69, col:  15):	Missing space before parenthesis (brace/bracket)
Error: TOO_MANY_LINES       (line:  70, col:   1):	Function has more than 25 lines
Error: CONSECUTIVE_NEWLINES (line:  72, col:   1):	Consecutive newlines
Error: LINE_TOO_LONG        (line:  73, col:   1):	line too long
Norme check failed
$> clang -Wextra -Wall -Werror -g3 -fsanitize=address ft_strchr.c main.c libft.a -o user_exe

= Test 1 ===================================================
$> ./user_exe 01
$> diff -U 3 user_output_test01 test01.output

Diff OK :D
= Test 2 ===================================================
$> ./user_exe 02
$> diff -U 3 user_output_test02 test02.output

Diff OK :D
= Test 3 ===================================================
$> ./user_exe 03
$> diff -U 3 user_output_test03 test03.output

Diff OK :D
= Test 4 ===================================================
$> ./user_exe 04
$> diff -U 3 user_output_test04 test04.output

Diff OK :D
= Test 5 ===================================================
$> ./user_exe 05
$> diff -U 3 user_output_test05 test05.output

Diff OK :D
= Test 6 ===================================================
$> ./user_exe 06
$> diff -U 3 user_output_test06 test06.output

Diff OK :D

= ft_strrchr.c =================================================================
$> norminette ft_strrchr.c | grep -E '(Error|Warning)'
/mnt/nfs/homes/casomarr/Documents/test hors git/libft_18_11/ft_strrchr.c: Error!
Error: CONSECUTIVE_NEWLINES (line:  13, col:   1):	Consecutive newlines
Error: SPACE_BEFORE_FUNC    (line:  16, col:   5):	space before function name
Error: TOO_FEW_TAB          (line:  18, col:   1):	Missing tabs for indent level
Error: SPACE_REPLACE_TAB    (line:  18, col:   5):	Found space when expecting tab
Error: SPACE_REPLACE_TAB    (line:  18, col:   8):	Found space when expecting tab
Error: TOO_FEW_TAB          (line:  19, col:   1):	Missing tabs for indent level
Error: SPACE_REPLACE_TAB    (line:  19, col:   5):	Found space when expecting tab
Error: SPACE_REPLACE_TAB    (line:  19, col:   9):	Found space when expecting tab
Error: MISALIGNED_VAR_DECL  (line:  19, col:  10):	Misaligned variable declaration
Error: SPACE_REPLACE_TAB    (line:  21, col:   5):	Found space when expecting tab
Error: EMPTY_LINE_FUNCTION  (line:  22, col:   1):	Empty line in function
Error: WRONG_SCOPE_COMMENT  (line:  23, col:   1):	Comment is invalid in this scope
Error: WRONG_SCOPE_COMMENT  (line:  24, col:   1):	Comment is invalid in this scope
Error: TOO_FEW_TAB          (line:  25, col:   1):	Missing tabs for indent level
Error: SPACE_REPLACE_TAB    (line:  25, col:   5):	Found space when expecting tab
Error: SPACE_REPLACE_TAB    (line:  26, col:   9):	Found space when expecting tab
Error: EMPTY_LINE_FUNCTION  (line:  27, col:   1):	Empty line in function
Error: TOO_FEW_TAB          (line:  28, col:   1):	Missing tabs for indent level
Error: SPACE_REPLACE_TAB    (line:  28, col:   5):	Found space when expecting tab
Error: TOO_FEW_TAB          (line:  29, col:   1):	Missing tabs for indent level
Error: SPACE_EMPTY_LINE     (line:  29, col:   9):	Space on empty line
Error: SPACE_REPLACE_TAB    (line:  30, col:  13):	Found space when expecting tab
Error: TOO_FEW_TAB          (line:  31, col:   1):	Missing tabs for indent level
Error: SPACE_AFTER_KW       (line:  31, col:  13):	Missing space after keyword
Error: SPACE_REPLACE_TAB    (line:  31, col:  13):	Found space when expecting tab
Error: SPC_BFR_PAR          (line:  31, col:  19):	Missing space before parenthesis (brace/bracket)
Error: TOO_FEW_TAB          (line:  32, col:   1):	Missing tabs for indent level
Error: SPACE_EMPTY_LINE     (line:  32, col:   9):	Space on empty line
Error: WRONG_SCOPE_COMMENT  (line:  33, col:   1):	Comment is invalid in this scope
Error: WRONG_SCOPE_COMMENT  (line:  34, col:   1):	Comment is invalid in this scope
Error: TOO_FEW_TAB          (line:  35, col:   1):	Missing tabs for indent level
Error: SPACE_REPLACE_TAB    (line:  35, col:   5):	Found space when expecting tab
Error: TOO_FEW_TAB          (line:  36, col:   1):	Missing tabs for indent level
Error: SPACE_EMPTY_LINE     (line:  36, col:   5):	Space on empty line
Error: TOO_FEW_TAB          (line:  37, col:   1):	Missing tabs for indent level
Error: SPACE_REPLACE_TAB    (line:  37, col:   9):	Found space when expecting tab
Error: TOO_FEW_TAB          (line:  38, col:   1):	Missing tabs for indent level
Error: SPACE_EMPTY_LINE     (line:  38, col:   9):	Space on empty line
Error: SPACE_REPLACE_TAB    (line:  39, col:  17):	Found space when expecting tab
Error: TOO_FEW_TAB          (line:  40, col:   1):	Missing tabs for indent level
Error: SPACE_AFTER_KW       (line:  40, col:  17):	Missing space after keyword
Error: SPACE_REPLACE_TAB    (line:  40, col:  17):	Found space when expecting tab
Error: SPC_BFR_PAR          (line:  40, col:  23):	Missing space before parenthesis (brace/bracket)
Error: TOO_FEW_TAB          (line:  41, col:   1):	Missing tabs for indent level
Error: SPACE_EMPTY_LINE     (line:  41, col:   9):	Space on empty line
Error: SPACE_REPLACE_TAB    (line:  42, col:   9):	Found space when expecting tab
Error: TOO_FEW_TAB          (line:  43, col:   1):	Missing tabs for indent level
Error: SPACE_EMPTY_LINE     (line:  43, col:   5):	Space on empty line
Error: WRONG_SCOPE_COMMENT  (line:  44, col:   1):	Comment is invalid in this scope
Error: WRONG_SCOPE_COMMENT  (line:  45, col:   1):	Comment is invalid in this scope
Error: TOO_FEW_TAB          (line:  46, col:   1):	Missing tabs for indent level
Error: SPACE_AFTER_KW       (line:  46, col:   5):	Missing space after keyword
Error: SPACE_REPLACE_TAB    (line:  46, col:   5):	Found space when expecting tab
Error: SPC_BFR_PAR          (line:  46, col:  11):	Missing space before parenthesis (brace/bracket)
Error: TOO_MANY_LINES       (line:  47, col:   1):	Function has more than 25 lines
Norme check failed
$> clang -Wextra -Wall -Werror -g3 -fsanitize=address ft_strrchr.c main.c libft.a -o user_exe

= Test 1 ===================================================
$> ./user_exe 01
$> diff -U 3 user_output_test01 test01.output
--- "/mnt/nfs/homes/casomarr/Documents/test hors git/libft_18_11/warmachine/tests/Part1_functions/ft_strrchr/user_output_test01"	2022-11-18 18:39:28.120822131 +0100$
+++ "/mnt/nfs/homes/casomarr/Documents/test hors git/libft_18_11/warmachine/tests/Part1_functions/ft_strrchr/test01.output"	2022-11-18 18:31:43.997033847 +0100$
@@ -1 +1 @@$
-NULL$
\ No newline at end of file$
+bonjour$
\ No newline at end of file$

Diff KO :(
= Test 2 ===================================================
$> ./user_exe 02
$> diff -U 3 user_output_test02 test02.output

Diff OK :D
= Test 3 ===================================================
$> ./user_exe 03
$> diff -U 3 user_output_test03 test03.output

Diff OK :D
= Test 4 ===================================================
$> ./user_exe 04
$> diff -U 3 user_output_test04 test04.output

Diff OK :D
= Test 5 ===================================================
$> ./user_exe 05
$> diff -U 3 user_output_test05 test05.output

Diff OK :D
= Test 6 ===================================================
$> ./user_exe 06
$> diff -U 3 user_output_test06 test06.output

Diff OK :D
= Test 7 ===================================================
$> ./user_exe 07
$> diff -U 3 user_output_test07 test07.output

Diff OK :D
= Test 8 ===================================================
$> ./user_exe 08
$> diff -U 3 user_output_test08 test08.output

Diff OK :D

= ft_strnstr.c =================================================================
$> norminette ft_strnstr.c | grep -E '(Error|Warning)'
/mnt/nfs/homes/casomarr/Documents/test hors git/libft_18_11/ft_strnstr.c: Error!
Error: CONSECUTIVE_NEWLINES (line:  13, col:   1):	Consecutive newlines
Error: SPACE_BEFORE_FUNC    (line:  16, col:   5):	space before function name
Error: LINE_TOO_LONG        (line:  24, col:  33):	line too long
Error: WRONG_SCOPE_COMMENT  (line:  24, col:  33):	Comment is invalid in this scope
Error: WRONG_SCOPE_COMMENT  (line:  24, col:  33):	Comment is invalid in this scope
Error: LINE_TOO_LONG        (line:  24, col:  98):	line too long
Error: SPACE_REPLACE_TAB    (line:  34, col:   9):	Found space when expecting tab
Norme check failed
$> clang -Wextra -Wall -Werror -g3 -fsanitize=address ft_strnstr.c main.c libft.a -o user_exe

/mnt/nfs/homes/casomarr/Documents/test hors git/libft_18_11/warmachine/dirlibft//ft_strnstr.c:27:17: error: comparison of integers of different signs: 'int' and 'size_t' (aka 'unsigned long') [-Werror,-Wsign-compare]
        while ((i + j) <= n)
                ~~~~~  ^  ~
1 error generated.

= ft_strncmp.c =================================================================
$> norminette ft_strncmp.c | grep -E '(Error|Warning)'
/mnt/nfs/homes/casomarr/Documents/test hors git/libft_18_11/ft_strncmp.c: Error!
Error: CONSECUTIVE_NEWLINES (line:  13, col:   1):	Consecutive newlines
Norme check failed
$> clang -Wextra -Wall -Werror -g3 -fsanitize=address ft_strncmp.c main.c libft.a -o user_exe

= Test 1 ===================================================
$> ./user_exe 01
$> diff -U 3 user_output_test01 test01.output

Diff OK :D
= Test 2 ===================================================
$> ./user_exe 02
$> diff -U 3 user_output_test02 test02.output

Diff OK :D
= Test 3 ===================================================
$> ./user_exe 03
$> diff -U 3 user_output_test03 test03.output

Diff OK :D
= Test 4 ===================================================
$> ./user_exe 04
$> diff -U 3 user_output_test04 test04.output

Diff OK :D
= Test 5 ===================================================
$> ./user_exe 05
$> diff -U 3 user_output_test05 test05.output

Diff OK :D
= Test 6 ===================================================
$> ./user_exe 06
$> diff -U 3 user_output_test06 test06.output

Diff OK :D
= Test 7 ===================================================
$> ./user_exe 07
$> diff -U 3 user_output_test07 test07.output

Diff OK :D
= Test 8 ===================================================
$> ./user_exe 08
$> diff -U 3 user_output_test08 test08.output

Diff OK :D
= Test 9 ===================================================
$> ./user_exe 09
$> diff -U 3 user_output_test09 test09.output

Diff OK :D
= Test 10 ==================================================
$> ./user_exe 10
$> diff -U 3 user_output_test10 test10.output

Diff OK :D
= Test 11 ==================================================
$> ./user_exe 11
$> diff -U 3 user_output_test11 test11.output
--- "/mnt/nfs/homes/casomarr/Documents/test hors git/libft_18_11/warmachine/tests/Part1_functions/ft_strncmp/user_output_test11"	2022-11-18 18:39:29.454830145 +0100$
+++ "/mnt/nfs/homes/casomarr/Documents/test hors git/libft_18_11/warmachine/tests/Part1_functions/ft_strncmp/test11.output"	2022-11-18 18:31:43.943033522 +0100$
@@ -1 +1 @@$
--1$
\ No newline at end of file$
+1$
\ No newline at end of file$

Diff KO :(

= ft_atoi.c ====================================================================
$> norminette ft_atoi.c | grep -E '(Error|Warning)'
$> clang -Wextra -Wall -Werror -g3 -fsanitize=address ft_atoi.c main.c libft.a -o user_exe

= Test 1 ===================================================
$> ./user_exe 01
$> diff -U 3 user_output_test01 test01.output

Diff OK :D
= Test 2 ===================================================
$> ./user_exe 02
$> diff -U 3 user_output_test02 test02.output

Diff OK :D
= Test 3 ===================================================
$> ./user_exe 03
$> diff -U 3 user_output_test03 test03.output

Diff OK :D
= Test 4 ===================================================
$> ./user_exe 04
$> diff -U 3 user_output_test04 test04.output

Diff OK :D
= Test 5 ===================================================
$> ./user_exe 05
$> diff -U 3 user_output_test05 test05.output

Diff OK :D
= Test 6 ===================================================
$> ./user_exe 06
$> diff -U 3 user_output_test06 test06.output

Diff OK :D
= Test 7 ===================================================
$> ./user_exe 07
$> diff -U 3 user_output_test07 test07.output
--- "/mnt/nfs/homes/casomarr/Documents/test hors git/libft_18_11/warmachine/tests/Part1_functions/ft_atoi/user_output_test07"	2022-11-18 18:39:30.155834356 +0100$
+++ "/mnt/nfs/homes/casomarr/Documents/test hors git/libft_18_11/warmachine/tests/Part1_functions/ft_atoi/test07.output"	2022-11-18 18:31:43.593031420 +0100$
@@ -1 +1 @@$
--54$
\ No newline at end of file$
+0$
\ No newline at end of file$

Diff KO :(
= Test 8 ===================================================
$> ./user_exe 08
$> diff -U 3 user_output_test08 test08.output

Diff OK :D
= Test 9 ===================================================
$> ./user_exe 09
$> diff -U 3 user_output_test09 test09.output

Diff OK :D
= Test 10 ==================================================
$> ./user_exe 10
$> diff -U 3 user_output_test10 test10.output

Diff OK :D
= Test 11 ==================================================
$> ./user_exe 11
$> diff -U 3 user_output_test11 test11.output

Diff OK :D
= Test 12 ==================================================
$> ./user_exe 12
$> diff -U 3 user_output_test12 test12.output

Diff OK :D
= Test 13 ==================================================
$> ./user_exe 13
$> diff -U 3 user_output_test13 test13.output

Diff OK :D
= Test 14 ==================================================
$> ./user_exe 14
$> diff -U 3 user_output_test14 test14.output

Diff OK :D
= Test 15 ==================================================
$> ./user_exe 15
$> diff -U 3 user_output_test15 test15.output

Diff OK :D
= Test 16 ==================================================
$> ./user_exe 16
$> diff -U 3 user_output_test16 test16.output

Diff OK :D
= Test 17 ==================================================
$> ./user_exe 17
$> diff -U 3 user_output_test17 test17.output

Diff OK :D
= Test 18 ==================================================
$> ./user_exe 18
$> diff -U 3 user_output_test18 test18.output

Diff OK :D
= Test 19 ==================================================
$> ./user_exe 19
$> diff -U 3 user_output_test19 test19.output

Diff OK :D

= ft_isalpha.c =================================================================
$> norminette ft_isalpha.c | grep -E '(Error|Warning)'
/mnt/nfs/homes/casomarr/Documents/test hors git/libft_18_11/ft_isalpha.c: Error!
Error: CONSECUTIVE_NEWLINES (line:  13, col:   1):	Consecutive newlines
Error: SPACE_BEFORE_FUNC    (line:  16, col:   4):	space before function name
Error: TOO_FEW_TAB          (line:  18, col:   1):	Missing tabs for indent level
Error: SPACE_REPLACE_TAB    (line:  18, col:   5):	Found space when expecting tab
Error: TOO_FEW_TAB          (line:  19, col:   1):	Missing tabs for indent level
Error: SPACE_REPLACE_TAB    (line:  19, col:   9):	Found space when expecting tab
Error: TOO_FEW_TAB          (line:  20, col:   1):	Missing tabs for indent level
Error: SPACE_EMPTY_LINE     (line:  20, col:   5):	Space on empty line
Error: TOO_FEW_TAB          (line:  21, col:   1):	Missing tabs for indent level
Error: SPACE_AFTER_KW       (line:  21, col:   9):	Missing space after keyword
Error: SPACE_REPLACE_TAB    (line:  21, col:   9):	Found space when expecting tab
Error: SPC_BFR_PAR          (line:  21, col:  15):	Missing space before parenthesis (brace/bracket)
Norme check failed
$> clang -Wextra -Wall -Werror -g3 -fsanitize=address ft_isalpha.c main.c libft.a -o user_exe

= Test 1 ===================================================
$> ./user_exe 01
$> diff -U 3 user_output_test01 test01.output

Diff OK :D
= Test 2 ===================================================
$> ./user_exe 02
$> diff -U 3 user_output_test02 test02.output

Diff OK :D
= Test 3 ===================================================
$> ./user_exe 03
$> diff -U 3 user_output_test03 test03.output

Diff OK :D
= Test 4 ===================================================
$> ./user_exe 04
$> diff -U 3 user_output_test04 test04.output
--- "/mnt/nfs/homes/casomarr/Documents/test hors git/libft_18_11/warmachine/tests/Part1_functions/ft_isalpha/user_output_test04"	2022-11-18 18:39:31.096840009 +0100$
+++ "/mnt/nfs/homes/casomarr/Documents/test hors git/libft_18_11/warmachine/tests/Part1_functions/ft_isalpha/test04.output"	2022-11-18 18:31:43.665031852 +0100$
@@ -1 +1 @@$
-01111111111111111111111110$
\ No newline at end of file$
+11111111111111111111111111$
\ No newline at end of file$

Diff KO :(
= Test 5 ===================================================
$> ./user_exe 05
$> diff -U 3 user_output_test05 test05.output

Diff OK :D
= Test 6 ===================================================
$> ./user_exe 06
$> diff -U 3 user_output_test06 test06.output
--- "/mnt/nfs/homes/casomarr/Documents/test hors git/libft_18_11/warmachine/tests/Part1_functions/ft_isalpha/user_output_test06"	2022-11-18 18:39:31.155840364 +0100$
+++ "/mnt/nfs/homes/casomarr/Documents/test hors git/libft_18_11/warmachine/tests/Part1_functions/ft_isalpha/test06.output"	2022-11-18 18:31:43.668031870 +0100$
@@ -1 +1 @@$
-01111111111111111111111110$
\ No newline at end of file$
+11111111111111111111111111$
\ No newline at end of file$

Diff KO :(
= Test 7 ===================================================
$> ./user_exe 07
$> diff -U 3 user_output_test07 test07.output

Diff OK :D

= ft_isdigit.c =================================================================
$> norminette ft_isdigit.c | grep -E '(Error|Warning)'
/mnt/nfs/homes/casomarr/Documents/test hors git/libft_18_11/ft_isdigit.c: Error!
Error: CONSECUTIVE_NEWLINES (line:  13, col:   1):	Consecutive newlines
Error: SPACE_BEFORE_FUNC    (line:  16, col:   4):	space before function name
Error: TOO_FEW_TAB          (line:  18, col:   1):	Missing tabs for indent level
Error: SPACE_REPLACE_TAB    (line:  18, col:   5):	Found space when expecting tab
Error: TOO_FEW_TAB          (line:  19, col:   1):	Missing tabs for indent level
Error: SPACE_REPLACE_TAB    (line:  19, col:   9):	Found space when expecting tab
Error: TOO_FEW_TAB          (line:  20, col:   1):	Missing tabs for indent level
Error: SPACE_EMPTY_LINE     (line:  20, col:   5):	Space on empty line
Error: TOO_FEW_TAB          (line:  21, col:   1):	Missing tabs for indent level
Error: SPACE_AFTER_KW       (line:  21, col:   9):	Missing space after keyword
Error: SPACE_REPLACE_TAB    (line:  21, col:   9):	Found space when expecting tab
Error: SPC_BFR_PAR          (line:  21, col:  15):	Missing space before parenthesis (brace/bracket)
Norme check failed
$> clang -Wextra -Wall -Werror -g3 -fsanitize=address ft_isdigit.c main.c libft.a -o user_exe

= Test 1 ===================================================
$> ./user_exe 01
$> diff -U 3 user_output_test01 test01.output

Diff OK :D
= Test 2 ===================================================
$> ./user_exe 02
$> diff -U 3 user_output_test02 test02.output
--- "/mnt/nfs/homes/casomarr/Documents/test hors git/libft_18_11/warmachine/tests/Part1_functions/ft_isdigit/user_output_test02"	2022-11-18 18:39:31.725843788 +0100$
+++ "/mnt/nfs/homes/casomarr/Documents/test hors git/libft_18_11/warmachine/tests/Part1_functions/ft_isdigit/test02.output"	2022-11-18 18:31:43.695032033 +0100$
@@ -1 +1 @@$
-0111111110$
\ No newline at end of file$
+1111111111$
\ No newline at end of file$

Diff KO :(
= Test 3 ===================================================
$> ./user_exe 03
$> diff -U 3 user_output_test03 test03.output

Diff OK :D
= Test 4 ===================================================
$> ./user_exe 04
$> diff -U 3 user_output_test04 test04.output

Diff OK :D
= Test 5 ===================================================
$> ./user_exe 05
$> diff -U 3 user_output_test05 test05.output

Diff OK :D
= Test 6 ===================================================
$> ./user_exe 06
$> diff -U 3 user_output_test06 test06.output

Diff OK :D
= Test 7 ===================================================
$> ./user_exe 07
$> diff -U 3 user_output_test07 test07.output

Diff OK :D

= ft_isalnum.c =================================================================
$> norminette ft_isalnum.c | grep -E '(Error|Warning)'
/mnt/nfs/homes/casomarr/Documents/test hors git/libft_18_11/ft_isalnum.c: Error!
Error: CONSECUTIVE_NEWLINES (line:  13, col:   1):	Consecutive newlines
Error: SPACE_BEFORE_FUNC    (line:  16, col:   4):	space before function name
Error: TOO_FEW_TAB          (line:  18, col:   1):	Missing tabs for indent level
Error: SPACE_REPLACE_TAB    (line:  18, col:   5):	Found space when expecting tab
Error: LINE_TOO_LONG        (line:  18, col:  82):	line too long
Error: TOO_FEW_TAB          (line:  19, col:   1):	Missing tabs for indent level
Error: SPACE_REPLACE_TAB    (line:  19, col:   9):	Found space when expecting tab
Error: LINE_TOO_LONG        (line:  19, col:  21):	line too long
Error: WRONG_SCOPE_COMMENT  (line:  19, col:  21):	Comment is invalid in this scope
Error: WRONG_SCOPE_COMMENT  (line:  19, col:  21):	Comment is invalid in this scope
Error: LINE_TOO_LONG        (line:  19, col: 100):	line too long
Error: TOO_FEW_TAB          (line:  20, col:   1):	Missing tabs for indent level
Error: SPACE_EMPTY_LINE     (line:  20, col:   5):	Space on empty line
Error: TOO_FEW_TAB          (line:  21, col:   1):	Missing tabs for indent level
Error: SPACE_AFTER_KW       (line:  21, col:   9):	Missing space after keyword
Error: SPACE_REPLACE_TAB    (line:  21, col:   9):	Found space when expecting tab
Error: SPC_BFR_PAR          (line:  21, col:  15):	Missing space before parenthesis (brace/bracket)
Error: LINE_TOO_LONG        (line:  24, col:   1):	line too long
Norme check failed
$> clang -Wextra -Wall -Werror -g3 -fsanitize=address ft_isalnum.c main.c libft.a -o user_exe

= Test 1 ===================================================
$> ./user_exe 01
$> diff -U 3 user_output_test01 test01.output

Diff OK :D
= Test 2 ===================================================
$> ./user_exe 02
$> diff -U 3 user_output_test02 test02.output

Diff OK :D
= Test 3 ===================================================
$> ./user_exe 03
$> diff -U 3 user_output_test03 test03.output

Diff OK :D
= Test 4 ===================================================
$> ./user_exe 04
$> diff -U 3 user_output_test04 test04.output

Diff OK :D
= Test 5 ===================================================
$> ./user_exe 05
$> diff -U 3 user_output_test05 test05.output

Diff OK :D
= Test 6 ===================================================
$> ./user_exe 06
$> diff -U 3 user_output_test06 test06.output

Diff OK :D
= Test 7 ===================================================
$> ./user_exe 07
$> diff -U 3 user_output_test07 test07.output

Diff OK :D

= ft_isascii.c =================================================================
$> norminette ft_isascii.c | grep -E '(Error|Warning)'
/mnt/nfs/homes/casomarr/Documents/test hors git/libft_18_11/ft_isascii.c: Error!
Error: CONSECUTIVE_NEWLINES (line:  13, col:   1):	Consecutive newlines
Error: SPACE_BEFORE_FUNC    (line:  16, col:   4):	space before function name
Error: TOO_FEW_TAB          (line:  18, col:   1):	Missing tabs for indent level
Error: SPACE_REPLACE_TAB    (line:  18, col:   5):	Found space when expecting tab
Error: TOO_FEW_TAB          (line:  19, col:   1):	Missing tabs for indent level
Error: SPACE_REPLACE_TAB    (line:  19, col:   9):	Found space when expecting tab
Error: TOO_FEW_TAB          (line:  20, col:   1):	Missing tabs for indent level
Error: SPACE_EMPTY_LINE     (line:  20, col:   5):	Space on empty line
Error: TOO_FEW_TAB          (line:  21, col:   1):	Missing tabs for indent level
Error: SPACE_AFTER_KW       (line:  21, col:   9):	Missing space after keyword
Error: SPACE_REPLACE_TAB    (line:  21, col:   9):	Found space when expecting tab
Error: SPC_BFR_PAR          (line:  21, col:  15):	Missing space before parenthesis (brace/bracket)
Norme check failed
$> clang -Wextra -Wall -Werror -g3 -fsanitize=address ft_isascii.c main.c libft.a -o user_exe

= Test 1 ===================================================
$> ./user_exe 01
$> diff -U 3 user_output_test01 test01.output
--- "/mnt/nfs/homes/casomarr/Documents/test hors git/libft_18_11/warmachine/tests/Part1_functions/ft_isascii/user_output_test01"	2022-11-18 18:39:33.053851766 +0100$
+++ "/mnt/nfs/homes/casomarr/Documents/test hors git/libft_18_11/warmachine/tests/Part1_functions/ft_isascii/test01.output"	2022-11-18 18:31:43.675031912 +0100$
@@ -1 +1 @@$
-011111111111111111111111111111111111111111111111$
\ No newline at end of file$
+111111111111111111111111111111111111111111111111$
\ No newline at end of file$

Diff KO :(
= Test 2 ===================================================
$> ./user_exe 02
$> diff -U 3 user_output_test02 test02.output

Diff OK :D
= Test 3 ===================================================
$> ./user_exe 03
$> diff -U 3 user_output_test03 test03.output

Diff OK :D
= Test 4 ===================================================
$> ./user_exe 04
$> diff -U 3 user_output_test04 test04.output

Diff OK :D
= Test 5 ===================================================
$> ./user_exe 05
$> diff -U 3 user_output_test05 test05.output

Diff OK :D
= Test 6 ===================================================
$> ./user_exe 06
$> diff -U 3 user_output_test06 test06.output

Diff OK :D
= Test 7 ===================================================
$> ./user_exe 07
$> diff -U 3 user_output_test07 test07.output
--- "/mnt/nfs/homes/casomarr/Documents/test hors git/libft_18_11/warmachine/tests/Part1_functions/ft_isascii/user_output_test07"	2022-11-18 18:39:33.225852800 +0100$
+++ "/mnt/nfs/homes/casomarr/Documents/test hors git/libft_18_11/warmachine/tests/Part1_functions/ft_isascii/test07.output"	2022-11-18 18:31:43.686031979 +0100$
@@ -1 +1 @@$
-11110$
\ No newline at end of file$
+11111$
\ No newline at end of file$

Diff KO :(
= Test 8 ===================================================
$> ./user_exe 08
$> diff -U 3 user_output_test08 test08.output

Diff OK :D

= ft_isprint.c =================================================================
$> norminette ft_isprint.c | grep -E '(Error|Warning)'
/mnt/nfs/homes/casomarr/Documents/test hors git/libft_18_11/ft_isprint.c: Error!
Error: CONSECUTIVE_NEWLINES (line:  13, col:   1):	Consecutive newlines
Error: SPACE_BEFORE_FUNC    (line:  16, col:   4):	space before function name
Error: TOO_FEW_TAB          (line:  18, col:   1):	Missing tabs for indent level
Error: SPACE_REPLACE_TAB    (line:  18, col:   5):	Found space when expecting tab
Error: TOO_FEW_TAB          (line:  19, col:   1):	Missing tabs for indent level
Error: SPACE_REPLACE_TAB    (line:  19, col:   9):	Found space when expecting tab
Error: TOO_FEW_TAB          (line:  20, col:   1):	Missing tabs for indent level
Error: SPACE_EMPTY_LINE     (line:  20, col:   5):	Space on empty line
Error: TOO_FEW_TAB          (line:  21, col:   1):	Missing tabs for indent level
Error: SPACE_AFTER_KW       (line:  21, col:   9):	Missing space after keyword
Error: SPACE_REPLACE_TAB    (line:  21, col:   9):	Found space when expecting tab
Error: SPC_BFR_PAR          (line:  21, col:  15):	Missing space before parenthesis (brace/bracket)
Norme check failed
$> clang -Wextra -Wall -Werror -g3 -fsanitize=address ft_isprint.c main.c libft.a -o user_exe

= Test 1 ===================================================
$> ./user_exe 01
$> diff -U 3 user_output_test01 test01.output
--- "/mnt/nfs/homes/casomarr/Documents/test hors git/libft_18_11/warmachine/tests/Part1_functions/ft_isprint/user_output_test01"	2022-11-18 18:39:33.767856056 +0100$
+++ "/mnt/nfs/homes/casomarr/Documents/test hors git/libft_18_11/warmachine/tests/Part1_functions/ft_isprint/test01.output"	2022-11-18 18:31:43.709032117 +0100$
@@ -1 +1 @@$
-000000000000000000000000000000000111111111111111$
\ No newline at end of file$
+000000000000000000000000000000001111111111111111$
\ No newline at end of file$

Diff KO :(
= Test 2 ===================================================
$> ./user_exe 02
$> diff -U 3 user_output_test02 test02.output

Diff OK :D
= Test 3 ===================================================
$> ./user_exe 03
$> diff -U 3 user_output_test03 test03.output

Diff OK :D
= Test 4 ===================================================
$> ./user_exe 04
$> diff -U 3 user_output_test04 test04.output

Diff OK :D
= Test 5 ===================================================
$> ./user_exe 05
$> diff -U 3 user_output_test05 test05.output

Diff OK :D
= Test 6 ===================================================
$> ./user_exe 06
$> diff -U 3 user_output_test06 test06.output

Diff OK :D
= Test 7 ===================================================
$> ./user_exe 07
$> diff -U 3 user_output_test07 test07.output
--- "/mnt/nfs/homes/casomarr/Documents/test hors git/libft_18_11/warmachine/tests/Part1_functions/ft_isprint/user_output_test07"	2022-11-18 18:39:33.938857083 +0100$
+++ "/mnt/nfs/homes/casomarr/Documents/test hors git/libft_18_11/warmachine/tests/Part1_functions/ft_isprint/test07.output"	2022-11-18 18:31:43.721032189 +0100$
@@ -1 +1 @@$
-11100$
\ No newline at end of file$
+11110$
\ No newline at end of file$

Diff KO :(

= ft_toupper.c =================================================================
$> norminette ft_toupper.c | grep -E '(Error|Warning)'
/mnt/nfs/homes/casomarr/Documents/test hors git/libft_18_11/ft_toupper.c: Error!
Error: CONSECUTIVE_NEWLINES (line:  13, col:   1):	Consecutive newlines
Error: SPACE_BEFORE_FUNC    (line:  17, col:   4):	space before function name
Error: EXP_PARENTHESIS      (line:  17, col:  15):	Expected parenthesis
Error: TOO_FEW_TAB          (line:  19, col:   1):	Missing tabs for indent level
Error: SPACE_REPLACE_TAB    (line:  19, col:   5):	Found space when expecting tab
Error: SPACE_REPLACE_TAB    (line:  19, col:  18):	Found space when expecting tab
Error: TOO_FEW_TAB          (line:  21, col:   1):	Missing tabs for indent level
Error: SPACE_REPLACE_TAB    (line:  21, col:   5):	Found space when expecting tab
Error: NO_SPC_AFR_PAR       (line:  21, col:   8):	Extra space after parenthesis (brace/bracket)
Error: TOO_FEW_TAB          (line:  22, col:   1):	Missing tabs for indent level
Error: SPACE_EMPTY_LINE     (line:  22, col:   5):	Space on empty line
Error: SPACE_REPLACE_TAB    (line:  23, col:   9):	Found space when expecting tab
Error: TOO_FEW_TAB          (line:  24, col:   1):	Missing tabs for indent level
Error: SPACE_REPLACE_TAB    (line:  24, col:   9):	Found space when expecting tab
Error: TOO_FEW_TAB          (line:  25, col:   1):	Missing tabs for indent level
Error: SPACE_EMPTY_LINE     (line:  25, col:   5):	Space on empty line
Error: TOO_FEW_TAB          (line:  26, col:   1):	Missing tabs for indent level
Error: SPACE_EMPTY_LINE     (line:  26, col:   5):	Space on empty line
Error: TOO_FEW_TAB          (line:  27, col:   1):	Missing tabs for indent level
Error: SPACE_REPLACE_TAB    (line:  27, col:   9):	Found space when expecting tab
Error: LINE_TOO_LONG        (line:  30, col:   1):	line too long
Error: SPC_BEFORE_NL        (line:  35, col:   4):	Space before newline
Error: LINE_TOO_LONG        (line:  37, col:   1):	line too long
Norme check failed
$> clang -Wextra -Wall -Werror -g3 -fsanitize=address ft_toupper.c main.c libft.a -o user_exe

= Test 1 ===================================================
$> ./user_exe 01
$> diff -U 3 user_output_test01 test01.output

Diff OK :D
= Test 2 ===================================================
$> ./user_exe 02
$> diff -U 3 user_output_test02 test02.output

Diff OK :D
= Test 3 ===================================================
$> ./user_exe 03
$> diff -U 3 user_output_test03 test03.output

Diff OK :D
= Test 4 ===================================================
$> ./user_exe 04
$> diff -U 3 user_output_test04 test04.output

Diff OK :D
= Test 5 ===================================================
$> ./user_exe 05
$> diff -U 3 user_output_test05 test05.output

Diff OK :D
= Test 6 ===================================================
$> ./user_exe 06
$> diff -U 3 user_output_test06 test06.output

Diff OK :D
= Test 7 ===================================================
$> ./user_exe 07
$> diff -U 3 user_output_test07 test07.output

Diff OK :D

= ft_tolower.c =================================================================
$> norminette ft_tolower.c | grep -E '(Error|Warning)'
/mnt/nfs/homes/casomarr/Documents/test hors git/libft_18_11/ft_tolower.c: Error!
Error: CONSECUTIVE_NEWLINES (line:  13, col:   1):	Consecutive newlines
Error: SPACE_BEFORE_FUNC    (line:  17, col:   4):	space before function name
Error: EXP_PARENTHESIS      (line:  17, col:  15):	Expected parenthesis
Error: TOO_FEW_TAB          (line:  19, col:   1):	Missing tabs for indent level
Error: SPACE_REPLACE_TAB    (line:  19, col:   5):	Found space when expecting tab
Error: SPACE_REPLACE_TAB    (line:  19, col:  18):	Found space when expecting tab
Error: TOO_FEW_TAB          (line:  21, col:   1):	Missing tabs for indent level
Error: SPACE_REPLACE_TAB    (line:  21, col:   5):	Found space when expecting tab
Error: NO_SPC_AFR_PAR       (line:  21, col:   8):	Extra space after parenthesis (brace/bracket)
Error: TOO_FEW_TAB          (line:  22, col:   1):	Missing tabs for indent level
Error: SPACE_EMPTY_LINE     (line:  22, col:   5):	Space on empty line
Error: SPACE_REPLACE_TAB    (line:  23, col:   9):	Found space when expecting tab
Error: TOO_FEW_TAB          (line:  24, col:   1):	Missing tabs for indent level
Error: SPACE_REPLACE_TAB    (line:  24, col:   9):	Found space when expecting tab
Error: TOO_FEW_TAB          (line:  25, col:   1):	Missing tabs for indent level
Error: SPACE_EMPTY_LINE     (line:  25, col:   5):	Space on empty line
Error: TOO_FEW_TAB          (line:  26, col:   1):	Missing tabs for indent level
Error: SPACE_EMPTY_LINE     (line:  26, col:   5):	Space on empty line
Error: TOO_FEW_TAB          (line:  27, col:   1):	Missing tabs for indent level
Error: SPACE_REPLACE_TAB    (line:  27, col:   9):	Found space when expecting tab
Error: LINE_TOO_LONG        (line:  30, col:   1):	line too long
Norme check failed
$> clang -Wextra -Wall -Werror -g3 -fsanitize=address ft_tolower.c main.c libft.a -o user_exe

= Test 1 ===================================================
$> ./user_exe 01
$> diff -U 3 user_output_test01 test01.output

Diff OK :D
= Test 2 ===================================================
$> ./user_exe 02
$> diff -U 3 user_output_test02 test02.output

Diff OK :D
= Test 3 ===================================================
$> ./user_exe 03
$> diff -U 3 user_output_test03 test03.output

Diff OK :D
= Test 4 ===================================================
$> ./user_exe 04
$> diff -U 3 user_output_test04 test04.output

Diff OK :D
= Test 5 ===================================================
$> ./user_exe 05
$> diff -U 3 user_output_test05 test05.output

Diff OK :D
= Test 6 ===================================================
$> ./user_exe 06
$> diff -U 3 user_output_test06 test06.output

Diff OK :D
= Test 7 ===================================================
$> ./user_exe 07
$> diff -U 3 user_output_test07 test07.output

Diff OK :D

= Part2_functions ==============================================================

= ft_strmapi.c =================================================================
$> norminette ft_strmapi.c | grep -E '(Error|Warning)'
$> clang -Wextra -Wall -Werror -g3 -fsanitize=address ft_strmapi.c main.c libft.a -o user_exe

clang: error: no such file or directory: '/mnt/nfs/homes/casomarr/Documents/test hors git/libft_18_11/warmachine/dirlibft//ft_strmapi.c'

= ft_substr.c ==================================================================
$> norminette ft_substr.c | grep -E '(Error|Warning)'
/mnt/nfs/homes/casomarr/Documents/test hors git/libft_18_11/ft_substr.c: Error!
Error: INVALID_HEADER       (line:   1, col:   1):	Missing or invalid 42 header
Error: SPACE_BEFORE_FUNC    (line:   8, col:   5):	space before function name
Error: TOO_FEW_TAB          (line:  10, col:   1):	Missing tabs for indent level
Error: SPACE_REPLACE_TAB    (line:  10, col:   5):	Found space when expecting tab
Error: SPACE_REPLACE_TAB    (line:  10, col:   8):	Found space when expecting tab
Error: TOO_FEW_TAB          (line:  12, col:   1):	Missing tabs for indent level
Error: VAR_DECL_START_FUNC  (line:  12, col:   1):	Variable declaration not at start of function
Error: SPACE_REPLACE_TAB    (line:  12, col:   5):	Found space when expecting tab
Error: SPACE_REPLACE_TAB    (line:  12, col:   9):	Found space when expecting tab
Error: MISALIGNED_VAR_DECL  (line:  12, col:  10):	Misaligned variable declaration
Error: DECL_ASSIGN_LINE     (line:  12, col:  19):	Declaration and assignation on a single line
Error: TOO_FEW_TAB          (line:  14, col:   1):	Missing tabs for indent level
Error: SPACE_REPLACE_TAB    (line:  14, col:   5):	Found space when expecting tab
Error: WRONG_SCOPE_COMMENT  (line:  14, col:  26):	Comment is invalid in this scope
Error: WRONG_SCOPE_COMMENT  (line:  14, col:  26):	Comment is invalid in this scope
Error: TOO_FEW_TAB          (line:  15, col:   1):	Missing tabs for indent level
Error: SPACE_AFTER_KW       (line:  15, col:   9):	Missing space after keyword
Error: SPACE_REPLACE_TAB    (line:  15, col:   9):	Found space when expecting tab
Error: SPC_BFR_PAR          (line:  15, col:  15):	Missing space before parenthesis (brace/bracket)
Error: SPACE_REPLACE_TAB    (line:  16, col:   5):	Found space when expecting tab
Error: TOO_FEW_TAB          (line:  17, col:   1):	Missing tabs for indent level
Error: SPACE_REPLACE_TAB    (line:  17, col:   5):	Found space when expecting tab
Error: SPACE_REPLACE_TAB    (line:  18, col:   9):	Found space when expecting tab
Error: SPACE_REPLACE_TAB    (line:  19, col:   5):	Found space when expecting tab
Error: EMPTY_LINE_FUNCTION  (line:  20, col:   1):	Empty line in function
Error: TOO_FEW_TAB          (line:  21, col:   1):	Missing tabs for indent level
Error: SPACE_AFTER_KW       (line:  21, col:   5):	Missing space after keyword
Error: SPACE_REPLACE_TAB    (line:  21, col:   5):	Found space when expecting tab
Error: SPC_BFR_PAR          (line:  21, col:  11):	Missing space before parenthesis (brace/bracket)
Error: SPACE_EMPTY_LINE     (line:  22, col:   5):	Space on empty line
Error: WRONG_SCOPE_COMMENT  (line:  22, col:   5):	Comment is invalid in this scope
Norme check failed
$> clang -Wextra -Wall -Werror -g3 -fsanitize=address ft_substr.c main.c libft.a -o user_exe

/mnt/nfs/homes/casomarr/Documents/test hors git/libft_18_11/warmachine/dirlibft//ft_substr.c:17:14: error: comparison of integers of different signs: 'int' and 'size_t' (aka 'unsigned long') [-Werror,-Wsign-compare]
    while (i <= len && str[start] != '\0')
           ~ ^  ~~~
1 error generated.

= ft_strjoin.c =================================================================
$> norminette ft_strjoin.c | grep -E '(Error|Warning)'
/mnt/nfs/homes/casomarr/Documents/test hors git/libft_18_11/ft_strjoin.c: Error!
Error: EMPTY_LINE_FILE_START (line:   1, col:   1):	Empty line at start of file
Error: INVALID_HEADER       (line:   1, col:   1):	Missing or invalid 42 header
Error: CONSECUTIVE_NEWLINES (line:   2, col:   1):	Consecutive newlines
Error: SPACE_BEFORE_FUNC    (line:   6, col:   5):	space before function name
Error: TOO_FEW_TAB          (line:   9, col:   1):	Missing tabs for indent level
Error: SPACE_REPLACE_TAB    (line:   9, col:   5):	Found space when expecting tab
Error: TOO_FEW_TAB          (line:  11, col:   1):	Missing tabs for indent level
Error: SPACE_REPLACE_TAB    (line:  11, col:   5):	Found space when expecting tab
Error: SPACE_REPLACE_TAB    (line:  11, col:   9):	Found space when expecting tab
Error: MISALIGNED_VAR_DECL  (line:  11, col:  10):	Misaligned variable declaration
Error: TOO_FEW_TAB          (line:  12, col:   1):	Missing tabs for indent level
Error: SPACE_REPLACE_TAB    (line:  12, col:   5):	Found space when expecting tab
Error: SPACE_REPLACE_TAB    (line:  12, col:   8):	Found space when expecting tab
Error: MISALIGNED_VAR_DECL  (line:  12, col:   9):	Misaligned variable declaration
Error: SPACE_REPLACE_TAB    (line:  14, col:   5):	Found space when expecting tab
Error: SPACE_REPLACE_TAB    (line:  15, col:   5):	Found space when expecting tab
Error: EMPTY_LINE_FUNCTION  (line:  16, col:   1):	Empty line in function
Error: SPACE_EMPTY_LINE     (line:  17, col:   5):	Space on empty line
Error: WRONG_SCOPE_COMMENT  (line:  17, col:   5):	Comment is invalid in this scope
Error: EMPTY_LINE_FUNCTION  (line:  18, col:   1):	Empty line in function
Error: SPACE_REPLACE_TAB    (line:  22, col:   5):	Found space when expecting tab
Error: EMPTY_LINE_FUNCTION  (line:  26, col:   1):	Empty line in function
Error: SPACE_EMPTY_LINE     (line:  28, col:   5):	Space on empty line
Error: WRONG_SCOPE_COMMENT  (line:  28, col:   5):	Comment is invalid in this scope
Error: SPACE_BEFORE_FUNC    (line:  31, col:   4):	space before function name
Error: NO_ARGS_VOID         (line:  31, col:  10):	Empty function argument requires void
Error: TOO_FEW_TAB          (line:  33, col:   1):	Missing tabs for indent level
Error: SPACE_REPLACE_TAB    (line:  33, col:   5):	Found space when expecting tab
Error: SPACE_REPLACE_TAB    (line:  33, col:   9):	Found space when expecting tab
Error: DECL_ASSIGN_LINE     (line:  33, col:  17):	Declaration and assignation on a single line
Error: TOO_FEW_TAB          (line:  34, col:   1):	Missing tabs for indent level
Error: SPACE_REPLACE_TAB    (line:  34, col:   5):	Found space when expecting tab
Error: SPACE_REPLACE_TAB    (line:  34, col:   9):	Found space when expecting tab
Error: DECL_ASSIGN_LINE     (line:  34, col:  17):	Declaration and assignation on a single line
Error: TOO_FEW_TAB          (line:  36, col:   1):	Missing tabs for indent level
Error: SPACE_REPLACE_TAB    (line:  36, col:   5):	Found space when expecting tab
Error: LINE_TOO_LONG        (line:  37, col:   1):	line too long
Error: SPACE_EMPTY_LINE     (line:  37, col:   5):	Space on empty line
Error: WRONG_SCOPE_COMMENT  (line:  37, col:   5):	Comment is invalid in this scope
Error: LINE_TOO_LONG        (line:  37, col: 194):	line too long
Error: EMPTY_LINE_FUNCTION  (line:  38, col:   1):	Empty line in function
Error: SPACE_AFTER_KW       (line:  39, col:   1):	Missing space after keyword
Error: TOO_FEW_TAB          (line:  39, col:   1):	Missing tabs for indent level
Error: SPC_BFR_PAR          (line:  39, col:   7):	Missing space before parenthesis (brace/bracket)
Error: BRACE_SHOULD_EOL     (line:  40, col:   1):	Expected newline after brace
Norme check failed
$> clang -Wextra -Wall -Werror -g3 -fsanitize=address ft_strjoin.c main.c libft.a -o user_exe

/mnt/nfs/homes/casomarr/Documents/test hors git/libft_18_11/warmachine/dirlibft//ft_strjoin.c:10:20: error: unused variable 'l_src' [-Werror,-Wunused-variable]
        long unsigned int       l_src;
                                ^
/mnt/nfs/homes/casomarr/Documents/test hors git/libft_18_11/warmachine/dirlibft//ft_strjoin.c:21:12: error: multiple unsequenced modifications to 'i' [-Werror,-Wunsequenced]
                new_str[i++] = str1[i++];
                         ^           ~~
2 errors generated.

= ft_strtrim.c =================================================================
$> norminette ft_strtrim.c | grep -E '(Error|Warning)'
/mnt/nfs/homes/casomarr/Documents/test hors git/libft_18_11/ft_strtrim.c: Error!
	[31mError: Unrecognized line (35, 1) while parsing line [<MULT>, <DIV>][0m
Norme check failed
$> clang -Wextra -Wall -Werror -g3 -fsanitize=address ft_strtrim.c main.c libft.a -o user_exe

/mnt/nfs/homes/casomarr/Documents/test hors git/libft_18_11/warmachine/dirlibft//ft_strtrim.c:19:30: error: unused parameter 'str' [-Werror,-Wunused-parameter]
char *ft_strtrim(char const *str, char const *set)
                             ^
/mnt/nfs/homes/casomarr/Documents/test hors git/libft_18_11/warmachine/dirlibft//ft_strtrim.c:19:47: error: unused parameter 'set' [-Werror,-Wunused-parameter]
char *ft_strtrim(char const *str, char const *set)
                                              ^
/mnt/nfs/homes/casomarr/Documents/test hors git/libft_18_11/warmachine/dirlibft//ft_strtrim.c:22:1: error: non-void function does not return a value [-Werror,-Wreturn-type]
}
^
/mnt/nfs/homes/casomarr/Documents/test hors git/libft_18_11/warmachine/dirlibft//ft_strtrim.c:35:2: error: expected identifier or '('
*/
 ^
4 errors generated.

= ft_split.c ===================================================================
$> norminette ft_split.c | grep -E '(Error|Warning)'
/mnt/nfs/homes/casomarr/Documents/test hors git/libft_18_11/ft_split.c: Error!
Error: EMPTY_LINE_FILE_START (line:   1, col:   1):	Empty line at start of file
Error: INVALID_HEADER       (line:   1, col:   1):	Missing or invalid 42 header
Error: CONSECUTIVE_SPC      (line:   4, col:   4):	Two or more consecutives spaces
Error: SPACE_BEFORE_FUNC    (line:   4, col:   8):	space before function name
Error: TOO_FEW_TAB          (line:   6, col:   1):	Missing tabs for indent level
Error: SPACE_AFTER_KW       (line:   6, col:   5):	Missing space after keyword
Error: SPACE_REPLACE_TAB    (line:   6, col:   5):	Found space when expecting tab
Error: SPC_BFR_PAR          (line:   6, col:  10):	Missing space before parenthesis (brace/bracket)
Error: TOO_FEW_TAB          (line:   7, col:   1):	Missing tabs for indent level
Error: SPACE_EMPTY_LINE     (line:   7, col:   5):	Space on empty line
Error: TOO_FEW_TAB          (line:   8, col:   1):	Missing tabs for indent level
Error: SPACE_REPLACE_TAB    (line:   8, col:   9):	Found space when expecting tab
Error: TOO_FEW_TAB          (line:   9, col:   1):	Missing tabs for indent level
Error: SPACE_REPLACE_TAB    (line:   9, col:  13):	Found space when expecting tab
Error: RETURN_PARENTHESIS   (line:   9, col:  20):	Return value must be in parenthesis
Error: TOO_FEW_TAB          (line:  10, col:   1):	Missing tabs for indent level
Error: SPACE_EMPTY_LINE     (line:  10, col:   9):	Space on empty line
Error: TOO_FEW_TAB          (line:  11, col:   1):	Missing tabs for indent level
Error: SPACE_REPLACE_TAB    (line:  11, col:  13):	Found space when expecting tab
Error: RETURN_PARENTHESIS   (line:  11, col:  20):	Return value must be in parenthesis
Error: TOO_FEW_TAB          (line:  12, col:   1):	Missing tabs for indent level
Error: SPACE_EMPTY_LINE     (line:  12, col:   5):	Space on empty line
Error: CONSECUTIVE_SPC      (line:  15, col:   5):	Two or more consecutives spaces
Error: SPACE_BEFORE_FUNC    (line:  15, col:   8):	space before function name
Error: TOO_FEW_TAB          (line:  17, col:   1):	Missing tabs for indent level
Error: SPACE_REPLACE_TAB    (line:  17, col:   5):	Found space when expecting tab
Error: SPACE_REPLACE_TAB    (line:  17, col:   9):	Found space when expecting tab
Error: TOO_FEW_TAB          (line:  18, col:   1):	Missing tabs for indent level
Error: SPACE_REPLACE_TAB    (line:  18, col:   5):	Found space when expecting tab
Error: SPACE_REPLACE_TAB    (line:  18, col:   8):	Found space when expecting tab
Error: MISALIGNED_VAR_DECL  (line:  18, col:   9):	Misaligned variable declaration
Error: SPACE_REPLACE_TAB    (line:  20, col:   5):	Found space when expecting tab
Error: SPACE_REPLACE_TAB    (line:  21, col:   5):	Found space when expecting tab
Error: EMPTY_LINE_FUNCTION  (line:  22, col:   1):	Empty line in function
Error: TOO_FEW_TAB          (line:  23, col:   1):	Missing tabs for indent level
Error: SPACE_AFTER_KW       (line:  23, col:   5):	Missing space after keyword
Error: SPACE_REPLACE_TAB    (line:  23, col:   5):	Found space when expecting tab
Error: SPC_BFR_PAR          (line:  23, col:  10):	Missing space before parenthesis (brace/bracket)
Error: TOO_FEW_TAB          (line:  24, col:   1):	Missing tabs for indent level
Error: SPACE_EMPTY_LINE     (line:  24, col:   5):	Space on empty line
Error: TOO_FEW_TAB          (line:  25, col:   1):	Missing tabs for indent level
Error: SPACE_AFTER_KW       (line:  25, col:   9):	Missing space after keyword
Error: SPACE_REPLACE_TAB    (line:  25, col:   9):	Found space when expecting tab
Error: SPC_BFR_PAR          (line:  25, col:  14):	Missing space before parenthesis (brace/bracket)
Error: TOO_FEW_TAB          (line:  26, col:   1):	Missing tabs for indent level
Error: SPACE_EMPTY_LINE     (line:  26, col:   9):	Space on empty line
Error: SPACE_REPLACE_TAB    (line:  27, col:  13):	Found space when expecting tab
Error: SPACE_REPLACE_TAB    (line:  28, col:  13):	Found space when expecting tab
Error: SPACE_REPLACE_TAB    (line:  29, col:  13):	Found space when expecting tab
Error: TOO_FEW_TAB          (line:  30, col:   1):	Missing tabs for indent level
Error: SPACE_EMPTY_LINE     (line:  30, col:   9):	Space on empty line
Error: TOO_FEW_TAB          (line:  31, col:   1):	Missing tabs for indent level
Error: SPACE_EMPTY_LINE     (line:  31, col:   5):	Space on empty line
Error: TOO_FEW_TAB          (line:  32, col:   1):	Missing tabs for indent level
Error: SPACE_AFTER_KW       (line:  32, col:   5):	Missing space after keyword
Error: SPACE_REPLACE_TAB    (line:  32, col:   5):	Found space when expecting tab
Error: SPC_BFR_PAR          (line:  32, col:  11):	Missing space before parenthesis (brace/bracket)
Error: CONSECUTIVE_SPC      (line:  35, col:   4):	Two or more consecutives spaces
Error: SPACE_BEFORE_FUNC    (line:  35, col:   8):	space before function name
Error: TOO_FEW_TAB          (line:  37, col:   1):	Missing tabs for indent level
Error: SPACE_REPLACE_TAB    (line:  37, col:   5):	Found space when expecting tab
Error: SPACE_REPLACE_TAB    (line:  37, col:   8):	Found space when expecting tab
Error: DECL_ASSIGN_LINE     (line:  37, col:  11):	Declaration and assignation on a single line
Error: TOO_FEW_TAB          (line:  38, col:   1):	Missing tabs for indent level
Error: SPACE_REPLACE_TAB    (line:  38, col:   5):	Found space when expecting tab
Error: SPACE_REPLACE_TAB    (line:  38, col:   8):	Found space when expecting tab
Error: DECL_ASSIGN_LINE     (line:  38, col:  11):	Declaration and assignation on a single line
Error: NL_AFTER_VAR_DECL    (line:  39, col:   1):	Variable declarations must be followed by a newline
Error: TOO_FEW_TAB          (line:  39, col:   1):	Missing tabs for indent level
Error: SPACE_REPLACE_TAB    (line:  39, col:   5):	Found space when expecting tab
Error: TOO_FEW_TAB          (line:  40, col:   1):	Missing tabs for indent level
Error: SPACE_EMPTY_LINE     (line:  40, col:   5):	Space on empty line
Error: TOO_FEW_TAB          (line:  41, col:   1):	Missing tabs for indent level
Error: SPACE_REPLACE_TAB    (line:  41, col:   9):	Found space when expecting tab
Error: SPACE_REPLACE_TAB    (line:  42, col:  13):	Found space when expecting tab
Error: SPACE_REPLACE_TAB    (line:  43, col:   9):	Found space when expecting tab
Error: TOO_FEW_TAB          (line:  44, col:   1):	Missing tabs for indent level
Error: SPACE_EMPTY_LINE     (line:  44, col:   5):	Space on empty line
Error: TOO_FEW_TAB          (line:  45, col:   1):	Missing tabs for indent level
Error: SPACE_REPLACE_TAB    (line:  45, col:   5):	Found space when expecting tab
Error: SPACE_REPLACE_TAB    (line:  48, col:   5):	Found space when expecting tab
Error: TOO_FEW_TAB          (line:  51, col:   1):	Missing tabs for indent level
Error: WRONG_SCOPE_VAR      (line:  51, col:   1):	Variable declared in incorrect scope
Error: SPACE_REPLACE_TAB    (line:  51, col:   5):	Found space when expecting tab
Error: SPACE_REPLACE_TAB    (line:  51, col:   9):	Found space when expecting tab
Error: SPACE_REPLACE_TAB    (line:  52, col:   5):	Found space when expecting tab
Error: EMPTY_LINE_FUNCTION  (line:  53, col:   1):	Empty line in function
Error: TOO_FEW_TAB          (line:  54, col:   1):	Missing tabs for indent level
Error: WRONG_SCOPE_VAR      (line:  54, col:   1):	Variable declared in incorrect scope
Error: SPACE_REPLACE_TAB    (line:  54, col:   5):	Found space when expecting tab
Error: SPACE_REPLACE_TAB    (line:  54, col:   8):	Found space when expecting tab
Error: MISALIGNED_VAR_DECL  (line:  54, col:   9):	Misaligned variable declaration
Error: DECL_ASSIGN_LINE     (line:  54, col:  11):	Declaration and assignation on a single line
Error: TOO_FEW_TAB          (line:  55, col:   1):	Missing tabs for indent level
Error: WRONG_SCOPE_VAR      (line:  55, col:   1):	Variable declared in incorrect scope
Error: SPACE_REPLACE_TAB    (line:  55, col:   5):	Found space when expecting tab
Error: SPACE_REPLACE_TAB    (line:  55, col:   8):	Found space when expecting tab
Error: MISALIGNED_VAR_DECL  (line:  55, col:   9):	Misaligned variable declaration
Error: DECL_ASSIGN_LINE     (line:  55, col:  11):	Declaration and assignation on a single line
Error: TOO_FEW_TAB          (line:  56, col:   1):	Missing tabs for indent level
Error: WRONG_SCOPE_VAR      (line:  56, col:   1):	Variable declared in incorrect scope
Error: SPACE_REPLACE_TAB    (line:  56, col:   5):	Found space when expecting tab
Error: SPACE_REPLACE_TAB    (line:  56, col:   8):	Found space when expecting tab
Error: MISALIGNED_VAR_DECL  (line:  56, col:   9):	Misaligned variable declaration
Error: DECL_ASSIGN_LINE     (line:  56, col:  11):	Declaration and assignation on a single line
Error: TOO_FEW_TAB          (line:  58, col:   1):	Missing tabs for indent level
Error: SPACE_AFTER_KW       (line:  58, col:   5):	Missing space after keyword
Error: SPACE_REPLACE_TAB    (line:  58, col:   5):	Found space when expecting tab
Error: SPC_BFR_PAR          (line:  58, col:  10):	Missing space before parenthesis (brace/bracket)
Error: TOO_FEW_TAB          (line:  59, col:   1):	Missing tabs for indent level
Error: SPACE_EMPTY_LINE     (line:  59, col:   5):	Space on empty line
Error: TOO_FEW_TAB          (line:  60, col:   1):	Missing tabs for indent level
Error: SPACE_AFTER_KW       (line:  60, col:   9):	Missing space after keyword
Error: SPACE_REPLACE_TAB    (line:  60, col:   9):	Found space when expecting tab
Error: SPC_BFR_PAR          (line:  60, col:  14):	Missing space before parenthesis (brace/bracket)
Error: TOO_FEW_TAB          (line:  61, col:   1):	Missing tabs for indent level
Error: SPACE_EMPTY_LINE     (line:  61, col:   9):	Space on empty line
Error: SPACE_REPLACE_TAB    (line:  62, col:  13):	Found space when expecting tab
Error: SPACE_REPLACE_TAB    (line:  63, col:  13):	Found space when expecting tab
Error: SPACE_REPLACE_TAB    (line:  64, col:  13):	Found space when expecting tab
Error: TOO_FEW_TAB          (line:  65, col:   1):	Missing tabs for indent level
Error: SPACE_EMPTY_LINE     (line:  65, col:   9):	Space on empty line
Error: TOO_FEW_TAB          (line:  66, col:   1):	Missing tabs for indent level
Error: SPACE_REPLACE_TAB    (line:  66, col:   9):	Found space when expecting tab
Error: TOO_FEW_TAB          (line:  67, col:   1):	Missing tabs for indent level
Error: SPACE_EMPTY_LINE     (line:  67, col:   9):	Space on empty line
Error: SPACE_REPLACE_TAB    (line:  68, col:  13):	Found space when expecting tab
Error: TOO_FEW_TAB          (line:  69, col:   1):	Missing tabs for indent level
Error: SPACE_EMPTY_LINE     (line:  69, col:   9):	Space on empty line
Error: SPACE_REPLACE_TAB    (line:  70, col:   9):	Found space when expecting tab
Error: TOO_FEW_TAB          (line:  71, col:   1):	Missing tabs for indent level
Error: SPACE_EMPTY_LINE     (line:  71, col:   5):	Space on empty line
Error: TOO_FEW_TAB          (line:  72, col:   1):	Missing tabs for indent level
Error: SPACE_AFTER_KW       (line:  72, col:   5):	Missing space after keyword
Error: SPACE_REPLACE_TAB    (line:  72, col:   5):	Found space when expecting tab
Error: SPC_BFR_PAR          (line:  72, col:  11):	Missing space before parenthesis (brace/bracket)
Norme check failed
$> clang -Wextra -Wall -Werror -g3 -fsanitize=address ft_split.c main.c libft.a -o user_exe

/mnt/nfs/homes/casomarr/Documents/test hors git/libft_18_11/warmachine/dirlibft//ft_split.c:13:1: error: non-void function does not return a value in all control paths [-Werror,-Wreturn-type]
}
^
/mnt/nfs/homes/casomarr/Documents/test hors git/libft_18_11/warmachine/dirlibft//ft_split.c:20:35: error: variable 'word_length' is uninitialized when used here [-Werror,-Wuninitialized]
    word = malloc(sizeof(char) * (word_length + 1));
                                  ^~~~~~~~~~~
/mnt/nfs/homes/casomarr/Documents/test hors git/libft_18_11/warmachine/dirlibft//ft_split.c:18:20: note: initialize the variable 'word_length' to silence this warning
    int word_length;
                   ^
                    = 0
/mnt/nfs/homes/casomarr/Documents/test hors git/libft_18_11/warmachine/dirlibft//ft_split.c:50:1: error: expected identifier or '('
{
^
3 errors generated.

= ft_itoa.c ====================================================================
$> norminette ft_itoa.c | grep -E '(Error|Warning)'
$> clang -Wextra -Wall -Werror -g3 -fsanitize=address ft_itoa.c main.c libft.a -o user_exe

clang: error: no such file or directory: '/mnt/nfs/homes/casomarr/Documents/test hors git/libft_18_11/warmachine/dirlibft//ft_itoa.c'

= ft_striteri.c ================================================================
$> norminette ft_striteri.c | grep -E '(Error|Warning)'
$> clang -Wextra -Wall -Werror -g3 -fsanitize=address ft_striteri.c main.c libft.a -o user_exe

clang: error: no such file or directory: '/mnt/nfs/homes/casomarr/Documents/test hors git/libft_18_11/warmachine/dirlibft//ft_striteri.c'

= ft_putchar_fd.c ==============================================================
$> norminette ft_putchar_fd.c | grep -E '(Error|Warning)'
$> clang -Wextra -Wall -Werror -g3 -fsanitize=address ft_putchar_fd.c main.c libft.a -o user_exe

clang: error: no such file or directory: '/mnt/nfs/homes/casomarr/Documents/test hors git/libft_18_11/warmachine/dirlibft//ft_putchar_fd.c'

= ft_putstr_fd.c ===============================================================
$> norminette ft_putstr_fd.c | grep -E '(Error|Warning)'
$> clang -Wextra -Wall -Werror -g3 -fsanitize=address ft_putstr_fd.c main.c libft.a -o user_exe

clang: error: no such file or directory: '/mnt/nfs/homes/casomarr/Documents/test hors git/libft_18_11/warmachine/dirlibft//ft_putstr_fd.c'

= ft_putendl_fd.c ==============================================================
$> norminette ft_putendl_fd.c | grep -E '(Error|Warning)'
$> clang -Wextra -Wall -Werror -g3 -fsanitize=address ft_putendl_fd.c main.c libft.a -o user_exe

clang: error: no such file or directory: '/mnt/nfs/homes/casomarr/Documents/test hors git/libft_18_11/warmachine/dirlibft//ft_putendl_fd.c'

= ft_putnbr_fd.c ===============================================================
$> norminette ft_putnbr_fd.c | grep -E '(Error|Warning)'
$> clang -Wextra -Wall -Werror -g3 -fsanitize=address ft_putnbr_fd.c main.c libft.a -o user_exe

clang: error: no such file or directory: '/mnt/nfs/homes/casomarr/Documents/test hors git/libft_18_11/warmachine/dirlibft//ft_putnbr_fd.c'

= Bonus_functions ==============================================================

= ft_lstnew_bonus.c ============================================================
$> norminette ft_lstnew_bonus.c | grep -E '(Error|Warning)'
$> clang -Wextra -Wall -Werror -g3 -fsanitize=address ft_lstnew.c main.c libft.a -o user_exe

clang: error: no such file or directory: '/mnt/nfs/homes/casomarr/Documents/test hors git/libft_18_11/warmachine/dirlibft//ft_lstnew.c'

= ft_lstdelone_bonus.c =========================================================
$> norminette ft_lstdelone_bonus.c | grep -E '(Error|Warning)'
$> clang -Wextra -Wall -Werror -g3 -fsanitize=address ft_lstdelone.c main.c libft.a -o user_exe

clang: error: no such file or directory: '/mnt/nfs/homes/casomarr/Documents/test hors git/libft_18_11/warmachine/dirlibft//ft_lstdelone.c'

= ft_lstclear_bonus.c ==========================================================
$> norminette ft_lstclear_bonus.c | grep -E '(Error|Warning)'
$> clang -Wextra -Wall -Werror -g3 -fsanitize=address ft_lstclear.c main.c libft.a -o user_exe

clang: error: no such file or directory: '/mnt/nfs/homes/casomarr/Documents/test hors git/libft_18_11/warmachine/dirlibft//ft_lstclear.c'

= ft_lstadd_front_bonus.c ======================================================
$> norminette ft_lstadd_front_bonus.c | grep -E '(Error|Warning)'
$> clang -Wextra -Wall -Werror -g3 -fsanitize=address ft_lstadd_front.c main.c libft.a -o user_exe

clang: error: no such file or directory: '/mnt/nfs/homes/casomarr/Documents/test hors git/libft_18_11/warmachine/dirlibft//ft_lstadd_front.c'

= ft_lstadd_back_bonus.c =======================================================
$> norminette ft_lstadd_back_bonus.c | grep -E '(Error|Warning)'
$> clang -Wextra -Wall -Werror -g3 -fsanitize=address ft_lstadd_back.c main.c libft.a -o user_exe

clang: error: no such file or directory: '/mnt/nfs/homes/casomarr/Documents/test hors git/libft_18_11/warmachine/dirlibft//ft_lstadd_back.c'

= ft_lstsize_bonus.c ===========================================================
$> norminette ft_lstsize_bonus.c | grep -E '(Error|Warning)'
$> clang -Wextra -Wall -Werror -g3 -fsanitize=address ft_lstsize.c main.c libft.a -o user_exe

clang: error: no such file or directory: '/mnt/nfs/homes/casomarr/Documents/test hors git/libft_18_11/warmachine/dirlibft//ft_lstsize.c'

= ft_lstiter_bonus.c ===========================================================
$> norminette ft_lstiter_bonus.c | grep -E '(Error|Warning)'
$> clang -Wextra -Wall -Werror -g3 -fsanitize=address ft_lstiter.c main.c libft.a -o user_exe

clang: error: no such file or directory: '/mnt/nfs/homes/casomarr/Documents/test hors git/libft_18_11/warmachine/dirlibft//ft_lstiter.c'

= ft_lstmap_bonus.c ============================================================
$> norminette ft_lstmap_bonus.c | grep -E '(Error|Warning)'
$> clang -Wextra -Wall -Werror -g3 -fsanitize=address ft_lstmap.c main.c libft.a -o user_exe

clang: error: no such file or directory: '/mnt/nfs/homes/casomarr/Documents/test hors git/libft_18_11/warmachine/dirlibft//ft_lstmap.c'

= ft_lstlast_bonus.c ===========================================================
$> norminette ft_lstlast_bonus.c | grep -E '(Error|Warning)'
$> clang -Wextra -Wall -Werror -g3 -fsanitize=address ft_lstlast.c main.c libft.a -o user_exe

clang: error: no such file or directory: '/mnt/nfs/homes/casomarr/Documents/test hors git/libft_18_11/warmachine/dirlibft//ft_lstlast.c'
