= Host-specific information ====================================================
$> hostname; uname -msr
e2r4p1.clusters.42paris.fr
Linux 5.15.0-53-generic x86_64
$> date
Fri Nov 25 06:21:33 PM CET 2022
$> gcc --version
gcc (Ubuntu 10.4.0-4ubuntu1~22.04) 10.4.0
Copyright (C) 2020 Free Software Foundation, Inc.
This is free software; see the source for copying conditions.  There is NO
warranty; not even for MERCHANTABILITY or FITNESS FOR A PARTICULAR PURPOSE.

$> clang --version
Ubuntu clang version 12.0.1-19ubuntu3
Target: x86_64-pc-linux-gnu
Thread model: posix
InstalledDir: /usr/bin

= libft.h=======================================================================
$> norminette libft.h | grep -E '(Error|Warning)'
/mnt/nfs/homes/casomarr/Documents/test hors git/libft_25_11/warmachine/dirlibft/libft.h: Error!
Error: INVALID_HEADER       (line:   1, col:   1):	Missing or invalid 42 header
Error: PREPROC_BAD_INDENT   (line:   3, col:   1):	Bad preprocessor indentation
Error: PREPROC_BAD_INDENT   (line:   5, col:   1):	Bad preprocessor indentation
Error: PREPROC_BAD_INDENT   (line:   6, col:   1):	Bad preprocessor indentation
Error: PREPROC_BAD_INDENT   (line:   7, col:   1):	Bad preprocessor indentation
Error: PREPROC_BAD_INDENT   (line:   8, col:   1):	Bad preprocessor indentation
Error: PREPROC_BAD_INDENT   (line:   9, col:   1):	Bad preprocessor indentation
Error: PREPROC_BAD_INDENT   (line:  10, col:   1):	Bad preprocessor indentation
Error: SPACE_REPLACE_TAB    (line:  12, col:   4):	Found space when expecting tab
Error: SPACE_REPLACE_TAB    (line:  13, col:   5):	Found space when expecting tab
Error: EXP_PARENTHESIS      (line:  13, col:  14):	Expected parenthesis
Error: SPACE_REPLACE_TAB    (line:  14, col:   5):	Found space when expecting tab
Error: SPACE_REPLACE_TAB    (line:  15, col:   4):	Found space when expecting tab
Error: SPACE_REPLACE_TAB    (line:  16, col:   4):	Found space when expecting tab
Error: SPACE_REPLACE_TAB    (line:  17, col:   4):	Found space when expecting tab
Error: SPACE_REPLACE_TAB    (line:  18, col:   4):	Found space when expecting tab
Error: SPACE_REPLACE_TAB    (line:  19, col:   4):	Found space when expecting tab
Error: SPACE_REPLACE_TAB    (line:  20, col:   5):	Found space when expecting tab
Error: SPACE_REPLACE_TAB    (line:  21, col:   4):	Found space when expecting tab
Error: SPACE_REPLACE_TAB    (line:  22, col:   5):	Found space when expecting tab
Error: SPACE_REPLACE_TAB    (line:  23, col:   5):	Found space when expecting tab
Error: SPACE_REPLACE_TAB    (line:  24, col:   5):	Found space when expecting tab
Error: SPACE_REPLACE_TAB    (line:  25, col:   5):	Found space when expecting tab
Error: SPACE_REPLACE_TAB    (line:  26, col:   7):	Found space when expecting tab
Error: SPACE_REPLACE_TAB    (line:  28, col:   7):	Found space when expecting tab
Error: SPACE_REPLACE_TAB    (line:  29, col:   4):	Found space when expecting tab
Error: SPACE_REPLACE_TAB    (line:  30, col:   5):	Found space when expecting tab
Error: SPACE_REPLACE_TAB    (line:  31, col:   5):	Found space when expecting tab
Error: SPACE_REPLACE_TAB    (line:  32, col:   4):	Found space when expecting tab
Error: EXP_PARENTHESIS      (line:  32, col:  15):	Expected parenthesis
Error: SPACE_REPLACE_TAB    (line:  33, col:   4):	Found space when expecting tab
Error: EXP_PARENTHESIS      (line:  33, col:  15):	Expected parenthesis
Error: SPACE_REPLACE_TAB    (line:  34, col:   5):	Found space when expecting tab
Error: SPACE_REPLACE_TAB    (line:  36, col:   5):	Found space when expecting tab
Error: SPACE_REPLACE_TAB    (line:  37, col:   5):	Found space when expecting tab
Error: SPACE_REPLACE_TAB    (line:  38, col:   5):	Found space when expecting tab
Error: SPACE_REPLACE_TAB    (line:  39, col:   5):	Found space when expecting tab
Error: SPACE_REPLACE_TAB    (line:  40, col:   5):	Found space when expecting tab
Error: SPACE_REPLACE_TAB    (line:  41, col:   5):	Found space when expecting tab
Error: SPACE_REPLACE_TAB    (line:  42, col:   5):	Found space when expecting tab
Error: SPACE_REPLACE_TAB    (line:  44, col:   5):	Found space when expecting tab
Error: SPACE_REPLACE_TAB    (line:  45, col:   5):	Found space when expecting tab
Error: SPACE_REPLACE_TAB    (line:  46, col:   5):	Found space when expecting tab
Error: SPACE_REPLACE_TAB    (line:  47, col:   5):	Found space when expecting tab
Norme check failed

= Compiling libft ==============================================================
$> make re
/bin/rm -f libft.a
cc    -c -o ft_isalpha.o ft_isalpha.c
cc    -c -o ft_isdigit.o ft_isdigit.c
cc    -c -o ft_isalnum.o ft_isalnum.c
cc    -c -o ft_isascii.o ft_isascii.c
cc    -c -o ft_isprint.o ft_isprint.c
cc    -c -o ft_strlen.o ft_strlen.c
cc    -c -o ft_memset.o ft_memset.c
cc    -c -o ft_bzero.o ft_bzero.c
cc    -c -o ft_memcpy.o ft_memcpy.c
cc    -c -o ft_strlcpy.o ft_strlcpy.c
cc    -c -o ft_strlcat.o ft_strlcat.c
cc    -c -o ft_toupper.o ft_toupper.c
cc    -c -o ft_tolower.o ft_tolower.c
cc    -c -o ft_strchr.o ft_strchr.c
cc    -c -o ft_strrchr.o ft_strrchr.c
cc    -c -o ft_strncmp.o ft_strncmp.c
cc    -c -o ft_memchr.o ft_memchr.c
cc    -c -o ft_memcmp.o ft_memcmp.c
cc    -c -o ft_strnstr.o ft_strnstr.c
cc    -c -o ft_atoi.o ft_atoi.c
cc    -c -o ft_calloc.o ft_calloc.c
cc    -c -o ft_strdup.o ft_strdup.c
cc    -c -o ft_memmove.o ft_memmove.c
cc    -c -o ft_substr.o ft_substr.c
cc    -c -o ft_strjoin.o ft_strjoin.c
cc    -c -o ft_strtrim.o ft_strtrim.c
cc    -c -o ft_split.o ft_split.c
cc    -c -o ft_itoa.o ft_itoa.c
ft_itoa.c:73:8: warning: incompatible integer to pointer conversion returning 'char' from a function with result type 'char *' [-Wint-conversion]
        return(reverse(string));
              ^~~~~~~~~~~~~~~~~
ft_itoa.c:81:11: warning: more '%' conversions than data arguments [-Wformat-insufficient-args]
        printf("%s\n, (char *)ft_itoa(n)");
                ~^
2 warnings generated.
cc    -c -o ft_strmapi.o ft_strmapi.c
cc    -c -o ft_striteri.o ft_striteri.c
cc    -c -o ft_putchar_fd.o ft_putchar_fd.c
cc    -c -o ft_putstr_fd.o ft_putstr_fd.c
cc    -c -o ft_putendl_fd.o ft_putendl_fd.c
cc    -c -o ft_putnbr_fd.o ft_putnbr_fd.c
ar rc libft.a ft_isalpha.o ft_isdigit.o ft_isalnum.o ft_isdigit.o ft_isascii.o ft_isprint.o ft_strlen.o ft_memset.o ft_bzero.o ft_memcpy.o ft_strlcpy.o ft_strlcat.o ft_toupper.o ft_tolower.o ft_strchr.o ft_strrchr.o ft_strncmp.o ft_memchr.o ft_memcmp.o ft_strnstr.o ft_atoi.o ft_calloc.o ft_strdup.o ft_memmove.o ft_substr.o ft_strjoin.o ft_strtrim.o ft_split.o ft_itoa.o ft_strmapi.o ft_striteri.o ft_putchar_fd.o ft_putstr_fd.o ft_putendl_fd.o ft_putnbr_fd.o 

$> make bonus
make: *** No rule to make target 'bonus'.  Stop.

$> ls -la libft.a
-rw-r--r-- 1 casomarr 2022_paris 47280 Nov 25 18:21 /mnt/nfs/homes/casomarr/Documents/test hors git/libft_25_11/warmachine/dirlibft/libft.a

= Part1_functions ==============================================================

= ft_memset.c ==================================================================
$> norminette ft_memset.c | grep -E '(Error|Warning)'
$> clang -Wextra -Wall -Werror -g3 -fsanitize=address ft_memset.c main.c libft.a -o user_exe

= Test 1 ===================================================
$> ./user_exe 01
$> diff -U 3 user_output_test01 test01.output

Diff OK :D
= Test 2 ===================================================
$> ./user_exe 02
$> diff -U 3 user_output_test02 test02.output

Diff OK :D
= Test 3 ===================================================
$> ./user_exe 03
$> diff -U 3 user_output_test03 test03.output

Diff OK :D
= Test 4 ===================================================
$> ./user_exe 04
$> diff -U 3 user_output_test04 test04.output

Diff OK :D

= ft_bzero.c ===================================================================
$> norminette ft_bzero.c | grep -E '(Error|Warning)'
$> clang -Wextra -Wall -Werror -g3 -fsanitize=address ft_bzero.c main.c libft.a -o user_exe

= Test 1 ===================================================
$> ./user_exe 01
$> diff -U 3 user_output_test01 test01.output

Diff OK :D
= Test 2 ===================================================
$> ./user_exe 02
$> diff -U 3 user_output_test02 test02.output

Diff OK :D

= ft_calloc.c ==================================================================
$> norminette ft_calloc.c | grep -E '(Error|Warning)'
$> clang -Wextra -Wall -Werror -g3 -fsanitize=address ft_calloc.c main.c libft.a -o user_exe

= Test 1 ===================================================
$> ./user_exe 01
$> diff -U 3 user_output_test01 test01.output

Diff OK :D

= ft_memcpy.c ==================================================================
$> norminette ft_memcpy.c | grep -E '(Error|Warning)'
$> clang -Wextra -Wall -Werror -g3 -fsanitize=address ft_memcpy.c main.c libft.a -o user_exe

= Test 1 ===================================================
$> ./user_exe 01
$> diff -U 3 user_output_test01 test01.output

Diff OK :D
= Test 2 ===================================================
$> ./user_exe 02
$> diff -U 3 user_output_test02 test02.output

Diff OK :D
= Test 3 ===================================================
$> ./user_exe 03
$> diff -U 3 user_output_test03 test03.output

Diff OK :D

= ft_memmove.c =================================================================
$> norminette ft_memmove.c | grep -E '(Error|Warning)'
$> clang -Wextra -Wall -Werror -g3 -fsanitize=address ft_memmove.c main.c libft.a -o user_exe

= Test 1 ===================================================
$> ./user_exe 01
$> diff -U 3 user_output_test01 test01.output

Diff OK :D
= Test 2 ===================================================
$> ./user_exe 02
$> diff -U 3 user_output_test02 test02.output

Diff OK :D
= Test 3 ===================================================
$> ./user_exe 03
$> diff -U 3 user_output_test03 test03.output

Diff OK :D
= Test 4 ===================================================
$> ./user_exe 04
$> diff -U 3 user_output_test04 test04.output

Diff OK :D
= Test 5 ===================================================
$> ./user_exe 05
$> diff -U 3 user_output_test05 test05.output

Diff OK :D

= ft_memchr.c ==================================================================
$> norminette ft_memchr.c | grep -E '(Error|Warning)'
$> clang -Wextra -Wall -Werror -g3 -fsanitize=address ft_memchr.c main.c libft.a -o user_exe

= Test 1 ===================================================
$> ./user_exe 01
$> diff -U 3 user_output_test01 test01.output

Diff OK :D
= Test 2 ===================================================
$> ./user_exe 02
$> diff -U 3 user_output_test02 test02.output

Diff OK :D
= Test 3 ===================================================
$> ./user_exe 03
$> diff -U 3 user_output_test03 test03.output

Diff OK :D
= Test 4 ===================================================
$> ./user_exe 04
$> diff -U 3 user_output_test04 test04.output

Diff OK :D
= Test 5 ===================================================
$> ./user_exe 05
$> diff -U 3 user_output_test05 test05.output

Diff OK :D
= Test 6 ===================================================
$> ./user_exe 06
$> diff -U 3 user_output_test06 test06.output

Diff OK :D

= ft_memcmp.c ==================================================================
$> norminette ft_memcmp.c | grep -E '(Error|Warning)'
$> clang -Wextra -Wall -Werror -g3 -fsanitize=address ft_memcmp.c main.c libft.a -o user_exe

= Test 1 ===================================================
$> ./user_exe 01
$> diff -U 3 user_output_test01 test01.output

Diff OK :D
= Test 2 ===================================================
$> ./user_exe 02
$> diff -U 3 user_output_test02 test02.output

Diff OK :D
= Test 3 ===================================================
$> ./user_exe 03
$> diff -U 3 user_output_test03 test03.output

Diff OK :D
= Test 4 ===================================================
$> ./user_exe 04
$> diff -U 3 user_output_test04 test04.output

Diff OK :D
= Test 5 ===================================================
$> ./user_exe 05
$> diff -U 3 user_output_test05 test05.output

Diff OK :D
= Test 6 ===================================================
$> ./user_exe 06
$> diff -U 3 user_output_test06 test06.output

Diff OK :D
= Test 7 ===================================================
$> ./user_exe 07
$> diff -U 3 user_output_test07 test07.output

Diff OK :D
= Test 8 ===================================================
$> ./user_exe 08
$> diff -U 3 user_output_test08 test08.output

Diff OK :D
= Test 9 ===================================================
$> ./user_exe 09
$> diff -U 3 user_output_test09 test09.output

Diff OK :D

= ft_strlen.c ==================================================================
$> norminette ft_strlen.c | grep -E '(Error|Warning)'
$> clang -Wextra -Wall -Werror -g3 -fsanitize=address ft_strlen.c main.c libft.a -o user_exe

= Test 1 ===================================================
$> ./user_exe 01
$> diff -U 3 user_output_test01 test01.output

Diff OK :D
= Test 2 ===================================================
$> ./user_exe 02
$> diff -U 3 user_output_test02 test02.output

Diff OK :D
= Test 3 ===================================================
$> ./user_exe 03
$> diff -U 3 user_output_test03 test03.output

Diff OK :D
= Test 4 ===================================================
$> ./user_exe 04
$> diff -U 3 user_output_test04 test04.output

Diff OK :D
= Test 5 ===================================================
$> ./user_exe 05
$> diff -U 3 user_output_test05 test05.output

Diff OK :D
= Test 6 ===================================================
$> ./user_exe 06
$> diff -U 3 user_output_test06 test06.output

Diff OK :D

= ft_strdup.c ==================================================================
$> norminette ft_strdup.c | grep -E '(Error|Warning)'
$> clang -Wextra -Wall -Werror -g3 -fsanitize=address ft_strdup.c main.c libft.a -o user_exe

= Test 1 ===================================================
$> ./user_exe 01
$> diff -U 3 user_output_test01 test01.output

Diff OK :D

= ft_strlcat.c =================================================================
$> norminette ft_strlcat.c | grep -E '(Error|Warning)'
$> clang -Wextra -Wall -Werror -g3 -fsanitize=address ft_strlcat.c main.c libft.a -o user_exe

= Test 1 ===================================================
$> ./user_exe 01
$> diff -U 3 user_output_test01 test01.output

Diff OK :D
= Test 2 ===================================================
$> ./user_exe 02
$> diff -U 3 user_output_test02 test02.output

Diff OK :D
= Test 3 ===================================================
$> ./user_exe 03
$> diff -U 3 user_output_test03 test03.output

Diff OK :D
= Test 4 ===================================================
$> ./user_exe 04
$> diff -U 3 user_output_test04 test04.output

Diff OK :D
= Test 5 ===================================================
$> ./user_exe 05
$> diff -U 3 user_output_test05 test05.output

Diff OK :D
= Test 6 ===================================================
$> ./user_exe 06
$> diff -U 3 user_output_test06 test06.output

Diff OK :D
= Test 7 ===================================================
$> ./user_exe 07
$> diff -U 3 user_output_test07 test07.output

Diff OK :D
= Test 8 ===================================================
$> ./user_exe 08
$> diff -U 3 user_output_test08 test08.output

Diff OK :D
= Test 9 ===================================================
$> ./user_exe 09
$> diff -U 3 user_output_test09 test09.output

Diff OK :D

= ft_strlcpy.c =================================================================
$> norminette ft_strlcpy.c | grep -E '(Error|Warning)'
$> clang -Wextra -Wall -Werror -g3 -fsanitize=address ft_strlcpy.c main.c libft.a -o user_exe

= Test 1 ===================================================
$> ./user_exe 01
$> diff -U 3 user_output_test01 test01.output

Diff OK :D
= Test 2 ===================================================
$> ./user_exe 02
$> diff -U 3 user_output_test02 test02.output

Diff OK :D
= Test 3 ===================================================
$> ./user_exe 03
$> diff -U 3 user_output_test03 test03.output
Binary files /mnt/nfs/homes/casomarr/Documents/test hors git/libft_25_11/warmachine/tests/Part1_functions/ft_strlcpy/user_output_test03 and /mnt/nfs/homes/casomarr/Documents/test hors git/libft_25_11/warmachine/tests/Part1_functions/ft_strlcpy/test03.output differ$

Diff KO :(
= Test 4 ===================================================
$> ./user_exe 04
$> diff -U 3 user_output_test04 test04.output
Binary files /mnt/nfs/homes/casomarr/Documents/test hors git/libft_25_11/warmachine/tests/Part1_functions/ft_strlcpy/user_output_test04 and /mnt/nfs/homes/casomarr/Documents/test hors git/libft_25_11/warmachine/tests/Part1_functions/ft_strlcpy/test04.output differ$

Diff KO :(
= Test 5 ===================================================
$> ./user_exe 05
$> diff -U 3 user_output_test05 test05.output

Diff OK :D

= ft_strchr.c ==================================================================
$> norminette ft_strchr.c | grep -E '(Error|Warning)'
$> clang -Wextra -Wall -Werror -g3 -fsanitize=address ft_strchr.c main.c libft.a -o user_exe

= Test 1 ===================================================
$> ./user_exe 01
$> diff -U 3 user_output_test01 test01.output

Diff OK :D
= Test 2 ===================================================
$> ./user_exe 02
$> diff -U 3 user_output_test02 test02.output

Diff OK :D
= Test 3 ===================================================
$> ./user_exe 03
$> diff -U 3 user_output_test03 test03.output

Diff OK :D
= Test 4 ===================================================
$> ./user_exe 04
$> diff -U 3 user_output_test04 test04.output

Diff OK :D
= Test 5 ===================================================
$> ./user_exe 05
$> diff -U 3 user_output_test05 test05.output

Diff OK :D
= Test 6 ===================================================
$> ./user_exe 06
$> diff -U 3 user_output_test06 test06.output

Diff OK :D

= ft_strrchr.c =================================================================
$> norminette ft_strrchr.c | grep -E '(Error|Warning)'
$> clang -Wextra -Wall -Werror -g3 -fsanitize=address ft_strrchr.c main.c libft.a -o user_exe

= Test 1 ===================================================
$> ./user_exe 01
$> diff -U 3 user_output_test01 test01.output

Diff OK :D
= Test 2 ===================================================
$> ./user_exe 02
$> diff -U 3 user_output_test02 test02.output

Diff OK :D
= Test 3 ===================================================
$> ./user_exe 03
$> diff -U 3 user_output_test03 test03.output

Diff OK :D
= Test 4 ===================================================
$> ./user_exe 04
$> diff -U 3 user_output_test04 test04.output

Diff OK :D
= Test 5 ===================================================
$> ./user_exe 05
$> diff -U 3 user_output_test05 test05.output

Diff OK :D
= Test 6 ===================================================
$> ./user_exe 06
$> diff -U 3 user_output_test06 test06.output

Diff OK :D
= Test 7 ===================================================
$> ./user_exe 07
$> diff -U 3 user_output_test07 test07.output

Diff OK :D
= Test 8 ===================================================
$> ./user_exe 08
$> diff -U 3 user_output_test08 test08.output

Diff OK :D

= ft_strnstr.c =================================================================
$> norminette ft_strnstr.c | grep -E '(Error|Warning)'
$> clang -Wextra -Wall -Werror -g3 -fsanitize=address ft_strnstr.c main.c libft.a -o user_exe

= Test 1 ===================================================
$> ./user_exe 01
$> diff -U 3 user_output_test01 test01.output

Diff OK :D
= Test 2 ===================================================
$> ./user_exe 02
$> diff -U 3 user_output_test02 test02.output

Diff OK :D
= Test 3 ===================================================
$> ./user_exe 03
$> diff -U 3 user_output_test03 test03.output

Diff OK :D
= Test 4 ===================================================
$> ./user_exe 04
$> diff -U 3 user_output_test04 test04.output

Diff OK :D
= Test 5 ===================================================
$> ./user_exe 05
$> diff -U 3 user_output_test05 test05.output
--- "/mnt/nfs/homes/casomarr/Documents/test hors git/libft_25_11/warmachine/tests/Part1_functions/ft_strnstr/user_output_test05"	2022-11-25 18:21:44.779648227 +0100$
+++ "/mnt/nfs/homes/casomarr/Documents/test hors git/libft_25_11/warmachine/tests/Part1_functions/ft_strnstr/test05.output"	2022-11-18 18:31:43.977033000 +0100$
@@ -0,0 +1 @@$
+NULL$
\ No newline at end of file$

Diff KO :(
= Test 6 ===================================================
$> ./user_exe 06
$> diff -U 3 user_output_test06 test06.output

Diff OK :D
= Test 7 ===================================================
$> ./user_exe 07
$> diff -U 3 user_output_test07 test07.output
--- "/mnt/nfs/homes/casomarr/Documents/test hors git/libft_25_11/warmachine/tests/Part1_functions/ft_strnstr/user_output_test07"	2022-11-25 18:21:44.902648956 +0100$
+++ "/mnt/nfs/homes/casomarr/Documents/test hors git/libft_25_11/warmachine/tests/Part1_functions/ft_strnstr/test07.output"	2022-11-18 18:31:43.982033000 +0100$
@@ -0,0 +1 @@$
+NULL$
\ No newline at end of file$

Diff KO :(
= Test 8 ===================================================
$> ./user_exe 08
$> diff -U 3 user_output_test08 test08.output

Diff OK :D
= Test 9 ===================================================
$> ./user_exe 09
$> diff -U 3 user_output_test09 test09.output
--- "/mnt/nfs/homes/casomarr/Documents/test hors git/libft_25_11/warmachine/tests/Part1_functions/ft_strnstr/user_output_test09"	2022-11-25 18:21:45.029649708 +0100$
+++ "/mnt/nfs/homes/casomarr/Documents/test hors git/libft_25_11/warmachine/tests/Part1_functions/ft_strnstr/test09.output"	2022-11-18 18:31:43.988033000 +0100$
@@ -1 +1 @@$
-dolor sit amet$
\ No newline at end of file$
+NULL$
\ No newline at end of file$

Diff KO :(
= Test 10 ==================================================
$> ./user_exe 10
$> diff -U 3 user_output_test10 test10.output

Diff OK :D

= ft_strncmp.c =================================================================
$> norminette ft_strncmp.c | grep -E '(Error|Warning)'
$> clang -Wextra -Wall -Werror -g3 -fsanitize=address ft_strncmp.c main.c libft.a -o user_exe

= Test 1 ===================================================
$> ./user_exe 01
$> diff -U 3 user_output_test01 test01.output

Diff OK :D
= Test 2 ===================================================
$> ./user_exe 02
$> diff -U 3 user_output_test02 test02.output

Diff OK :D
= Test 3 ===================================================
$> ./user_exe 03
$> diff -U 3 user_output_test03 test03.output

Diff OK :D
= Test 4 ===================================================
$> ./user_exe 04
$> diff -U 3 user_output_test04 test04.output

Diff OK :D
= Test 5 ===================================================
$> ./user_exe 05
$> diff -U 3 user_output_test05 test05.output

Diff OK :D
= Test 6 ===================================================
$> ./user_exe 06
$> diff -U 3 user_output_test06 test06.output

Diff OK :D
= Test 7 ===================================================
$> ./user_exe 07
$> diff -U 3 user_output_test07 test07.output

Diff OK :D
= Test 8 ===================================================
$> ./user_exe 08
$> diff -U 3 user_output_test08 test08.output

Diff OK :D
= Test 9 ===================================================
$> ./user_exe 09
$> diff -U 3 user_output_test09 test09.output

Diff OK :D
= Test 10 ==================================================
$> ./user_exe 10
$> diff -U 3 user_output_test10 test10.output

Diff OK :D
= Test 11 ==================================================
$> ./user_exe 11
$> diff -U 3 user_output_test11 test11.output
--- "/mnt/nfs/homes/casomarr/Documents/test hors git/libft_25_11/warmachine/tests/Part1_functions/ft_strncmp/user_output_test11"	2022-11-25 18:21:45.778654148 +0100$
+++ "/mnt/nfs/homes/casomarr/Documents/test hors git/libft_25_11/warmachine/tests/Part1_functions/ft_strncmp/test11.output"	2022-11-18 18:31:43.943033000 +0100$
@@ -1 +1 @@$
--1$
\ No newline at end of file$
+1$
\ No newline at end of file$

Diff KO :(

= ft_atoi.c ====================================================================
$> norminette ft_atoi.c | grep -E '(Error|Warning)'
$> clang -Wextra -Wall -Werror -g3 -fsanitize=address ft_atoi.c main.c libft.a -o user_exe

= Test 1 ===================================================
$> ./user_exe 01
$> diff -U 3 user_output_test01 test01.output

Diff OK :D
= Test 2 ===================================================
$> ./user_exe 02
$> diff -U 3 user_output_test02 test02.output

Diff OK :D
= Test 3 ===================================================
$> ./user_exe 03
$> diff -U 3 user_output_test03 test03.output

Diff OK :D
= Test 4 ===================================================
$> ./user_exe 04
$> diff -U 3 user_output_test04 test04.output

Diff OK :D
= Test 5 ===================================================
$> ./user_exe 05
$> diff -U 3 user_output_test05 test05.output

Diff OK :D
= Test 6 ===================================================
$> ./user_exe 06
$> diff -U 3 user_output_test06 test06.output

Diff OK :D
= Test 7 ===================================================
$> ./user_exe 07
$> diff -U 3 user_output_test07 test07.output

Diff OK :D
= Test 8 ===================================================
$> ./user_exe 08
$> diff -U 3 user_output_test08 test08.output

Diff OK :D
= Test 9 ===================================================
$> ./user_exe 09
$> diff -U 3 user_output_test09 test09.output

Diff OK :D
= Test 10 ==================================================
$> ./user_exe 10
$> diff -U 3 user_output_test10 test10.output

Diff OK :D
= Test 11 ==================================================
$> ./user_exe 11
$> diff -U 3 user_output_test11 test11.output

Diff OK :D
= Test 12 ==================================================
$> ./user_exe 12
$> diff -U 3 user_output_test12 test12.output

Diff OK :D
= Test 13 ==================================================
$> ./user_exe 13
$> diff -U 3 user_output_test13 test13.output

Diff OK :D
= Test 14 ==================================================
$> ./user_exe 14
$> diff -U 3 user_output_test14 test14.output

Diff OK :D
= Test 15 ==================================================
$> ./user_exe 15
$> diff -U 3 user_output_test15 test15.output

Diff OK :D
= Test 16 ==================================================
$> ./user_exe 16
$> diff -U 3 user_output_test16 test16.output

Diff OK :D
= Test 17 ==================================================
$> ./user_exe 17
$> diff -U 3 user_output_test17 test17.output

Diff OK :D
= Test 18 ==================================================
$> ./user_exe 18
$> diff -U 3 user_output_test18 test18.output

Diff OK :D
= Test 19 ==================================================
$> ./user_exe 19
$> diff -U 3 user_output_test19 test19.output

Diff OK :D

= ft_isalpha.c =================================================================
$> norminette ft_isalpha.c | grep -E '(Error|Warning)'
$> clang -Wextra -Wall -Werror -g3 -fsanitize=address ft_isalpha.c main.c libft.a -o user_exe

= Test 1 ===================================================
$> ./user_exe 01
$> diff -U 3 user_output_test01 test01.output

Diff OK :D
= Test 2 ===================================================
$> ./user_exe 02
$> diff -U 3 user_output_test02 test02.output

Diff OK :D
= Test 3 ===================================================
$> ./user_exe 03
$> diff -U 3 user_output_test03 test03.output

Diff OK :D
= Test 4 ===================================================
$> ./user_exe 04
$> diff -U 3 user_output_test04 test04.output

Diff OK :D
= Test 5 ===================================================
$> ./user_exe 05
$> diff -U 3 user_output_test05 test05.output

Diff OK :D
= Test 6 ===================================================
$> ./user_exe 06
$> diff -U 3 user_output_test06 test06.output

Diff OK :D
= Test 7 ===================================================
$> ./user_exe 07
$> diff -U 3 user_output_test07 test07.output

Diff OK :D

= ft_isdigit.c =================================================================
$> norminette ft_isdigit.c | grep -E '(Error|Warning)'
$> clang -Wextra -Wall -Werror -g3 -fsanitize=address ft_isdigit.c main.c libft.a -o user_exe

= Test 1 ===================================================
$> ./user_exe 01
$> diff -U 3 user_output_test01 test01.output

Diff OK :D
= Test 2 ===================================================
$> ./user_exe 02
$> diff -U 3 user_output_test02 test02.output

Diff OK :D
= Test 3 ===================================================
$> ./user_exe 03
$> diff -U 3 user_output_test03 test03.output

Diff OK :D
= Test 4 ===================================================
$> ./user_exe 04
$> diff -U 3 user_output_test04 test04.output

Diff OK :D
= Test 5 ===================================================
$> ./user_exe 05
$> diff -U 3 user_output_test05 test05.output

Diff OK :D
= Test 6 ===================================================
$> ./user_exe 06
$> diff -U 3 user_output_test06 test06.output

Diff OK :D
= Test 7 ===================================================
$> ./user_exe 07
$> diff -U 3 user_output_test07 test07.output

Diff OK :D

= ft_isalnum.c =================================================================
$> norminette ft_isalnum.c | grep -E '(Error|Warning)'
$> clang -Wextra -Wall -Werror -g3 -fsanitize=address ft_isalnum.c main.c libft.a -o user_exe

= Test 1 ===================================================
$> ./user_exe 01
$> diff -U 3 user_output_test01 test01.output

Diff OK :D
= Test 2 ===================================================
$> ./user_exe 02
$> diff -U 3 user_output_test02 test02.output

Diff OK :D
= Test 3 ===================================================
$> ./user_exe 03
$> diff -U 3 user_output_test03 test03.output

Diff OK :D
= Test 4 ===================================================
$> ./user_exe 04
$> diff -U 3 user_output_test04 test04.output

Diff OK :D
= Test 5 ===================================================
$> ./user_exe 05
$> diff -U 3 user_output_test05 test05.output

Diff OK :D
= Test 6 ===================================================
$> ./user_exe 06
$> diff -U 3 user_output_test06 test06.output

Diff OK :D
= Test 7 ===================================================
$> ./user_exe 07
$> diff -U 3 user_output_test07 test07.output

Diff OK :D

= ft_isascii.c =================================================================
$> norminette ft_isascii.c | grep -E '(Error|Warning)'
$> clang -Wextra -Wall -Werror -g3 -fsanitize=address ft_isascii.c main.c libft.a -o user_exe

= Test 1 ===================================================
$> ./user_exe 01
$> diff -U 3 user_output_test01 test01.output

Diff OK :D
= Test 2 ===================================================
$> ./user_exe 02
$> diff -U 3 user_output_test02 test02.output

Diff OK :D
= Test 3 ===================================================
$> ./user_exe 03
$> diff -U 3 user_output_test03 test03.output

Diff OK :D
= Test 4 ===================================================
$> ./user_exe 04
$> diff -U 3 user_output_test04 test04.output

Diff OK :D
= Test 5 ===================================================
$> ./user_exe 05
$> diff -U 3 user_output_test05 test05.output

Diff OK :D
= Test 6 ===================================================
$> ./user_exe 06
$> diff -U 3 user_output_test06 test06.output

Diff OK :D
= Test 7 ===================================================
$> ./user_exe 07
$> diff -U 3 user_output_test07 test07.output

Diff OK :D
= Test 8 ===================================================
$> ./user_exe 08
$> diff -U 3 user_output_test08 test08.output

Diff OK :D

= ft_isprint.c =================================================================
$> norminette ft_isprint.c | grep -E '(Error|Warning)'
$> clang -Wextra -Wall -Werror -g3 -fsanitize=address ft_isprint.c main.c libft.a -o user_exe

= Test 1 ===================================================
$> ./user_exe 01
$> diff -U 3 user_output_test01 test01.output

Diff OK :D
= Test 2 ===================================================
$> ./user_exe 02
$> diff -U 3 user_output_test02 test02.output

Diff OK :D
= Test 3 ===================================================
$> ./user_exe 03
$> diff -U 3 user_output_test03 test03.output

Diff OK :D
= Test 4 ===================================================
$> ./user_exe 04
$> diff -U 3 user_output_test04 test04.output

Diff OK :D
= Test 5 ===================================================
$> ./user_exe 05
$> diff -U 3 user_output_test05 test05.output

Diff OK :D
= Test 6 ===================================================
$> ./user_exe 06
$> diff -U 3 user_output_test06 test06.output

Diff OK :D
= Test 7 ===================================================
$> ./user_exe 07
$> diff -U 3 user_output_test07 test07.output

Diff OK :D

= ft_toupper.c =================================================================
$> norminette ft_toupper.c | grep -E '(Error|Warning)'
$> clang -Wextra -Wall -Werror -g3 -fsanitize=address ft_toupper.c main.c libft.a -o user_exe

= Test 1 ===================================================
$> ./user_exe 01
$> diff -U 3 user_output_test01 test01.output

Diff OK :D
= Test 2 ===================================================
$> ./user_exe 02
$> diff -U 3 user_output_test02 test02.output

Diff OK :D
= Test 3 ===================================================
$> ./user_exe 03
$> diff -U 3 user_output_test03 test03.output

Diff OK :D
= Test 4 ===================================================
$> ./user_exe 04
$> diff -U 3 user_output_test04 test04.output

Diff OK :D
= Test 5 ===================================================
$> ./user_exe 05
$> diff -U 3 user_output_test05 test05.output

Diff OK :D
= Test 6 ===================================================
$> ./user_exe 06
$> diff -U 3 user_output_test06 test06.output

Diff OK :D
= Test 7 ===================================================
$> ./user_exe 07
$> diff -U 3 user_output_test07 test07.output

Diff OK :D

= ft_tolower.c =================================================================
$> norminette ft_tolower.c | grep -E '(Error|Warning)'
$> clang -Wextra -Wall -Werror -g3 -fsanitize=address ft_tolower.c main.c libft.a -o user_exe

= Test 1 ===================================================
$> ./user_exe 01
$> diff -U 3 user_output_test01 test01.output

Diff OK :D
= Test 2 ===================================================
$> ./user_exe 02
$> diff -U 3 user_output_test02 test02.output

Diff OK :D
= Test 3 ===================================================
$> ./user_exe 03
$> diff -U 3 user_output_test03 test03.output

Diff OK :D
= Test 4 ===================================================
$> ./user_exe 04
$> diff -U 3 user_output_test04 test04.output

Diff OK :D
= Test 5 ===================================================
$> ./user_exe 05
$> diff -U 3 user_output_test05 test05.output

Diff OK :D
= Test 6 ===================================================
$> ./user_exe 06
$> diff -U 3 user_output_test06 test06.output

Diff OK :D
= Test 7 ===================================================
$> ./user_exe 07
$> diff -U 3 user_output_test07 test07.output

Diff OK :D

= Part2_functions ==============================================================

= ft_strmapi.c =================================================================
$> norminette ft_strmapi.c | grep -E '(Error|Warning)'
$> clang -Wextra -Wall -Werror -g3 -fsanitize=address ft_strmapi.c main.c libft.a -o user_exe

= Test 1 ===================================================
$> ./user_exe 01
$> diff -U 3 user_output_test01 test01.output

Diff OK :D

= ft_substr.c ==================================================================
$> norminette ft_substr.c | grep -E '(Error|Warning)'
$> clang -Wextra -Wall -Werror -g3 -fsanitize=address ft_substr.c main.c libft.a -o user_exe

= Test 1 ===================================================
$> ./user_exe 01
$> diff -U 3 user_output_test01 test01.output
--- "/mnt/nfs/homes/casomarr/Documents/test hors git/libft_25_11/warmachine/tests/Part2_functions/ft_substr/user_output_test01"	2022-11-25 18:21:51.935690640 +0100$
+++ "/mnt/nfs/homes/casomarr/Documents/test hors git/libft_25_11/warmachine/tests/Part2_functions/ft_substr/test01.output"	2022-11-18 18:31:44.391036000 +0100$
@@ -0,0 +1 @@$
+lorem ipsu$
\ No newline at end of file$

Diff KO :(
= Test 2 ===================================================
$> ./user_exe 02
$> diff -U 3 user_output_test02 test02.output
--- "/mnt/nfs/homes/casomarr/Documents/test hors git/libft_25_11/warmachine/tests/Part2_functions/ft_substr/user_output_test02"	2022-11-25 18:21:52.030691204 +0100$
+++ "/mnt/nfs/homes/casomarr/Documents/test hors git/libft_25_11/warmachine/tests/Part2_functions/ft_substr/test02.output"	2022-11-18 18:31:44.393036000 +0100$
@@ -0,0 +1 @@$
+psum dolor$
\ No newline at end of file$

Diff KO :(
= Test 3 ===================================================
$> ./user_exe 03
$> diff -U 3 user_output_test03 test03.output

Diff OK :D
= Test 4 ===================================================
$> ./user_exe 04
$> diff -U 3 user_output_test04 test04.output

Diff OK :D
= Test 5 ===================================================
$> ./user_exe 05
$> diff -U 3 user_output_test05 test05.output

Diff OK :D

= ft_strjoin.c =================================================================
$> norminette ft_strjoin.c | grep -E '(Error|Warning)'
$> clang -Wextra -Wall -Werror -g3 -fsanitize=address ft_strjoin.c main.c libft.a -o user_exe

= Test 1 ===================================================
$> ./user_exe 01
$> diff -U 3 user_output_test01 test01.output

Diff OK :D
= Test 2 ===================================================
$> ./user_exe 02
$> diff -U 3 user_output_test02 test02.output

Diff OK :D
= Test 3 ===================================================
$> ./user_exe 03
$> diff -U 3 user_output_test03 test03.output

Diff OK :D
= Test 4 ===================================================
$> ./user_exe 04
$> diff -U 3 user_output_test04 test04.output

Diff OK :D

= ft_strtrim.c =================================================================
$> norminette ft_strtrim.c | grep -E '(Error|Warning)'
/mnt/nfs/homes/casomarr/Documents/test hors git/libft_25_11/ft_strtrim.c: Error!
Error: LINE_TOO_LONG        (line:  92, col:  24):	line too long
Error: WRONG_SCOPE_COMMENT  (line:  92, col:  24):	Comment is invalid in this scope
Error: WRONG_SCOPE_COMMENT  (line:  92, col:  24):	Comment is invalid in this scope
Error: LINE_TOO_LONG        (line:  92, col: 129):	line too long
Norme check failed
$> clang -Wextra -Wall -Werror -g3 -fsanitize=address ft_strtrim.c main.c libft.a -o user_exe

= Test 1 ===================================================
$> ./user_exe 01
$> diff -U 3 user_output_test01 test01.output
--- "/mnt/nfs/homes/casomarr/Documents/test hors git/libft_25_11/warmachine/tests/Part2_functions/ft_strtrim/user_output_test01"	2022-11-25 18:21:53.285698642 +0100$
+++ "/mnt/nfs/homes/casomarr/Documents/test hors git/libft_25_11/warmachine/tests/Part2_functions/ft_strtrim/test01.output"	2022-11-18 18:31:44.376036000 +0100$
@@ -0,0 +1,3 @@$
+lorem $
+ ipsum 	 dolor $
+ sit 	 amet$
\ No newline at end of file$

Diff KO :(
= Test 2 ===================================================
$> ./user_exe 02
$> diff -U 3 user_output_test02 test02.output
--- "/mnt/nfs/homes/casomarr/Documents/test hors git/libft_25_11/warmachine/tests/Part2_functions/ft_strtrim/user_output_test02"	2022-11-25 18:21:53.393699282 +0100$
+++ "/mnt/nfs/homes/casomarr/Documents/test hors git/libft_25_11/warmachine/tests/Part2_functions/ft_strtrim/test02.output"	2022-11-18 18:31:44.378036000 +0100$
@@ -0,0 +1 @@$
+lorem ipsum dolor sit am$
\ No newline at end of file$

Diff KO :(
= Test 3 ===================================================
$> ./user_exe 03
$> diff -U 3 user_output_test03 test03.output
--- "/mnt/nfs/homes/casomarr/Documents/test hors git/libft_25_11/warmachine/tests/Part2_functions/ft_strtrim/user_output_test03"	2022-11-25 18:21:53.486699833 +0100$
+++ "/mnt/nfs/homes/casomarr/Documents/test hors git/libft_25_11/warmachine/tests/Part2_functions/ft_strtrim/test03.output"	2022-11-18 18:31:44.381036000 +0100$
@@ -0,0 +1 @@$
+orem ipsum dolor sit amet$
\ No newline at end of file$

Diff KO :(
= Test 4 ===================================================
$> ./user_exe 04
$> diff -U 3 user_output_test04 test04.output
--- "/mnt/nfs/homes/casomarr/Documents/test hors git/libft_25_11/warmachine/tests/Part2_functions/ft_strtrim/user_output_test04"	2022-11-25 18:21:53.581700396 +0100$
+++ "/mnt/nfs/homes/casomarr/Documents/test hors git/libft_25_11/warmachine/tests/Part2_functions/ft_strtrim/test04.output"	2022-11-18 18:31:44.383036000 +0100$
@@ -0,0 +1 @@$
+orem ipsum dolor sit am$
\ No newline at end of file$

Diff KO :(
= Test 5 ===================================================
$> ./user_exe 05
$> diff -U 3 user_output_test05 test05.output
--- "/mnt/nfs/homes/casomarr/Documents/test hors git/libft_25_11/warmachine/tests/Part2_functions/ft_strtrim/user_output_test05"	2022-11-25 18:21:53.683701001 +0100$
+++ "/mnt/nfs/homes/casomarr/Documents/test hors git/libft_25_11/warmachine/tests/Part2_functions/ft_strtrim/test05.output"	2022-11-18 18:31:44.385036000 +0100$
@@ -1 +0,0 @@$
-NULL$
\ No newline at end of file$

Diff KO :(

= ft_split.c ===================================================================
$> norminette ft_split.c | grep -E '(Error|Warning)'
/mnt/nfs/homes/casomarr/Documents/test hors git/libft_25_11/ft_split.c: Error!
Error: CONSECUTIVE_SPC      (line:  15, col:   4):	Two or more consecutives spaces
Error: SPACE_BEFORE_FUNC    (line:  15, col:   8):	space before function name
Error: SPACE_REPLACE_TAB    (line:  18, col:   8):	Found space when expecting tab
Error: SPACE_EMPTY_LINE     (line:  19, col:   1):	Space on empty line
Error: SPACE_AFTER_KW       (line:  22, col:   5):	Missing space after keyword
Error: SPC_BFR_PAR          (line:  22, col:  10):	Missing space before parenthesis (brace/bracket)
Error: CONSECUTIVE_SPC      (line:  39, col:   4):	Two or more consecutives spaces
Error: SPACE_BEFORE_FUNC    (line:  39, col:   7):	space before function name
Error: SPACE_REPLACE_TAB    (line:  41, col:   8):	Found space when expecting tab
Error: SPACE_REPLACE_TAB    (line:  42, col:   8):	Found space when expecting tab
Error: SPACE_AFTER_KW       (line:  46, col:   5):	Missing space after keyword
Error: SPC_BFR_PAR          (line:  46, col:  10):	Missing space before parenthesis (brace/bracket)
Error: SPACE_AFTER_KW       (line:  48, col:   9):	Missing space after keyword
Error: SPC_BFR_PAR          (line:  48, col:  11):	Missing space before parenthesis (brace/bracket)
Error: LINE_TOO_LONG        (line:  48, col:  85):	line too long
Error: SPACE_AFTER_KW       (line:  54, col:   5):	Missing space after keyword
Error: SPC_BFR_PAR          (line:  54, col:  11):	Missing space before parenthesis (brace/bracket)
Error: SPACE_BEFORE_FUNC    (line:  57, col:   5):	space before function name
Error: TOO_FEW_TAB          (line:  59, col:   1):	Missing tabs for indent level
Error: SPACE_REPLACE_TAB    (line:  59, col:   5):	Found space when expecting tab
Error: SPACE_REPLACE_TAB    (line:  59, col:   8):	Found space when expecting tab
Error: SPACE_REPLACE_TAB    (line:  61, col:   5):	Found space when expecting tab
Error: TOO_FEW_TAB          (line:  62, col:   1):	Missing tabs for indent level
Error: SPACE_REPLACE_TAB    (line:  62, col:   5):	Found space when expecting tab
Error: TOO_FEW_TAB          (line:  63, col:   1):	Missing tabs for indent level
Error: SPACE_EMPTY_LINE     (line:  63, col:   5):	Space on empty line
Error: SPACE_REPLACE_TAB    (line:  64, col:   9):	Found space when expecting tab
Error: TOO_FEW_TAB          (line:  66, col:   1):	Missing tabs for indent level
Error: SPACE_EMPTY_LINE     (line:  66, col:   5):	Space on empty line
Error: SPACE_REPLACE_TAB    (line:  67, col:   5):	Found space when expecting tab
Error: TOO_MANY_TAB         (line:  78, col:   1):	Extra tabs for indent level
Error: TOO_MANY_TAB         (line:  79, col:   1):	Extra tabs for indent level
Error: TOO_MANY_TAB         (line:  80, col:   1):	Extra tabs for indent level
Error: LINE_TOO_LONG        (line:  81, col:  46):	line too long
Error: WRONG_SCOPE_COMMENT  (line:  81, col:  46):	Comment is invalid in this scope
Error: WRONG_SCOPE_COMMENT  (line:  81, col:  46):	Comment is invalid in this scope
Error: LINE_TOO_LONG        (line:  81, col: 136):	line too long
Error: SPACE_BEFORE_FUNC    (line:  87, col:   5):	space before function name
Error: SPACE_REPLACE_TAB    (line:  89, col:   9):	Found space when expecting tab
Error: SPACE_REPLACE_TAB    (line:  90, col:   8):	Found space when expecting tab
Error: MISALIGNED_VAR_DECL  (line:  90, col:   9):	Misaligned variable declaration
Error: TOO_FEW_TAB          (line:  95, col:   1):	Missing tabs for indent level
Error: SPACE_REPLACE_TAB    (line:  95, col:   9):	Found space when expecting tab
Error: TOO_FEW_TAB          (line:  96, col:   1):	Missing tabs for indent level
Error: SPACE_REPLACE_TAB    (line:  96, col:   5):	Found space when expecting tab
Error: LINE_TOO_LONG        (line:  99, col:  36):	line too long
Error: WRONG_SCOPE_COMMENT  (line:  99, col:  36):	Comment is invalid in this scope
Error: WRONG_SCOPE_COMMENT  (line:  99, col:  36):	Comment is invalid in this scope
Error: LINE_TOO_LONG        (line:  99, col:  99):	line too long
Error: WRONG_SCOPE_COMMENT  (line: 101, col:   9):	Comment is invalid in this scope
Error: TOO_MANY_TAB         (line: 103, col:   1):	Extra tabs for indent level
Error: CONSECUTIVE_NEWLINES (line: 128, col:   1):	Consecutive newlines
Error: TOO_MANY_FUNCS       (line: 129, col:   1):	Too many functions in file
Error: SPACE_BEFORE_FUNC    (line: 129, col:   4):	space before function name
Error: NO_ARGS_VOID         (line: 129, col:  10):	Empty function argument requires void
Error: SPACE_REPLACE_TAB    (line: 131, col:   9):	Found space when expecting tab
Error: DECL_ASSIGN_LINE     (line: 131, col:  14):	Declaration and assignation on a single line
Error: SPACE_REPLACE_TAB    (line: 132, col:   9):	Found space when expecting tab
Error: DECL_ASSIGN_LINE     (line: 132, col:  12):	Declaration and assignation on a single line
Error: WRONG_SCOPE_COMMENT  (line: 134, col:   5):	Comment is invalid in this scope
Error: EMPTY_LINE_FUNCTION  (line: 135, col:   1):	Empty line in function
Error: VAR_DECL_START_FUNC  (line: 136, col:   1):	Variable declaration not at start of function
Error: SPACE_REPLACE_TAB    (line: 136, col:   8):	Found space when expecting tab
Error: MISALIGNED_VAR_DECL  (line: 136, col:   9):	Misaligned variable declaration
Error: DECL_ASSIGN_LINE     (line: 136, col:  11):	Declaration and assignation on a single line
Error: VAR_DECL_START_FUNC  (line: 137, col:   1):	Variable declaration not at start of function
Error: SPACE_REPLACE_TAB    (line: 137, col:   9):	Found space when expecting tab
Error: SPACE_AFTER_KW       (line: 139, col:   5):	Missing space after keyword
Error: SPC_BFR_PAR          (line: 139, col:  10):	Missing space before parenthesis (brace/bracket)
Error: TOO_FEW_TAB          (line: 140, col:   1):	Missing tabs for indent level
Error: SPACE_EMPTY_LINE     (line: 140, col:   5):	Space on empty line
Error: TOO_FEW_TAB          (line: 141, col:   1):	Missing tabs for indent level
Error: SPACE_REPLACE_TAB    (line: 141, col:   9):	Found space when expecting tab
Error: SPACE_REPLACE_TAB    (line: 142, col:   9):	Found space when expecting tab
Error: TOO_FEW_TAB          (line: 143, col:   1):	Missing tabs for indent level
Error: SPACE_EMPTY_LINE     (line: 143, col:   5):	Space on empty line
Error: TOO_FEW_TAB          (line: 144, col:   1):	Missing tabs for indent level
Error: SPACE_REPLACE_TAB    (line: 144, col:   5):	Found space when expecting tab
Error: RETURN_PARENTHESIS   (line: 144, col:  12):	Return value must be in parenthesis
Error: CONSECUTIVE_NEWLINES (line: 147, col:   1):	Consecutive newlines
Error: EMPTY_LINE_EOF       (line: 147, col:   1):	Empty line at end of file
Norme check failed
$> clang -Wextra -Wall -Werror -g3 -fsanitize=address ft_split.c main.c libft.a -o user_exe

/usr/bin/ld: /tmp/main-ba7375.o: in function `main':
/mnt/nfs/homes/casomarr/Documents/test hors git/libft_25_11/warmachine/tests/Part2_functions/ft_split/main.c:28: multiple definition of `main'; /tmp/ft_split-ac57b7.o:/mnt/nfs/homes/casomarr/Documents/test hors git/libft_25_11/warmachine/dirlibft/ft_split.c:130: first defined here
clang: error: linker command failed with exit code 1 (use -v to see invocation)

= ft_itoa.c ====================================================================
$> norminette ft_itoa.c | grep -E '(Error|Warning)'
/mnt/nfs/homes/casomarr/Documents/test hors git/libft_25_11/ft_itoa.c: Error!
Error: SPACE_BEFORE_FUNC    (line:  19, col:   5):	space before function name
Error: SPACE_REPLACE_TAB    (line:  21, col:   8):	Found space when expecting tab
Error: SPACE_REPLACE_TAB    (line:  22, col:   8):	Found space when expecting tab
Error: SPACE_REPLACE_TAB    (line:  23, col:   9):	Found space when expecting tab
Error: MISALIGNED_VAR_DECL  (line:  23, col:  10):	Misaligned variable declaration
Error: SPACE_AFTER_KW       (line:  35, col:   5):	Missing space after keyword
Error: SPC_BFR_PAR          (line:  35, col:  11):	Missing space before parenthesis (brace/bracket)
Error: SPACE_BEFORE_FUNC    (line:  38, col:   5):	space before function name
Error: SPACE_REPLACE_TAB    (line:  40, col:   9):	Found space when expecting tab
Error: SPACE_REPLACE_TAB    (line:  41, col:   9):	Found space when expecting tab
Error: SPACE_REPLACE_TAB    (line:  42, col:   8):	Found space when expecting tab
Error: MISALIGNED_VAR_DECL  (line:  42, col:   9):	Misaligned variable declaration
Error: WRONG_SCOPE_COMMENT  (line:  42, col:  14):	Comment is invalid in this scope
Error: WRONG_SCOPE_COMMENT  (line:  42, col:  14):	Comment is invalid in this scope
Error: VAR_DECL_START_FUNC  (line:  43, col:   1):	Variable declaration not at start of function
Error: SPACE_REPLACE_TAB    (line:  43, col:   8):	Found space when expecting tab
Error: MISALIGNED_VAR_DECL  (line:  43, col:   9):	Misaligned variable declaration
Error: VAR_DECL_START_FUNC  (line:  44, col:   1):	Variable declaration not at start of function
Error: SPACE_REPLACE_TAB    (line:  44, col:   8):	Found space when expecting tab
Error: MISALIGNED_VAR_DECL  (line:  44, col:   9):	Misaligned variable declaration
Error: SPACE_EMPTY_LINE     (line:  45, col:   1):	Space on empty line
Error: LINE_TOO_LONG        (line:  56, col:   1):	line too long
Error: WRONG_SCOPE_COMMENT  (line:  56, col:   5):	Comment is invalid in this scope
Error: LINE_TOO_LONG        (line:  56, col: 134):	line too long
Error: LINE_TOO_LONG        (line:  67, col:  35):	line too long
Error: WRONG_SCOPE_COMMENT  (line:  67, col:  35):	Comment is invalid in this scope
Error: WRONG_SCOPE_COMMENT  (line:  67, col:  35):	Comment is invalid in this scope
Error: LINE_TOO_LONG        (line:  67, col: 214):	line too long
Error: WRONG_SCOPE_COMMENT  (line:  70, col:   5):	Comment is invalid in this scope
Error: WRONG_SCOPE_COMMENT  (line:  71, col:   9):	Comment is invalid in this scope
Error: SPACE_AFTER_KW       (line:  73, col:   5):	Missing space after keyword
Error: SPC_BFR_PAR          (line:  73, col:  11):	Missing space before parenthesis (brace/bracket)
Error: TOO_MANY_LINES       (line:  74, col:   1):	Function has more than 25 lines
Error: CONSECUTIVE_NEWLINES (line:  76, col:   1):	Consecutive newlines
Error: CONSECUTIVE_NEWLINES (line:  77, col:   1):	Consecutive newlines
Error: SPACE_BEFORE_FUNC    (line:  78, col:   4):	space before function name
Error: NO_ARGS_VOID         (line:  78, col:  10):	Empty function argument requires void
Error: SPACE_REPLACE_TAB    (line:  80, col:   8):	Found space when expecting tab
Error: DECL_ASSIGN_LINE     (line:  80, col:  11):	Declaration and assignation on a single line
Error: NL_AFTER_VAR_DECL    (line:  81, col:   1):	Variable declarations must be followed by a newline
Error: SPACE_AFTER_KW       (line:  82, col:   5):	Missing space after keyword
Error: SPC_BFR_PAR          (line:  82, col:  11):	Missing space before parenthesis (brace/bracket)
Error: CONSECUTIVE_NEWLINES (line:  85, col:   1):	Consecutive newlines
Error: EMPTY_LINE_EOF       (line:  85, col:   1):	Empty line at end of file
Norme check failed
$> clang -Wextra -Wall -Werror -g3 -fsanitize=address ft_itoa.c main.c libft.a -o user_exe

/mnt/nfs/homes/casomarr/Documents/test hors git/libft_25_11/warmachine/dirlibft//ft_itoa.c:73:8: error: incompatible integer to pointer conversion returning 'char' from a function with result type 'char *' [-Werror,-Wint-conversion]
        return(reverse(string));
              ^~~~~~~~~~~~~~~~~
/mnt/nfs/homes/casomarr/Documents/test hors git/libft_25_11/warmachine/dirlibft//ft_itoa.c:41:7: error: unused variable 'temp' [-Werror,-Wunused-variable]
        char temp;
             ^
/mnt/nfs/homes/casomarr/Documents/test hors git/libft_25_11/warmachine/dirlibft//ft_itoa.c:81:11: error: more '%' conversions than data arguments [-Werror,-Wformat-insufficient-args]
        printf("%s\n, (char *)ft_itoa(n)");
                ~^
/mnt/nfs/homes/casomarr/Documents/test hors git/libft_25_11/warmachine/dirlibft//ft_itoa.c:80:6: error: unused variable 'n' [-Werror,-Wunused-variable]
        int n = 45;
            ^
4 errors generated.

= ft_striteri.c ================================================================
$> norminette ft_striteri.c | grep -E '(Error|Warning)'
$> clang -Wextra -Wall -Werror -g3 -fsanitize=address ft_striteri.c main.c libft.a -o user_exe

= Test 1 ===================================================
$> ./user_exe 01
$> diff -U 3 user_output_test01 test01.output

Diff OK :D

= ft_putchar_fd.c ==============================================================
$> norminette ft_putchar_fd.c | grep -E '(Error|Warning)'
$> clang -Wextra -Wall -Werror -g3 -fsanitize=address ft_putchar_fd.c main.c libft.a -o user_exe

= Test 1 ===================================================
$> ./user_exe 01
$> diff -U 3 user_output_test01 test01.output

Diff OK :D
= Test 2 ===================================================
$> ./user_exe 02
$> diff -U 3 user_output_test02 test02.output

Diff OK :D
= Test 3 ===================================================
$> ./user_exe 03
$> diff -U 3 user_output_test03 test03.output

Diff OK :D
= Test 4 ===================================================
$> ./user_exe 04
$> diff -U 3 user_output_test04 test04.output

Diff OK :D
= Test 5 ===================================================
$> ./user_exe 05
$> diff -U 3 user_output_test05 test05.output

Diff OK :D
= Test 6 ===================================================
$> ./user_exe 06
$> diff -U 3 user_output_test06 test06.output

Diff OK :D
= Test 7 ===================================================
$> ./user_exe 07
$> diff -U 3 user_output_test07 test07.output

Diff OK :D

= ft_putstr_fd.c ===============================================================
$> norminette ft_putstr_fd.c | grep -E '(Error|Warning)'
$> clang -Wextra -Wall -Werror -g3 -fsanitize=address ft_putstr_fd.c main.c libft.a -o user_exe

= Test 1 ===================================================
$> ./user_exe 01
$> diff -U 3 user_output_test01 test01.output

Diff OK :D
= Test 2 ===================================================
$> ./user_exe 02
$> diff -U 3 user_output_test02 test02.output

Diff OK :D
= Test 3 ===================================================
$> ./user_exe 03
$> diff -U 3 user_output_test03 test03.output

Diff OK :D
= Test 4 ===================================================
$> ./user_exe 04
$> diff -U 3 user_output_test04 test04.output

Diff OK :D

= ft_putendl_fd.c ==============================================================
$> norminette ft_putendl_fd.c | grep -E '(Error|Warning)'
$> clang -Wextra -Wall -Werror -g3 -fsanitize=address ft_putendl_fd.c main.c libft.a -o user_exe

= Test 1 ===================================================
$> ./user_exe 01
$> diff -U 3 user_output_test01 test01.output

Diff OK :D
= Test 2 ===================================================
$> ./user_exe 02
$> diff -U 3 user_output_test02 test02.output

Diff OK :D
= Test 3 ===================================================
$> ./user_exe 03
$> diff -U 3 user_output_test03 test03.output

Diff OK :D
= Test 4 ===================================================
$> ./user_exe 04
$> diff -U 3 user_output_test04 test04.output

Diff OK :D

= ft_putnbr_fd.c ===============================================================
$> norminette ft_putnbr_fd.c | grep -E '(Error|Warning)'
$> clang -Wextra -Wall -Werror -g3 -fsanitize=address ft_putnbr_fd.c main.c libft.a -o user_exe

= Test 1 ===================================================
$> ./user_exe 01
$> diff -U 3 user_output_test01 test01.output

Diff OK :D
= Test 2 ===================================================
$> ./user_exe 02
$> diff -U 3 user_output_test02 test02.output

Diff OK :D
= Test 3 ===================================================
$> ./user_exe 03
$> diff -U 3 user_output_test03 test03.output

Diff OK :D
= Test 4 ===================================================
$> ./user_exe 04
$> diff -U 3 user_output_test04 test04.output

Diff OK :D
= Test 5 ===================================================
$> ./user_exe 05
$> diff -U 3 user_output_test05 test05.output

Diff OK :D
= Test 6 ===================================================
$> ./user_exe 06
$> diff -U 3 user_output_test06 test06.output

Diff OK :D
= Test 7 ===================================================
$> ./user_exe 07
$> diff -U 3 user_output_test07 test07.output

Diff OK :D
= Test 8 ===================================================
$> ./user_exe 08
$> diff -U 3 user_output_test08 test08.output

Diff OK :D
= Test 9 ===================================================
$> ./user_exe 09
$> diff -U 3 user_output_test09 test09.output

Diff OK :D

= Bonus_functions ==============================================================

= ft_lstnew_bonus.c ============================================================
$> norminette ft_lstnew_bonus.c | grep -E '(Error|Warning)'
$> clang -Wextra -Wall -Werror -g3 -fsanitize=address ft_lstnew.c main.c libft.a -o user_exe

/mnt/nfs/homes/casomarr/Documents/test hors git/libft_25_11/warmachine/dirlibft//ft_lstnew.c:4:1: error: unknown type name 't_list'; did you mean 'va_list'?
t_list *ft_lstnew(void *content)
^~~~~~
va_list
/usr/include/stdio.h:52:24: note: 'va_list' declared here
typedef __gnuc_va_list va_list;
                       ^
/mnt/nfs/homes/casomarr/Documents/test hors git/libft_25_11/warmachine/dirlibft//ft_lstnew.c:6:5: error: unknown type name 't_list'; did you mean 'va_list'?
    t_list *new;
    ^~~~~~
    va_list
/usr/include/stdio.h:52:24: note: 'va_list' declared here
typedef __gnuc_va_list va_list;
                       ^
/mnt/nfs/homes/casomarr/Documents/test hors git/libft_25_11/warmachine/dirlibft//ft_lstnew.c:8:19: error: expected expression
    new = (t_list*)malloc(sizeof(*new)); // ou sizeof(t_list)
                  ^
/mnt/nfs/homes/casomarr/Documents/test hors git/libft_25_11/warmachine/dirlibft//ft_lstnew.c:8:12: error: use of undeclared identifier 't_list'
    new = (t_list*)malloc(sizeof(*new)); // ou sizeof(t_list)
           ^
/mnt/nfs/homes/casomarr/Documents/test hors git/libft_25_11/warmachine/dirlibft//ft_lstnew.c:11:9: error: member reference base type 'va_list' (aka '__builtin_va_list') is not a structure or union
    new -> content = content;
    ~~~ ^  ~~~~~~~
/mnt/nfs/homes/casomarr/Documents/test hors git/libft_25_11/warmachine/dirlibft//ft_lstnew.c:12:9: error: member reference base type 'va_list' (aka '__builtin_va_list') is not a structure or union
    new -> next = NULL;
    ~~~ ^  ~~~~
/mnt/nfs/homes/casomarr/Documents/test hors git/libft_25_11/warmachine/dirlibft//ft_lstnew.c:13:16: error: expected ';' after return statement
    return(new)
               ^
               ;
7 errors generated.
/mnt/nfs/homes/casomarr/Documents/test hors git/libft_25_11/warmachine/tests/Bonus_functions/ft_lstnew/main.c:39:2: error: unknown type name 't_list'; did you mean 'va_list'?
        t_list          *elem;
        ^~~~~~
        va_list
/usr/include/stdio.h:52:24: note: 'va_list' declared here
typedef __gnuc_va_list va_list;
                       ^
/mnt/nfs/homes/casomarr/Documents/test hors git/libft_25_11/warmachine/tests/Bonus_functions/ft_lstnew/main.c:49:16: error: implicit declaration of function 'ft_lstnew' is invalid in C99 [-Werror,-Wimplicit-function-declaration]
                if (!(elem = ft_lstnew(str)))
                             ^
/mnt/nfs/homes/casomarr/Documents/test hors git/libft_25_11/warmachine/tests/Bonus_functions/ft_lstnew/main.c:49:14: error: incompatible integer to pointer conversion assigning to 'va_list *' (aka '__builtin_va_list *') from 'int' [-Werror,-Wint-conversion]
                if (!(elem = ft_lstnew(str)))
                           ^ ~~~~~~~~~~~~~~
/mnt/nfs/homes/casomarr/Documents/test hors git/libft_25_11/warmachine/tests/Bonus_functions/ft_lstnew/main.c:53:14: error: member reference base type 'va_list' (aka '__builtin_va_list') is not a structure or union
                        if (!(elem->content))
                              ~~~~^ ~~~~~~~
/mnt/nfs/homes/casomarr/Documents/test hors git/libft_25_11/warmachine/tests/Bonus_functions/ft_lstnew/main.c:57:25: error: member reference base type 'va_list' (aka '__builtin_va_list') is not a structure or union
                                ft_print_result(elem->content);
                                                ~~~~^ ~~~~~~~
/mnt/nfs/homes/casomarr/Documents/test hors git/libft_25_11/warmachine/tests/Bonus_functions/ft_lstnew/main.c:59:14: error: member reference base type 'va_list' (aka '__builtin_va_list') is not a structure or union
                        if (!(elem->next))
                              ~~~~^ ~~~~
/mnt/nfs/homes/casomarr/Documents/test hors git/libft_25_11/warmachine/tests/Bonus_functions/ft_lstnew/main.c:71:16: error: implicit declaration of function 'ft_lstnew' is invalid in C99 [-Werror,-Wimplicit-function-declaration]
                if (!(elem = ft_lstnew(&i)))
                             ^
/mnt/nfs/homes/casomarr/Documents/test hors git/libft_25_11/warmachine/tests/Bonus_functions/ft_lstnew/main.c:71:14: error: incompatible integer to pointer conversion assigning to 'va_list *' (aka '__builtin_va_list *') from 'int' [-Werror,-Wint-conversion]
                if (!(elem = ft_lstnew(&i)))
                           ^ ~~~~~~~~~~~~~
/mnt/nfs/homes/casomarr/Documents/test hors git/libft_25_11/warmachine/tests/Bonus_functions/ft_lstnew/main.c:75:14: error: member reference base type 'va_list' (aka '__builtin_va_list') is not a structure or union
                        if (!(elem->content))
                              ~~~~^ ~~~~~~~
/mnt/nfs/homes/casomarr/Documents/test hors git/libft_25_11/warmachine/tests/Bonus_functions/ft_lstnew/main.c:79:35: error: member reference base type 'va_list' (aka '__builtin_va_list') is not a structure or union
                                ft_print_result2(*(int *)(elem->content));
                                                          ~~~~^ ~~~~~~~
/mnt/nfs/homes/casomarr/Documents/test hors git/libft_25_11/warmachine/tests/Bonus_functions/ft_lstnew/main.c:81:14: error: member reference base type 'va_list' (aka '__builtin_va_list') is not a structure or union
                        if (!(elem->next))
                              ~~~~^ ~~~~
/mnt/nfs/homes/casomarr/Documents/test hors git/libft_25_11/warmachine/tests/Bonus_functions/ft_lstnew/main.c:90:16: error: implicit declaration of function 'ft_lstnew' is invalid in C99 [-Werror,-Wimplicit-function-declaration]
                if (!(elem = ft_lstnew(NULL)))
                             ^
/mnt/nfs/homes/casomarr/Documents/test hors git/libft_25_11/warmachine/tests/Bonus_functions/ft_lstnew/main.c:90:14: error: incompatible integer to pointer conversion assigning to 'va_list *' (aka '__builtin_va_list *') from 'int' [-Werror,-Wint-conversion]
                if (!(elem = ft_lstnew(NULL)))
                           ^ ~~~~~~~~~~~~~~~
/mnt/nfs/homes/casomarr/Documents/test hors git/libft_25_11/warmachine/tests/Bonus_functions/ft_lstnew/main.c:94:14: error: member reference base type 'va_list' (aka '__builtin_va_list') is not a structure or union
                        if (!(elem->content))
                              ~~~~^ ~~~~~~~
/mnt/nfs/homes/casomarr/Documents/test hors git/libft_25_11/warmachine/tests/Bonus_functions/ft_lstnew/main.c:100:25: error: member reference base type 'va_list' (aka '__builtin_va_list') is not a structure or union
                                ft_print_result(elem->content);
                                                ~~~~^ ~~~~~~~
/mnt/nfs/homes/casomarr/Documents/test hors git/libft_25_11/warmachine/tests/Bonus_functions/ft_lstnew/main.c:102:14: error: member reference base type 'va_list' (aka '__builtin_va_list') is not a structure or union
                        if (!(elem->next))
                              ~~~~^ ~~~~
16 errors generated.

= ft_lstdelone_bonus.c =========================================================
$> norminette ft_lstdelone_bonus.c | grep -E '(Error|Warning)'
$> clang -Wextra -Wall -Werror -g3 -fsanitize=address ft_lstdelone.c main.c libft.a -o user_exe

/mnt/nfs/homes/casomarr/Documents/test hors git/libft_25_11/warmachine/dirlibft//ft_lstdelone.c:1:19: error: unknown type name 't_list'
void ft_lstdelone(t_list *lst, void (*del)(void*))
                  ^
/mnt/nfs/homes/casomarr/Documents/test hors git/libft_25_11/warmachine/dirlibft//ft_lstdelone.c:3:16: error: use of undeclared identifier 'NULL'
    if (lst == NULL)
               ^
/mnt/nfs/homes/casomarr/Documents/test hors git/libft_25_11/warmachine/dirlibft//ft_lstdelone.c:4:16: error: use of undeclared identifier 'NULL'
        return(NULL) // peut etre que comme void faut pas de return et donc les safety doivent etre faits de fa<E7>on <E0> ce que le code se deroule seulement si pas null et sinon rien ou "return;" seul
               ^
/mnt/nfs/homes/casomarr/Documents/test hors git/libft_25_11/warmachine/dirlibft//ft_lstdelone.c:7:5: error: implicitly declaring library function 'free' with type 'void (void *)' [-Werror,-Wimplicit-function-declaration]
    free(lst);
    ^
/mnt/nfs/homes/casomarr/Documents/test hors git/libft_25_11/warmachine/dirlibft//ft_lstdelone.c:7:5: note: include the header <stdlib.h> or explicitly provide a declaration for 'free'
4 errors generated.
/mnt/nfs/homes/casomarr/Documents/test hors git/libft_25_11/warmachine/tests/Bonus_functions/ft_lstdelone/main.c:19:22: error: unknown type name 't_list'; did you mean 'va_list'?
void    ft_print_result(t_list *elem)
                        ^~~~~~
                        va_list
/usr/include/stdio.h:52:24: note: 'va_list' declared here
typedef __gnuc_va_list va_list;
                       ^
/mnt/nfs/homes/casomarr/Documents/test hors git/libft_25_11/warmachine/tests/Bonus_functions/ft_lstdelone/main.c:21:15: error: member reference base type 'va_list' (aka '__builtin_va_list') is not a structure or union
        write(1, elem->content, strlen(elem->content));
                 ~~~~^ ~~~~~~~
/mnt/nfs/homes/casomarr/Documents/test hors git/libft_25_11/warmachine/tests/Bonus_functions/ft_lstdelone/main.c:21:37: error: member reference base type 'va_list' (aka '__builtin_va_list') is not a structure or union
        write(1, elem->content, strlen(elem->content));
                                       ~~~~^ ~~~~~~~
/mnt/nfs/homes/casomarr/Documents/test hors git/libft_25_11/warmachine/tests/Bonus_functions/ft_lstdelone/main.c:29:1: error: unknown type name 't_list'; did you mean 'va_list'?
t_list  *ft_lstnewone(void *content)
^~~~~~
va_list
/usr/include/stdio.h:52:24: note: 'va_list' declared here
typedef __gnuc_va_list va_list;
                       ^
/mnt/nfs/homes/casomarr/Documents/test hors git/libft_25_11/warmachine/tests/Bonus_functions/ft_lstdelone/main.c:31:2: error: unknown type name 't_list'; did you mean 'va_list'?
        t_list  *elem;
        ^~~~~~
        va_list
/usr/include/stdio.h:52:24: note: 'va_list' declared here
typedef __gnuc_va_list va_list;
                       ^
/mnt/nfs/homes/casomarr/Documents/test hors git/libft_25_11/warmachine/tests/Bonus_functions/ft_lstdelone/main.c:33:18: error: expected expression
        elem = (t_list *)malloc(sizeof(t_list));
                        ^
/mnt/nfs/homes/casomarr/Documents/test hors git/libft_25_11/warmachine/tests/Bonus_functions/ft_lstdelone/main.c:33:10: error: use of undeclared identifier 't_list'
        elem = (t_list *)malloc(sizeof(t_list));
                ^
/mnt/nfs/homes/casomarr/Documents/test hors git/libft_25_11/warmachine/tests/Bonus_functions/ft_lstdelone/main.c:37:7: error: member reference base type 'va_list' (aka '__builtin_va_list') is not a structure or union
                elem->content = NULL;
                ~~~~^ ~~~~~~~
/mnt/nfs/homes/casomarr/Documents/test hors git/libft_25_11/warmachine/tests/Bonus_functions/ft_lstdelone/main.c:39:7: error: member reference base type 'va_list' (aka '__builtin_va_list') is not a structure or union
                elem->content = content;
                ~~~~^ ~~~~~~~
/mnt/nfs/homes/casomarr/Documents/test hors git/libft_25_11/warmachine/tests/Bonus_functions/ft_lstdelone/main.c:40:6: error: member reference base type 'va_list' (aka '__builtin_va_list') is not a structure or union
        elem->next = NULL;
        ~~~~^ ~~~~
/mnt/nfs/homes/casomarr/Documents/test hors git/libft_25_11/warmachine/tests/Bonus_functions/ft_lstdelone/main.c:46:2: error: unknown type name 't_list'; did you mean 'va_list'?
        t_list          *elem;
        ^~~~~~
        va_list
/usr/include/stdio.h:52:24: note: 'va_list' declared here
typedef __gnuc_va_list va_list;
                       ^
/mnt/nfs/homes/casomarr/Documents/test hors git/libft_25_11/warmachine/tests/Bonus_functions/ft_lstdelone/main.c:47:2: error: unknown type name 't_list'; did you mean 'va_list'?
        t_list          *elem2;
        ^~~~~~
        va_list
/usr/include/stdio.h:52:24: note: 'va_list' declared here
typedef __gnuc_va_list va_list;
                       ^
/mnt/nfs/homes/casomarr/Documents/test hors git/libft_25_11/warmachine/tests/Bonus_functions/ft_lstdelone/main.c:48:2: error: unknown type name 't_list'; did you mean 'va_list'?
        t_list          *elem3;
        ^~~~~~
        va_list
/usr/include/stdio.h:52:24: note: 'va_list' declared here
typedef __gnuc_va_list va_list;
                       ^
/mnt/nfs/homes/casomarr/Documents/test hors git/libft_25_11/warmachine/tests/Bonus_functions/ft_lstdelone/main.c:49:2: error: unknown type name 't_list'; did you mean 'va_list'?
        t_list          *elem4;
        ^~~~~~
        va_list
/usr/include/stdio.h:52:24: note: 'va_list' declared here
typedef __gnuc_va_list va_list;
                       ^
/mnt/nfs/homes/casomarr/Documents/test hors git/libft_25_11/warmachine/tests/Bonus_functions/ft_lstdelone/main.c:62:6: error: member reference base type 'va_list' (aka '__builtin_va_list') is not a structure or union
        elem->next = elem2;
        ~~~~^ ~~~~
/mnt/nfs/homes/casomarr/Documents/test hors git/libft_25_11/warmachine/tests/Bonus_functions/ft_lstdelone/main.c:63:7: error: member reference base type 'va_list' (aka '__builtin_va_list') is not a structure or union
        elem2->next = elem3;
        ~~~~~^ ~~~~
/mnt/nfs/homes/casomarr/Documents/test hors git/libft_25_11/warmachine/tests/Bonus_functions/ft_lstdelone/main.c:64:7: error: member reference base type 'va_list' (aka '__builtin_va_list') is not a structure or union
        elem3->next = elem4;
        ~~~~~^ ~~~~
/mnt/nfs/homes/casomarr/Documents/test hors git/libft_25_11/warmachine/tests/Bonus_functions/ft_lstdelone/main.c:67:3: error: implicit declaration of function 'ft_lstdelone' is invalid in C99 [-Werror,-Wimplicit-function-declaration]
                ft_lstdelone(elem3, &ft_del);
                ^
/mnt/nfs/homes/casomarr/Documents/test hors git/libft_25_11/warmachine/tests/Bonus_functions/ft_lstdelone/main.c:67:3: note: did you mean 'ft_lstnewone'?
/mnt/nfs/homes/casomarr/Documents/test hors git/libft_25_11/warmachine/tests/Bonus_functions/ft_lstdelone/main.c:29:9: note: 'ft_lstnewone' declared here
t_list  *ft_lstnewone(void *content)
         ^
18 errors generated.

= ft_lstclear_bonus.c ==========================================================
$> norminette ft_lstclear_bonus.c | grep -E '(Error|Warning)'
$> clang -Wextra -Wall -Werror -g3 -fsanitize=address ft_lstclear.c main.c libft.a -o user_exe

clang: error: no such file or directory: '/mnt/nfs/homes/casomarr/Documents/test hors git/libft_25_11/warmachine/dirlibft//ft_lstclear.c'

= ft_lstadd_front_bonus.c ======================================================
$> norminette ft_lstadd_front_bonus.c | grep -E '(Error|Warning)'
$> clang -Wextra -Wall -Werror -g3 -fsanitize=address ft_lstadd_front.c main.c libft.a -o user_exe

/mnt/nfs/homes/casomarr/Documents/test hors git/libft_25_11/warmachine/dirlibft//ft_lstadd_front.c:3:22: error: unknown type name 't_list'; did you mean 'va_list'?
void ft_lstadd_front(t_list **lst, t_list *new)
                     ^~~~~~
                     va_list
/usr/include/stdio.h:52:24: note: 'va_list' declared here
typedef __gnuc_va_list va_list;
                       ^
/mnt/nfs/homes/casomarr/Documents/test hors git/libft_25_11/warmachine/dirlibft//ft_lstadd_front.c:3:36: error: unknown type name 't_list'; did you mean 'va_list'?
void ft_lstadd_front(t_list **lst, t_list *new)
                                   ^~~~~~
                                   va_list
/usr/include/stdio.h:52:24: note: 'va_list' declared here
typedef __gnuc_va_list va_list;
                       ^
/mnt/nfs/homes/casomarr/Documents/test hors git/libft_25_11/warmachine/dirlibft//ft_lstadd_front.c:6:3: error: void function 'ft_lstadd_front' should not return a value [-Wreturn-type]
                return (NULL);
                ^      ~~~~~~
/mnt/nfs/homes/casomarr/Documents/test hors git/libft_25_11/warmachine/dirlibft//ft_lstadd_front.c:7:9: error: member reference base type 'va_list' (aka '__builtin_va_list') is not a structure or union
    new -> next = lst;
    ~~~ ^  ~~~~
/mnt/nfs/homes/casomarr/Documents/test hors git/libft_25_11/warmachine/dirlibft//ft_lstadd_front.c:8:5: error: use of undeclared identifier 't_list'
    t_list -> lst = new;
    ^
/mnt/nfs/homes/casomarr/Documents/test hors git/libft_25_11/warmachine/dirlibft//ft_lstadd_front.c:9:9: error: member reference base type 'va_list *' (aka '__builtin_va_list *') is not a structure or union
    lst -> next = NULL;
    ~~~ ^  ~~~~
6 errors generated.
/mnt/nfs/homes/casomarr/Documents/test hors git/libft_25_11/warmachine/tests/Bonus_functions/ft_lstadd_front/main.c:18:22: error: unknown type name 't_list'; did you mean 'va_list'?
void    ft_print_result(t_list *elem)
                        ^~~~~~
                        va_list
/usr/include/stdio.h:52:24: note: 'va_list' declared here
typedef __gnuc_va_list va_list;
                       ^
/mnt/nfs/homes/casomarr/Documents/test hors git/libft_25_11/warmachine/tests/Bonus_functions/ft_lstadd_front/main.c:23:22: error: member reference base type 'va_list' (aka '__builtin_va_list') is not a structure or union
        while (((char *)elem->content)[len])
                        ~~~~^ ~~~~~~~
/mnt/nfs/homes/casomarr/Documents/test hors git/libft_25_11/warmachine/tests/Bonus_functions/ft_lstadd_front/main.c:25:15: error: member reference base type 'va_list' (aka '__builtin_va_list') is not a structure or union
        write(1, elem->content, len);
                 ~~~~^ ~~~~~~~
/mnt/nfs/homes/casomarr/Documents/test hors git/libft_25_11/warmachine/tests/Bonus_functions/ft_lstadd_front/main.c:29:1: error: unknown type name 't_list'; did you mean 'va_list'?
t_list  *ft_lstnewone(void *content)
^~~~~~
va_list
/usr/include/stdio.h:52:24: note: 'va_list' declared here
typedef __gnuc_va_list va_list;
                       ^
/mnt/nfs/homes/casomarr/Documents/test hors git/libft_25_11/warmachine/tests/Bonus_functions/ft_lstadd_front/main.c:31:2: error: unknown type name 't_list'; did you mean 'va_list'?
        t_list  *elem;
        ^~~~~~
        va_list
/usr/include/stdio.h:52:24: note: 'va_list' declared here
typedef __gnuc_va_list va_list;
                       ^
/mnt/nfs/homes/casomarr/Documents/test hors git/libft_25_11/warmachine/tests/Bonus_functions/ft_lstadd_front/main.c:33:18: error: expected expression
        elem = (t_list *)malloc(sizeof(t_list));
                        ^
/mnt/nfs/homes/casomarr/Documents/test hors git/libft_25_11/warmachine/tests/Bonus_functions/ft_lstadd_front/main.c:33:10: error: use of undeclared identifier 't_list'
        elem = (t_list *)malloc(sizeof(t_list));
                ^
/mnt/nfs/homes/casomarr/Documents/test hors git/libft_25_11/warmachine/tests/Bonus_functions/ft_lstadd_front/main.c:37:7: error: member reference base type 'va_list' (aka '__builtin_va_list') is not a structure or union
                elem->content = NULL;
                ~~~~^ ~~~~~~~
/mnt/nfs/homes/casomarr/Documents/test hors git/libft_25_11/warmachine/tests/Bonus_functions/ft_lstadd_front/main.c:39:7: error: member reference base type 'va_list' (aka '__builtin_va_list') is not a structure or union
                elem->content = content;
                ~~~~^ ~~~~~~~
/mnt/nfs/homes/casomarr/Documents/test hors git/libft_25_11/warmachine/tests/Bonus_functions/ft_lstadd_front/main.c:40:6: error: member reference base type 'va_list' (aka '__builtin_va_list') is not a structure or union
        elem->next = NULL;
        ~~~~^ ~~~~
/mnt/nfs/homes/casomarr/Documents/test hors git/libft_25_11/warmachine/tests/Bonus_functions/ft_lstadd_front/main.c:46:2: error: unknown type name 't_list'; did you mean 'va_list'?
        t_list          *begin;
        ^~~~~~
        va_list
/usr/include/stdio.h:52:24: note: 'va_list' declared here
typedef __gnuc_va_list va_list;
                       ^
/mnt/nfs/homes/casomarr/Documents/test hors git/libft_25_11/warmachine/tests/Bonus_functions/ft_lstadd_front/main.c:47:2: error: unknown type name 't_list'; did you mean 'va_list'?
        t_list          *elem;
        ^~~~~~
        va_list
/usr/include/stdio.h:52:24: note: 'va_list' declared here
typedef __gnuc_va_list va_list;
                       ^
/mnt/nfs/homes/casomarr/Documents/test hors git/libft_25_11/warmachine/tests/Bonus_functions/ft_lstadd_front/main.c:48:2: error: unknown type name 't_list'; did you mean 'va_list'?
        t_list          *elem2;
        ^~~~~~
        va_list
/usr/include/stdio.h:52:24: note: 'va_list' declared here
typedef __gnuc_va_list va_list;
                       ^
/mnt/nfs/homes/casomarr/Documents/test hors git/libft_25_11/warmachine/tests/Bonus_functions/ft_lstadd_front/main.c:49:2: error: unknown type name 't_list'; did you mean 'va_list'?
        t_list          *elem3;
        ^~~~~~
        va_list
/usr/include/stdio.h:52:24: note: 'va_list' declared here
typedef __gnuc_va_list va_list;
                       ^
/mnt/nfs/homes/casomarr/Documents/test hors git/libft_25_11/warmachine/tests/Bonus_functions/ft_lstadd_front/main.c:50:2: error: unknown type name 't_list'; did you mean 'va_list'?
        t_list          *elem4;
        ^~~~~~
        va_list
/usr/include/stdio.h:52:24: note: 'va_list' declared here
typedef __gnuc_va_list va_list;
                       ^
/mnt/nfs/homes/casomarr/Documents/test hors git/libft_25_11/warmachine/tests/Bonus_functions/ft_lstadd_front/main.c:66:3: error: implicit declaration of function 'ft_lstadd_front' is invalid in C99 [-Werror,-Wimplicit-function-declaration]
                ft_lstadd_front(&begin, elem4);
                ^
/mnt/nfs/homes/casomarr/Documents/test hors git/libft_25_11/warmachine/tests/Bonus_functions/ft_lstadd_front/main.c:73:17: error: member reference base type 'va_list' (aka '__builtin_va_list') is not a structure or union
                        begin = begin->next;
                                ~~~~~^ ~~~~
17 errors generated.

= ft_lstadd_back_bonus.c =======================================================
$> norminette ft_lstadd_back_bonus.c | grep -E '(Error|Warning)'
$> clang -Wextra -Wall -Werror -g3 -fsanitize=address ft_lstadd_back.c main.c libft.a -o user_exe

/mnt/nfs/homes/casomarr/Documents/test hors git/libft_25_11/warmachine/dirlibft//ft_lstadd_back.c:3:21: error: unknown type name 't_list'; did you mean 'va_list'?
void ft_lstadd_back(t_list **lst, t_list *new)
                    ^~~~~~
                    va_list
/usr/include/stdio.h:52:24: note: 'va_list' declared here
typedef __gnuc_va_list va_list;
                       ^
/mnt/nfs/homes/casomarr/Documents/test hors git/libft_25_11/warmachine/dirlibft//ft_lstadd_back.c:3:35: error: unknown type name 't_list'; did you mean 'va_list'?
void ft_lstadd_back(t_list **lst, t_list *new)
                                  ^~~~~~
                                  va_list
/usr/include/stdio.h:52:24: note: 'va_list' declared here
typedef __gnuc_va_list va_list;
                       ^
/mnt/nfs/homes/casomarr/Documents/test hors git/libft_25_11/warmachine/dirlibft//ft_lstadd_back.c:6:3: error: void function 'ft_lstadd_back' should not return a value [-Wreturn-type]
                return (NULL);
                ^      ~~~~~~
/mnt/nfs/homes/casomarr/Documents/test hors git/libft_25_11/warmachine/dirlibft//ft_lstadd_back.c:7:5: error: use of undeclared identifier 't_list'
    t_list -> first = lst;
    ^
/mnt/nfs/homes/casomarr/Documents/test hors git/libft_25_11/warmachine/dirlibft//ft_lstadd_back.c:8:9: error: member reference base type 'va_list *' (aka '__builtin_va_list *') is not a structure or union
    lst -> next = new;
    ~~~ ^  ~~~~
/mnt/nfs/homes/casomarr/Documents/test hors git/libft_25_11/warmachine/dirlibft//ft_lstadd_back.c:9:9: error: member reference base type 'va_list' (aka '__builtin_va_list') is not a structure or union
    new -> next = NULL;
    ~~~ ^  ~~~~
6 errors generated.
/mnt/nfs/homes/casomarr/Documents/test hors git/libft_25_11/warmachine/tests/Bonus_functions/ft_lstadd_back/main.c:18:22: error: unknown type name 't_list'; did you mean 'va_list'?
void    ft_print_result(t_list *elem)
                        ^~~~~~
                        va_list
/usr/include/stdio.h:52:24: note: 'va_list' declared here
typedef __gnuc_va_list va_list;
                       ^
/mnt/nfs/homes/casomarr/Documents/test hors git/libft_25_11/warmachine/tests/Bonus_functions/ft_lstadd_back/main.c:23:22: error: member reference base type 'va_list' (aka '__builtin_va_list') is not a structure or union
        while (((char *)elem->content)[len])
                        ~~~~^ ~~~~~~~
/mnt/nfs/homes/casomarr/Documents/test hors git/libft_25_11/warmachine/tests/Bonus_functions/ft_lstadd_back/main.c:25:15: error: member reference base type 'va_list' (aka '__builtin_va_list') is not a structure or union
        write(1, elem->content, len);
                 ~~~~^ ~~~~~~~
/mnt/nfs/homes/casomarr/Documents/test hors git/libft_25_11/warmachine/tests/Bonus_functions/ft_lstadd_back/main.c:29:1: error: unknown type name 't_list'; did you mean 'va_list'?
t_list  *ft_lstnewone(void *content)
^~~~~~
va_list
/usr/include/stdio.h:52:24: note: 'va_list' declared here
typedef __gnuc_va_list va_list;
                       ^
/mnt/nfs/homes/casomarr/Documents/test hors git/libft_25_11/warmachine/tests/Bonus_functions/ft_lstadd_back/main.c:31:2: error: unknown type name 't_list'; did you mean 'va_list'?
        t_list  *elem;
        ^~~~~~
        va_list
/usr/include/stdio.h:52:24: note: 'va_list' declared here
typedef __gnuc_va_list va_list;
                       ^
/mnt/nfs/homes/casomarr/Documents/test hors git/libft_25_11/warmachine/tests/Bonus_functions/ft_lstadd_back/main.c:33:18: error: expected expression
        elem = (t_list *)malloc(sizeof(t_list));
                        ^
/mnt/nfs/homes/casomarr/Documents/test hors git/libft_25_11/warmachine/tests/Bonus_functions/ft_lstadd_back/main.c:33:10: error: use of undeclared identifier 't_list'
        elem = (t_list *)malloc(sizeof(t_list));
                ^
/mnt/nfs/homes/casomarr/Documents/test hors git/libft_25_11/warmachine/tests/Bonus_functions/ft_lstadd_back/main.c:37:7: error: member reference base type 'va_list' (aka '__builtin_va_list') is not a structure or union
                elem->content = NULL;
                ~~~~^ ~~~~~~~
/mnt/nfs/homes/casomarr/Documents/test hors git/libft_25_11/warmachine/tests/Bonus_functions/ft_lstadd_back/main.c:39:7: error: member reference base type 'va_list' (aka '__builtin_va_list') is not a structure or union
                elem->content = content;
                ~~~~^ ~~~~~~~
/mnt/nfs/homes/casomarr/Documents/test hors git/libft_25_11/warmachine/tests/Bonus_functions/ft_lstadd_back/main.c:40:6: error: member reference base type 'va_list' (aka '__builtin_va_list') is not a structure or union
        elem->next = NULL;
        ~~~~^ ~~~~
/mnt/nfs/homes/casomarr/Documents/test hors git/libft_25_11/warmachine/tests/Bonus_functions/ft_lstadd_back/main.c:46:2: error: unknown type name 't_list'; did you mean 'va_list'?
        t_list          *begin;
        ^~~~~~
        va_list
/usr/include/stdio.h:52:24: note: 'va_list' declared here
typedef __gnuc_va_list va_list;
                       ^
/mnt/nfs/homes/casomarr/Documents/test hors git/libft_25_11/warmachine/tests/Bonus_functions/ft_lstadd_back/main.c:47:2: error: unknown type name 't_list'; did you mean 'va_list'?
        t_list          *elem;
        ^~~~~~
        va_list
/usr/include/stdio.h:52:24: note: 'va_list' declared here
typedef __gnuc_va_list va_list;
                       ^
/mnt/nfs/homes/casomarr/Documents/test hors git/libft_25_11/warmachine/tests/Bonus_functions/ft_lstadd_back/main.c:48:2: error: unknown type name 't_list'; did you mean 'va_list'?
        t_list          *elem2;
        ^~~~~~
        va_list
/usr/include/stdio.h:52:24: note: 'va_list' declared here
typedef __gnuc_va_list va_list;
                       ^
/mnt/nfs/homes/casomarr/Documents/test hors git/libft_25_11/warmachine/tests/Bonus_functions/ft_lstadd_back/main.c:49:2: error: unknown type name 't_list'; did you mean 'va_list'?
        t_list          *elem3;
        ^~~~~~
        va_list
/usr/include/stdio.h:52:24: note: 'va_list' declared here
typedef __gnuc_va_list va_list;
                       ^
/mnt/nfs/homes/casomarr/Documents/test hors git/libft_25_11/warmachine/tests/Bonus_functions/ft_lstadd_back/main.c:50:2: error: unknown type name 't_list'; did you mean 'va_list'?
        t_list          *elem4;
        ^~~~~~
        va_list
/usr/include/stdio.h:52:24: note: 'va_list' declared here
typedef __gnuc_va_list va_list;
                       ^
/mnt/nfs/homes/casomarr/Documents/test hors git/libft_25_11/warmachine/tests/Bonus_functions/ft_lstadd_back/main.c:66:3: error: implicit declaration of function 'ft_lstadd_back' is invalid in C99 [-Werror,-Wimplicit-function-declaration]
                ft_lstadd_back(&begin, elem);
                ^
/mnt/nfs/homes/casomarr/Documents/test hors git/libft_25_11/warmachine/tests/Bonus_functions/ft_lstadd_back/main.c:73:17: error: member reference base type 'va_list' (aka '__builtin_va_list') is not a structure or union
                        begin = begin->next;
                                ~~~~~^ ~~~~
17 errors generated.

= ft_lstsize_bonus.c ===========================================================
$> norminette ft_lstsize_bonus.c | grep -E '(Error|Warning)'
$> clang -Wextra -Wall -Werror -g3 -fsanitize=address ft_lstsize.c main.c libft.a -o user_exe

/mnt/nfs/homes/casomarr/Documents/test hors git/libft_25_11/warmachine/dirlibft//ft_lstsize.c:3:16: error: unknown type name 't_list'; did you mean 'va_list'?
int ft_lstsize(t_list *lst)
               ^~~~~~
               va_list
/usr/include/stdio.h:52:24: note: 'va_list' declared here
typedef __gnuc_va_list va_list;
                       ^
/mnt/nfs/homes/casomarr/Documents/test hors git/libft_25_11/warmachine/dirlibft//ft_lstsize.c:6:5: error: unknown type name 't_list'; did you mean 'va_list'?
    t_list *content;
    ^~~~~~
    va_list
/usr/include/stdio.h:52:24: note: 'va_list' declared here
typedef __gnuc_va_list va_list;
                       ^
/mnt/nfs/homes/casomarr/Documents/test hors git/libft_25_11/warmachine/dirlibft//ft_lstsize.c:9:30: error: expected ';' after expression
    content = t_list -> first
                             ^
                             ;
/mnt/nfs/homes/casomarr/Documents/test hors git/libft_25_11/warmachine/dirlibft//ft_lstsize.c:9:15: error: use of undeclared identifier 't_list'
    content = t_list -> first
              ^
/mnt/nfs/homes/casomarr/Documents/test hors git/libft_25_11/warmachine/dirlibft//ft_lstsize.c:10:5: error: implicit declaration of function 'While' is invalid in C99 [-Werror,-Wimplicit-function-declaration]
    While (*content != NULL)
    ^
/mnt/nfs/homes/casomarr/Documents/test hors git/libft_25_11/warmachine/dirlibft//ft_lstsize.c:10:29: error: expected ';' after expression
    While (*content != NULL)
                            ^
                            ;
/mnt/nfs/homes/casomarr/Documents/test hors git/libft_25_11/warmachine/dirlibft//ft_lstsize.c:12:27: error: member reference base type 'va_list' (aka '__builtin_va_list') is not a structure or union
        content = content -> next;
                  ~~~~~~~ ^  ~~~~
/mnt/nfs/homes/casomarr/Documents/test hors git/libft_25_11/warmachine/dirlibft//ft_lstsize.c:3:24: error: unused parameter 'lst' [-Werror,-Wunused-parameter]
int ft_lstsize(t_list *lst)
                       ^
8 errors generated.
/mnt/nfs/homes/casomarr/Documents/test hors git/libft_25_11/warmachine/tests/Bonus_functions/ft_lstsize/main.c:18:1: error: unknown type name 't_list'; did you mean 'va_list'?
t_list  *ft_lstnewone(void *content)
^~~~~~
va_list
/usr/include/stdio.h:52:24: note: 'va_list' declared here
typedef __gnuc_va_list va_list;
                       ^
/mnt/nfs/homes/casomarr/Documents/test hors git/libft_25_11/warmachine/tests/Bonus_functions/ft_lstsize/main.c:20:2: error: unknown type name 't_list'; did you mean 'va_list'?
        t_list  *elem;
        ^~~~~~
        va_list
/usr/include/stdio.h:52:24: note: 'va_list' declared here
typedef __gnuc_va_list va_list;
                       ^
/mnt/nfs/homes/casomarr/Documents/test hors git/libft_25_11/warmachine/tests/Bonus_functions/ft_lstsize/main.c:22:18: error: expected expression
        elem = (t_list *)malloc(sizeof(t_list));
                        ^
/mnt/nfs/homes/casomarr/Documents/test hors git/libft_25_11/warmachine/tests/Bonus_functions/ft_lstsize/main.c:22:10: error: use of undeclared identifier 't_list'
        elem = (t_list *)malloc(sizeof(t_list));
                ^
/mnt/nfs/homes/casomarr/Documents/test hors git/libft_25_11/warmachine/tests/Bonus_functions/ft_lstsize/main.c:26:7: error: member reference base type 'va_list' (aka '__builtin_va_list') is not a structure or union
                elem->content = NULL;
                ~~~~^ ~~~~~~~
/mnt/nfs/homes/casomarr/Documents/test hors git/libft_25_11/warmachine/tests/Bonus_functions/ft_lstsize/main.c:28:7: error: member reference base type 'va_list' (aka '__builtin_va_list') is not a structure or union
                elem->content = content;
                ~~~~^ ~~~~~~~
/mnt/nfs/homes/casomarr/Documents/test hors git/libft_25_11/warmachine/tests/Bonus_functions/ft_lstsize/main.c:29:6: error: member reference base type 'va_list' (aka '__builtin_va_list') is not a structure or union
        elem->next = NULL;
        ~~~~^ ~~~~
/mnt/nfs/homes/casomarr/Documents/test hors git/libft_25_11/warmachine/tests/Bonus_functions/ft_lstsize/main.c:35:2: error: unknown type name 't_list'; did you mean 'va_list'?
        t_list          *elem;
        ^~~~~~
        va_list
/usr/include/stdio.h:52:24: note: 'va_list' declared here
typedef __gnuc_va_list va_list;
                       ^
/mnt/nfs/homes/casomarr/Documents/test hors git/libft_25_11/warmachine/tests/Bonus_functions/ft_lstsize/main.c:36:2: error: unknown type name 't_list'; did you mean 'va_list'?
        t_list          *elem2;
        ^~~~~~
        va_list
/usr/include/stdio.h:52:24: note: 'va_list' declared here
typedef __gnuc_va_list va_list;
                       ^
/mnt/nfs/homes/casomarr/Documents/test hors git/libft_25_11/warmachine/tests/Bonus_functions/ft_lstsize/main.c:37:2: error: unknown type name 't_list'; did you mean 'va_list'?
        t_list          *elem3;
        ^~~~~~
        va_list
/usr/include/stdio.h:52:24: note: 'va_list' declared here
typedef __gnuc_va_list va_list;
                       ^
/mnt/nfs/homes/casomarr/Documents/test hors git/libft_25_11/warmachine/tests/Bonus_functions/ft_lstsize/main.c:38:2: error: unknown type name 't_list'; did you mean 'va_list'?
        t_list          *elem4;
        ^~~~~~
        va_list
/usr/include/stdio.h:52:24: note: 'va_list' declared here
typedef __gnuc_va_list va_list;
                       ^
/mnt/nfs/homes/casomarr/Documents/test hors git/libft_25_11/warmachine/tests/Bonus_functions/ft_lstsize/main.c:54:7: error: member reference base type 'va_list' (aka '__builtin_va_list') is not a structure or union
                elem->next = elem2;
                ~~~~^ ~~~~
/mnt/nfs/homes/casomarr/Documents/test hors git/libft_25_11/warmachine/tests/Bonus_functions/ft_lstsize/main.c:55:8: error: member reference base type 'va_list' (aka '__builtin_va_list') is not a structure or union
                elem2->next = elem3;
                ~~~~~^ ~~~~
/mnt/nfs/homes/casomarr/Documents/test hors git/libft_25_11/warmachine/tests/Bonus_functions/ft_lstsize/main.c:56:8: error: member reference base type 'va_list' (aka '__builtin_va_list') is not a structure or union
                elem3->next = elem4;
                ~~~~~^ ~~~~
/mnt/nfs/homes/casomarr/Documents/test hors git/libft_25_11/warmachine/tests/Bonus_functions/ft_lstsize/main.c:57:7: error: implicit declaration of function 'ft_lstsize' is invalid in C99 [-Werror,-Wimplicit-function-declaration]
                c = ft_lstsize(elem) + 48;
                    ^
/mnt/nfs/homes/casomarr/Documents/test hors git/libft_25_11/warmachine/tests/Bonus_functions/ft_lstsize/main.c:60:7: error: member reference base type 'va_list' (aka '__builtin_va_list') is not a structure or union
                elem->next = NULL;
                ~~~~^ ~~~~
16 errors generated.

= ft_lstiter_bonus.c ===========================================================
$> norminette ft_lstiter_bonus.c | grep -E '(Error|Warning)'
$> clang -Wextra -Wall -Werror -g3 -fsanitize=address ft_lstiter.c main.c libft.a -o user_exe

clang: error: no such file or directory: '/mnt/nfs/homes/casomarr/Documents/test hors git/libft_25_11/warmachine/dirlibft//ft_lstiter.c'

= ft_lstmap_bonus.c ============================================================
$> norminette ft_lstmap_bonus.c | grep -E '(Error|Warning)'
$> clang -Wextra -Wall -Werror -g3 -fsanitize=address ft_lstmap.c main.c libft.a -o user_exe

clang: error: no such file or directory: '/mnt/nfs/homes/casomarr/Documents/test hors git/libft_25_11/warmachine/dirlibft//ft_lstmap.c'

= ft_lstlast_bonus.c ===========================================================
$> norminette ft_lstlast_bonus.c | grep -E '(Error|Warning)'
$> clang -Wextra -Wall -Werror -g3 -fsanitize=address ft_lstlast.c main.c libft.a -o user_exe

/mnt/nfs/homes/casomarr/Documents/test hors git/libft_25_11/warmachine/dirlibft//ft_lstlast.c:3:1: error: unknown type name 't_list'; did you mean 'va_list'?
t_list *ft_lstlast(t_list *lst)
^~~~~~
va_list
/usr/include/stdio.h:52:24: note: 'va_list' declared here
typedef __gnuc_va_list va_list;
                       ^
/mnt/nfs/homes/casomarr/Documents/test hors git/libft_25_11/warmachine/dirlibft//ft_lstlast.c:3:20: error: unknown type name 't_list'; did you mean 'va_list'?
t_list *ft_lstlast(t_list *lst)
                   ^~~~~~
                   va_list
/usr/include/stdio.h:52:24: note: 'va_list' declared here
typedef __gnuc_va_list va_list;
                       ^
/mnt/nfs/homes/casomarr/Documents/test hors git/libft_25_11/warmachine/dirlibft//ft_lstlast.c:6:25: error: expected ';' after return statement
            return(NULL)
                        ^
                        ;
3 errors generated.
/mnt/nfs/homes/casomarr/Documents/test hors git/libft_25_11/warmachine/tests/Bonus_functions/ft_lstlast/main.c:18:1: error: unknown type name 't_list'; did you mean 'va_list'?
t_list  *ft_lstnewone(void *content)
^~~~~~
va_list
/usr/include/stdio.h:52:24: note: 'va_list' declared here
typedef __gnuc_va_list va_list;
                       ^
/mnt/nfs/homes/casomarr/Documents/test hors git/libft_25_11/warmachine/tests/Bonus_functions/ft_lstlast/main.c:20:2: error: unknown type name 't_list'; did you mean 'va_list'?
        t_list  *elem;
        ^~~~~~
        va_list
/usr/include/stdio.h:52:24: note: 'va_list' declared here
typedef __gnuc_va_list va_list;
                       ^
/mnt/nfs/homes/casomarr/Documents/test hors git/libft_25_11/warmachine/tests/Bonus_functions/ft_lstlast/main.c:22:18: error: expected expression
        elem = (t_list *)malloc(sizeof(t_list));
                        ^
/mnt/nfs/homes/casomarr/Documents/test hors git/libft_25_11/warmachine/tests/Bonus_functions/ft_lstlast/main.c:22:10: error: use of undeclared identifier 't_list'
        elem = (t_list *)malloc(sizeof(t_list));
                ^
/mnt/nfs/homes/casomarr/Documents/test hors git/libft_25_11/warmachine/tests/Bonus_functions/ft_lstlast/main.c:26:7: error: member reference base type 'va_list' (aka '__builtin_va_list') is not a structure or union
                elem->content = NULL;
                ~~~~^ ~~~~~~~
/mnt/nfs/homes/casomarr/Documents/test hors git/libft_25_11/warmachine/tests/Bonus_functions/ft_lstlast/main.c:28:7: error: member reference base type 'va_list' (aka '__builtin_va_list') is not a structure or union
                elem->content = content;
                ~~~~^ ~~~~~~~
/mnt/nfs/homes/casomarr/Documents/test hors git/libft_25_11/warmachine/tests/Bonus_functions/ft_lstlast/main.c:29:6: error: member reference base type 'va_list' (aka '__builtin_va_list') is not a structure or union
        elem->next = NULL;
        ~~~~^ ~~~~
/mnt/nfs/homes/casomarr/Documents/test hors git/libft_25_11/warmachine/tests/Bonus_functions/ft_lstlast/main.c:37:2: error: unknown type name 't_list'; did you mean 'va_list'?
        t_list          *val;
        ^~~~~~
        va_list
/usr/include/stdio.h:52:24: note: 'va_list' declared here
typedef __gnuc_va_list va_list;
                       ^
/mnt/nfs/homes/casomarr/Documents/test hors git/libft_25_11/warmachine/tests/Bonus_functions/ft_lstlast/main.c:38:2: error: unknown type name 't_list'; did you mean 'va_list'?
        t_list          *elem;
        ^~~~~~
        va_list
/usr/include/stdio.h:52:24: note: 'va_list' declared here
typedef __gnuc_va_list va_list;
                       ^
/mnt/nfs/homes/casomarr/Documents/test hors git/libft_25_11/warmachine/tests/Bonus_functions/ft_lstlast/main.c:39:2: error: unknown type name 't_list'; did you mean 'va_list'?
        t_list          *elem2;
        ^~~~~~
        va_list
/usr/include/stdio.h:52:24: note: 'va_list' declared here
typedef __gnuc_va_list va_list;
                       ^
/mnt/nfs/homes/casomarr/Documents/test hors git/libft_25_11/warmachine/tests/Bonus_functions/ft_lstlast/main.c:40:2: error: unknown type name 't_list'; did you mean 'va_list'?
        t_list          *elem3;
        ^~~~~~
        va_list
/usr/include/stdio.h:52:24: note: 'va_list' declared here
typedef __gnuc_va_list va_list;
                       ^
/mnt/nfs/homes/casomarr/Documents/test hors git/libft_25_11/warmachine/tests/Bonus_functions/ft_lstlast/main.c:41:2: error: unknown type name 't_list'; did you mean 'va_list'?
        t_list          *elem4;
        ^~~~~~
        va_list
/usr/include/stdio.h:52:24: note: 'va_list' declared here
typedef __gnuc_va_list va_list;
                       ^
/mnt/nfs/homes/casomarr/Documents/test hors git/libft_25_11/warmachine/tests/Bonus_functions/ft_lstlast/main.c:56:7: error: member reference base type 'va_list' (aka '__builtin_va_list') is not a structure or union
                elem->next = elem2;
                ~~~~^ ~~~~
/mnt/nfs/homes/casomarr/Documents/test hors git/libft_25_11/warmachine/tests/Bonus_functions/ft_lstlast/main.c:57:8: error: member reference base type 'va_list' (aka '__builtin_va_list') is not a structure or union
                elem2->next = elem3;
                ~~~~~^ ~~~~
/mnt/nfs/homes/casomarr/Documents/test hors git/libft_25_11/warmachine/tests/Bonus_functions/ft_lstlast/main.c:58:8: error: member reference base type 'va_list' (aka '__builtin_va_list') is not a structure or union
                elem3->next = elem4;
                ~~~~~^ ~~~~
/mnt/nfs/homes/casomarr/Documents/test hors git/libft_25_11/warmachine/tests/Bonus_functions/ft_lstlast/main.c:59:9: error: implicit declaration of function 'ft_lstlast' is invalid in C99 [-Werror,-Wimplicit-function-declaration]
                val = ft_lstlast(elem);
                      ^
/mnt/nfs/homes/casomarr/Documents/test hors git/libft_25_11/warmachine/tests/Bonus_functions/ft_lstlast/main.c:59:7: error: incompatible integer to pointer conversion assigning to 'va_list *' (aka '__builtin_va_list *') from 'int' [-Werror,-Wint-conversion]
                val = ft_lstlast(elem);
                    ^ ~~~~~~~~~~~~~~~~
/mnt/nfs/homes/casomarr/Documents/test hors git/libft_25_11/warmachine/tests/Bonus_functions/ft_lstlast/main.c:61:16: error: member reference base type 'va_list' (aka '__builtin_va_list') is not a structure or union
                content = val->content;
                          ~~~^ ~~~~~~~
/mnt/nfs/homes/casomarr/Documents/test hors git/libft_25_11/warmachine/tests/Bonus_functions/ft_lstlast/main.c:65:7: error: member reference base type 'va_list' (aka '__builtin_va_list') is not a structure or union
                elem->next = NULL;
                ~~~~^ ~~~~
fatal error: too many errors emitted, stopping now [-ferror-limit=]
20 errors generated.
